Validating found git in: git
Verwenden von Git 2.32.0 von git
> git rev-parse --git-dir
Open repository: /home/soeren/Programming/newsletter-website-backend
> git status -z -u
> git symbolic-ref --short HEAD
> git for-each-ref --format=%(refname)%00%(upstream:short)%00%(objectname)%00%(upstream:track) refs/heads/master refs/remotes/master
> git for-each-ref --sort -committerdate --format %(refname) %(objectname) %(*objectname)
> git remote --verbose
> git config --get commit.template
> git show --textconv :api/mongodb.py
> git ls-files --stage -- /home/soeren/Programming/newsletter-website-backend/api/mongodb.py
> git cat-file -s c11dfddeef003763e9152b8fe2fb63dde19ea108
> git check-ignore -v -z --stdin
> git show --textconv :api/mongodb.py
> git ls-files --stage -- /home/soeren/Programming/newsletter-website-backend/api/mongodb.py
> git cat-file -s c11dfddeef003763e9152b8fe2fb63dde19ea108
> git show --textconv :api/main.py
> git ls-files --stage -- /home/soeren/Programming/newsletter-website-backend/api/main.py
> git cat-file -s 9dd25e1e246233412f717f0a75b3c012afd199fc
> git show --textconv :api/main.py
> git ls-files --stage -- /home/soeren/Programming/newsletter-website-backend/api/main.py
> git cat-file -s 9dd25e1e246233412f717f0a75b3c012afd199fc
