User belongs to experiment group 'pythonJediLSP'
User belongs to experiment group 'jupyterTest'
User belongs to experiment group 'pythonDiscoveryModuleWithoutWatcher'
User belongs to experiment group 'pythonSurveyNotificationcf'
User belongs to experiment group 'jupyterEnhancedDataViewer'
User belongs to experiment group 'pythonDeprecatePythonPath'
User belongs to experiment group 'pythonSortEnvscf'
User belongs to experiment group 'NativeNotebookEditor'
Info 2021-07-21 19:04:22: ZMQ install verified.
Info 2021-07-21 19:04:22: Process Execution: > ~/Programming/newsletter-website-backend/.venv/bin/python -m pip list
> ~/Programming/newsletter-website-backend/.venv/bin/python -m pip list
Info 2021-07-21 20:17:10: Shutting down notebooks for 5bb0a3e3-81ce-4fe0-9a3c-09e870a1c192
Info 2021-07-21 20:17:10: Disposing HostJupyterExecution 3e61233b-8e06-445b-8395-2580fe6c2064
Info 2021-07-21 20:17:10: Disposing super HostJupyterExecution 3e61233b-8e06-445b-8395-2580fe6c2064
Info 2021-07-21 20:17:10: Disposing HostJupyterExecution 3e61233b-8e06-445b-8395-2580fe6c2064
Info 2021-07-21 20:17:10: Finished disposing HostJupyterExecution  3e61233b-8e06-445b-8395-2580fe6c2064
Info 2021-07-21 20:17:10: Disposing HostJupyterExecution 3e61233b-8e06-445b-8395-2580fe6c2064
Info 2021-07-21 20:17:10: Finished disposing HostJupyterExecution  3e61233b-8e06-445b-8395-2580fe6c2064
Info 2021-07-21 20:17:10: Getting live share API during dispose HostJupyterExecution 3e61233b-8e06-445b-8395-2580fe6c2064
Info 2021-07-21 20:17:10: Detaching HostJupyterExecution 3e61233b-8e06-445b-8395-2580fe6c2064
Info 2021-07-21 20:17:10: Cleaning up server cache 3e61233b-8e06-445b-8395-2580fe6c2064
Info 2021-07-21 20:17:11: Finished disposing HostJupyterExecution  3e61233b-8e06-445b-8395-2580fe6c2064
