Initialize language server at  file:///home/soeren/Programming/frontend_newsletter/my-svelte-project
No svelte.config.js found. Using https://github.com/sveltejs/svelte-preprocess as fallback
Using svelte-preprocess v4.7.4 from /home/soeren/.vscode/extensions/svelte.svelte-vscode-105.3.1/node_modules/svelte-preprocess
Initialize new ts service at  
Trying to load configs for 
No svelte.config.js found. Using https://github.com/sveltejs/svelte-preprocess as fallback
Using svelte-preprocess v4.7.4 from /home/soeren/.vscode/extensions/svelte.svelte-vscode-105.3.1/node_modules/svelte-preprocess
SnapshotManager File Statistics:
Project files: 0
Svelte files: 1
From node_modules: 0
Total: 1
No svelte.config.js found. Using https://github.com/sveltejs/svelte-preprocess as fallback
Using svelte-preprocess v4.7.4 from /home/soeren/.vscode/extensions/svelte.svelte-vscode-105.3.1/node_modules/svelte-preprocess
No svelte.config.js found. Using https://github.com/sveltejs/svelte-preprocess as fallback
Using svelte-preprocess v4.7.4 from /home/soeren/.vscode/extensions/svelte.svelte-vscode-105.3.1/node_modules/svelte-preprocess
No svelte.config.js found. Using https://github.com/sveltejs/svelte-preprocess as fallback
Using svelte-preprocess v4.7.4 from /home/soeren/.vscode/extensions/svelte.svelte-vscode-105.3.1/node_modules/svelte-preprocess
No svelte.config.js found. Using https://github.com/sveltejs/svelte-preprocess as fallback
Using svelte-preprocess v4.7.4 from /home/soeren/.vscode/extensions/svelte.svelte-vscode-105.3.1/node_modules/svelte-preprocess
No svelte.config.js found. Using https://github.com/sveltejs/svelte-preprocess as fallback
Using svelte-preprocess v4.7.4 from /home/soeren/.vscode/extensions/svelte.svelte-vscode-105.3.1/node_modules/svelte-preprocess
No svelte.config.js found. Using https://github.com/sveltejs/svelte-preprocess as fallback
Using svelte-preprocess v4.7.4 from /home/soeren/.vscode/extensions/svelte.svelte-vscode-105.3.1/node_modules/svelte-preprocess
No svelte.config.js found. Using https://github.com/sveltejs/svelte-preprocess as fallback
Using svelte-preprocess v4.7.4 from /home/soeren/.vscode/extensions/svelte.svelte-vscode-105.3.1/node_modules/svelte-preprocess
No svelte.config.js found. Using https://github.com/sveltejs/svelte-preprocess as fallback
Using svelte-preprocess v4.7.4 from /home/soeren/.vscode/extensions/svelte.svelte-vscode-105.3.1/node_modules/svelte-preprocess
No svelte.config.js found. Using https://github.com/sveltejs/svelte-preprocess as fallback
Using svelte-preprocess v4.7.4 from /home/soeren/.vscode/extensions/svelte.svelte-vscode-105.3.1/node_modules/svelte-preprocess
Using Svelte v3.38.2 from /home/soeren/Programming/frontend_newsletter/my-svelte-project/node_modules/svelte/compiler
Using Svelte v3.38.2 from /home/soeren/Programming/frontend_newsletter/my-svelte-project/node_modules/svelte/compiler
Using Svelte v3.38.2 from /home/soeren/Programming/frontend_newsletter/my-svelte-project/node_modules/svelte/compiler
[svelte-preprocess] 'global' attribute found, but 'postcss' is not installed. 'postcss' is used to walk through the CSS and transform any necessary selector.
Using Svelte v3.38.2 from /home/soeren/Programming/frontend_newsletter/my-svelte-project/node_modules/svelte/compiler
Using Svelte v3.38.2 from /home/soeren/Programming/frontend_newsletter/my-svelte-project/node_modules/svelte/compiler
[svelte-preprocess] 'global' attribute found, but 'postcss' is not installed. 'postcss' is used to walk through the CSS and transform any necessary selector.
Using Svelte v3.38.2 from /home/soeren/Programming/frontend_newsletter/my-svelte-project/node_modules/svelte/compiler
Using Prettier v2.3.0 from /home/soeren/.vscode/extensions/svelte.svelte-vscode-105.3.1/node_modules/prettier
SnapshotManager File Statistics:
Project files: 0
Svelte files: 27
From node_modules: 524
Total: 543
Using Svelte v3.38.2 from /home/soeren/Programming/frontend_newsletter/my-svelte-project/node_modules/svelte/compiler
[svelte-preprocess] 'global' attribute found, but 'postcss' is not installed. 'postcss' is used to walk through the CSS and transform any necessary selector.
Using Svelte v3.38.2 from /home/soeren/Programming/frontend_newsletter/my-svelte-project/node_modules/svelte/compiler
SnapshotManager File Statistics:
Project files: 0
Svelte files: 27
From node_modules: 524
Total: 543
Using Svelte v3.38.2 from /home/soeren/Programming/frontend_newsletter/my-svelte-project/node_modules/svelte/compiler
Using Svelte v3.38.2 from /home/soeren/Programming/frontend_newsletter/my-svelte-project/node_modules/svelte/compiler
Using Prettier v2.3.0 from /home/soeren/.vscode/extensions/svelte.svelte-vscode-105.3.1/node_modules/prettier
Using Svelte v3.38.2 from /home/soeren/Programming/frontend_newsletter/my-svelte-project/node_modules/svelte/compiler
Using Svelte v3.38.2 from /home/soeren/Programming/frontend_newsletter/my-svelte-project/node_modules/svelte/compiler
Using Svelte v3.38.2 from /home/soeren/Programming/frontend_newsletter/my-svelte-project/node_modules/svelte/compiler
Using Svelte v3.38.2 from /home/soeren/Programming/frontend_newsletter/my-svelte-project/node_modules/svelte/compiler
Using Svelte v3.38.2 from /home/soeren/Programming/frontend_newsletter/my-svelte-project/node_modules/svelte/compiler
Using Svelte v3.38.2 from /home/soeren/Programming/frontend_newsletter/my-svelte-project/node_modules/svelte/compiler
SnapshotManager File Statistics:
Project files: 0
Svelte files: 27
From node_modules: 524
Total: 543
Using Svelte v3.38.2 from /home/soeren/Programming/frontend_newsletter/my-svelte-project/node_modules/svelte/compiler
Using Svelte v3.38.2 from /home/soeren/Programming/frontend_newsletter/my-svelte-project/node_modules/svelte/compiler
Using Svelte v3.38.2 from /home/soeren/Programming/frontend_newsletter/my-svelte-project/node_modules/svelte/compiler
Using Svelte v3.38.2 from /home/soeren/Programming/frontend_newsletter/my-svelte-project/node_modules/svelte/compiler
Using Svelte v3.38.2 from /home/soeren/Programming/frontend_newsletter/my-svelte-project/node_modules/svelte/compiler
Using Svelte v3.38.2 from /home/soeren/Programming/frontend_newsletter/my-svelte-project/node_modules/svelte/compiler
Using Svelte v3.38.2 from /home/soeren/Programming/frontend_newsletter/my-svelte-project/node_modules/svelte/compiler
Using Svelte v3.38.2 from /home/soeren/Programming/frontend_newsletter/my-svelte-project/node_modules/svelte/compiler
Using Svelte v3.38.2 from /home/soeren/Programming/frontend_newsletter/my-svelte-project/node_modules/svelte/compiler
Using Svelte v3.38.2 from /home/soeren/Programming/frontend_newsletter/my-svelte-project/node_modules/svelte/compiler
Using Svelte v3.38.2 from /home/soeren/Programming/frontend_newsletter/my-svelte-project/node_modules/svelte/compiler
Using Svelte v3.38.2 from /home/soeren/Programming/frontend_newsletter/my-svelte-project/node_modules/svelte/compiler
Using Svelte v3.38.2 from /home/soeren/Programming/frontend_newsletter/my-svelte-project/node_modules/svelte/compiler
Using Svelte v3.38.2 from /home/soeren/Programming/frontend_newsletter/my-svelte-project/node_modules/svelte/compiler
Using Svelte v3.38.2 from /home/soeren/Programming/frontend_newsletter/my-svelte-project/node_modules/svelte/compiler
Using Svelte v3.38.2 from /home/soeren/Programming/frontend_newsletter/my-svelte-project/node_modules/svelte/compiler
SnapshotManager File Statistics:
Project files: 0
Svelte files: 27
From node_modules: 530
Total: 551
Using Svelte v3.38.2 from /home/soeren/Programming/frontend_newsletter/my-svelte-project/node_modules/svelte/compiler
Using Svelte v3.38.2 from /home/soeren/Programming/frontend_newsletter/my-svelte-project/node_modules/svelte/compiler
Using Svelte v3.38.2 from /home/soeren/Programming/frontend_newsletter/my-svelte-project/node_modules/svelte/compiler
Using Svelte v3.38.2 from /home/soeren/Programming/frontend_newsletter/my-svelte-project/node_modules/svelte/compiler
Using Svelte v3.38.2 from /home/soeren/Programming/frontend_newsletter/my-svelte-project/node_modules/svelte/compiler
Using Svelte v3.38.2 from /home/soeren/Programming/frontend_newsletter/my-svelte-project/node_modules/svelte/compiler
SnapshotManager File Statistics:
Project files: 0
Svelte files: 27
From node_modules: 530
Total: 551
Using Svelte v3.38.2 from /home/soeren/Programming/frontend_newsletter/my-svelte-project/node_modules/svelte/compiler
Using Svelte v3.38.2 from /home/soeren/Programming/frontend_newsletter/my-svelte-project/node_modules/svelte/compiler
Using Svelte v3.38.2 from /home/soeren/Programming/frontend_newsletter/my-svelte-project/node_modules/svelte/compiler
Using Svelte v3.38.2 from /home/soeren/Programming/frontend_newsletter/my-svelte-project/node_modules/svelte/compiler
Using Svelte v3.38.2 from /home/soeren/Programming/frontend_newsletter/my-svelte-project/node_modules/svelte/compiler
Using Svelte v3.38.2 from /home/soeren/Programming/frontend_newsletter/my-svelte-project/node_modules/svelte/compiler
Using Svelte v3.38.2 from /home/soeren/Programming/frontend_newsletter/my-svelte-project/node_modules/svelte/compiler
Using Svelte v3.38.2 from /home/soeren/Programming/frontend_newsletter/my-svelte-project/node_modules/svelte/compiler
Using Svelte v3.38.2 from /home/soeren/Programming/frontend_newsletter/my-svelte-project/node_modules/svelte/compiler
Using Svelte v3.38.2 from /home/soeren/Programming/frontend_newsletter/my-svelte-project/node_modules/svelte/compiler
Using Svelte v3.38.2 from /home/soeren/Programming/frontend_newsletter/my-svelte-project/node_modules/svelte/compiler
Using Svelte v3.38.2 from /home/soeren/Programming/frontend_newsletter/my-svelte-project/node_modules/svelte/compiler
Using Svelte v3.38.2 from /home/soeren/Programming/frontend_newsletter/my-svelte-project/node_modules/svelte/compiler
Using Svelte v3.38.2 from /home/soeren/Programming/frontend_newsletter/my-svelte-project/node_modules/svelte/compiler
Using Svelte v3.38.2 from /home/soeren/Programming/frontend_newsletter/my-svelte-project/node_modules/svelte/compiler
Using Svelte v3.38.2 from /home/soeren/Programming/frontend_newsletter/my-svelte-project/node_modules/svelte/compiler
Using Svelte v3.38.2 from /home/soeren/Programming/frontend_newsletter/my-svelte-project/node_modules/svelte/compiler
Using Svelte v3.38.2 from /home/soeren/Programming/frontend_newsletter/my-svelte-project/node_modules/svelte/compiler
Using Svelte v3.38.2 from /home/soeren/Programming/frontend_newsletter/my-svelte-project/node_modules/svelte/compiler
Using Svelte v3.38.2 from /home/soeren/Programming/frontend_newsletter/my-svelte-project/node_modules/svelte/compiler
Using Svelte v3.38.2 from /home/soeren/Programming/frontend_newsletter/my-svelte-project/node_modules/svelte/compiler
Using Svelte v3.38.2 from /home/soeren/Programming/frontend_newsletter/my-svelte-project/node_modules/svelte/compiler
SnapshotManager File Statistics:
Project files: 0
Svelte files: 27
From node_modules: 530
Total: 551
Using Svelte v3.38.2 from /home/soeren/Programming/frontend_newsletter/my-svelte-project/node_modules/svelte/compiler
Using Svelte v3.38.2 from /home/soeren/Programming/frontend_newsletter/my-svelte-project/node_modules/svelte/compiler
Using Svelte v3.38.2 from /home/soeren/Programming/frontend_newsletter/my-svelte-project/node_modules/svelte/compiler
Using Svelte v3.38.2 from /home/soeren/Programming/frontend_newsletter/my-svelte-project/node_modules/svelte/compiler
Using Prettier v2.3.0 from /home/soeren/.vscode/extensions/svelte.svelte-vscode-105.3.1/node_modules/prettier
SnapshotManager File Statistics:
Project files: 0
Svelte files: 27
From node_modules: 530
Total: 551
Using Svelte v3.38.2 from /home/soeren/Programming/frontend_newsletter/my-svelte-project/node_modules/svelte/compiler
Using Svelte v3.38.2 from /home/soeren/Programming/frontend_newsletter/my-svelte-project/node_modules/svelte/compiler
SnapshotManager File Statistics:
Project files: 0
Svelte files: 27
From node_modules: 530
Total: 551
Using Svelte v3.38.2 from /home/soeren/Programming/frontend_newsletter/my-svelte-project/node_modules/svelte/compiler
Using Svelte v3.38.2 from /home/soeren/Programming/frontend_newsletter/my-svelte-project/node_modules/svelte/compiler
Using Svelte v3.38.2 from /home/soeren/Programming/frontend_newsletter/my-svelte-project/node_modules/svelte/compiler
Using Svelte v3.38.2 from /home/soeren/Programming/frontend_newsletter/my-svelte-project/node_modules/svelte/compiler
Using Svelte v3.38.2 from /home/soeren/Programming/frontend_newsletter/my-svelte-project/node_modules/svelte/compiler
Using Svelte v3.38.2 from /home/soeren/Programming/frontend_newsletter/my-svelte-project/node_modules/svelte/compiler
Using Svelte v3.38.2 from /home/soeren/Programming/frontend_newsletter/my-svelte-project/node_modules/svelte/compiler
Using Svelte v3.38.2 from /home/soeren/Programming/frontend_newsletter/my-svelte-project/node_modules/svelte/compiler
Using Svelte v3.38.2 from /home/soeren/Programming/frontend_newsletter/my-svelte-project/node_modules/svelte/compiler
SnapshotManager File Statistics:
Project files: 0
Svelte files: 27
From node_modules: 530
Total: 551
Using Svelte v3.38.2 from /home/soeren/Programming/frontend_newsletter/my-svelte-project/node_modules/svelte/compiler
Using Svelte v3.38.2 from /home/soeren/Programming/frontend_newsletter/my-svelte-project/node_modules/svelte/compiler
Using Svelte v3.38.2 from /home/soeren/Programming/frontend_newsletter/my-svelte-project/node_modules/svelte/compiler
Using Svelte v3.38.2 from /home/soeren/Programming/frontend_newsletter/my-svelte-project/node_modules/svelte/compiler
Using Svelte v3.38.2 from /home/soeren/Programming/frontend_newsletter/my-svelte-project/node_modules/svelte/compiler
Using Svelte v3.38.2 from /home/soeren/Programming/frontend_newsletter/my-svelte-project/node_modules/svelte/compiler
Using Svelte v3.38.2 from /home/soeren/Programming/frontend_newsletter/my-svelte-project/node_modules/svelte/compiler
Using Svelte v3.38.2 from /home/soeren/Programming/frontend_newsletter/my-svelte-project/node_modules/svelte/compiler
Using Svelte v3.38.2 from /home/soeren/Programming/frontend_newsletter/my-svelte-project/node_modules/svelte/compiler
Using Svelte v3.38.2 from /home/soeren/Programming/frontend_newsletter/my-svelte-project/node_modules/svelte/compiler
Scanner.scan has not advanced at offset 477, state before: 10 after: 4
Scanner.scan has not advanced at offset 477, state before: 10 after: 4
Using Svelte v3.38.2 from /home/soeren/Programming/frontend_newsletter/my-svelte-project/node_modules/svelte/compiler
Using Svelte v3.38.2 from /home/soeren/Programming/frontend_newsletter/my-svelte-project/node_modules/svelte/compiler
Using Svelte v3.38.2 from /home/soeren/Programming/frontend_newsletter/my-svelte-project/node_modules/svelte/compiler
Using Svelte v3.38.2 from /home/soeren/Programming/frontend_newsletter/my-svelte-project/node_modules/svelte/compiler
Using Svelte v3.38.2 from /home/soeren/Programming/frontend_newsletter/my-svelte-project/node_modules/svelte/compiler
Using Svelte v3.38.2 from /home/soeren/Programming/frontend_newsletter/my-svelte-project/node_modules/svelte/compiler
Using Svelte v3.38.2 from /home/soeren/Programming/frontend_newsletter/my-svelte-project/node_modules/svelte/compiler
Using Svelte v3.38.2 from /home/soeren/Programming/frontend_newsletter/my-svelte-project/node_modules/svelte/compiler
Using Svelte v3.38.2 from /home/soeren/Programming/frontend_newsletter/my-svelte-project/node_modules/svelte/compiler
Using Svelte v3.38.2 from /home/soeren/Programming/frontend_newsletter/my-svelte-project/node_modules/svelte/compiler
Using Svelte v3.38.2 from /home/soeren/Programming/frontend_newsletter/my-svelte-project/node_modules/svelte/compiler
Using Svelte v3.38.2 from /home/soeren/Programming/frontend_newsletter/my-svelte-project/node_modules/svelte/compiler
Using Svelte v3.38.2 from /home/soeren/Programming/frontend_newsletter/my-svelte-project/node_modules/svelte/compiler
Using Svelte v3.38.2 from /home/soeren/Programming/frontend_newsletter/my-svelte-project/node_modules/svelte/compiler
Using Svelte v3.38.2 from /home/soeren/Programming/frontend_newsletter/my-svelte-project/node_modules/svelte/compiler
SnapshotManager File Statistics:
Project files: 0
Svelte files: 27
From node_modules: 530
Total: 551
Using Svelte v3.38.2 from /home/soeren/Programming/frontend_newsletter/my-svelte-project/node_modules/svelte/compiler
Using Svelte v3.38.2 from /home/soeren/Programming/frontend_newsletter/my-svelte-project/node_modules/svelte/compiler
Using Svelte v3.38.2 from /home/soeren/Programming/frontend_newsletter/my-svelte-project/node_modules/svelte/compiler
Using Svelte v3.38.2 from /home/soeren/Programming/frontend_newsletter/my-svelte-project/node_modules/svelte/compiler
Using Svelte v3.38.2 from /home/soeren/Programming/frontend_newsletter/my-svelte-project/node_modules/svelte/compiler
Using Svelte v3.38.2 from /home/soeren/Programming/frontend_newsletter/my-svelte-project/node_modules/svelte/compiler
Using Svelte v3.38.2 from /home/soeren/Programming/frontend_newsletter/my-svelte-project/node_modules/svelte/compiler
Using Svelte v3.38.2 from /home/soeren/Programming/frontend_newsletter/my-svelte-project/node_modules/svelte/compiler
Using Svelte v3.38.2 from /home/soeren/Programming/frontend_newsletter/my-svelte-project/node_modules/svelte/compiler
Using Svelte v3.38.2 from /home/soeren/Programming/frontend_newsletter/my-svelte-project/node_modules/svelte/compiler
Using Svelte v3.38.2 from /home/soeren/Programming/frontend_newsletter/my-svelte-project/node_modules/svelte/compiler
Using Svelte v3.38.2 from /home/soeren/Programming/frontend_newsletter/my-svelte-project/node_modules/svelte/compiler
Using Svelte v3.38.2 from /home/soeren/Programming/frontend_newsletter/my-svelte-project/node_modules/svelte/compiler
Using Svelte v3.38.2 from /home/soeren/Programming/frontend_newsletter/my-svelte-project/node_modules/svelte/compiler
Using Svelte v3.38.2 from /home/soeren/Programming/frontend_newsletter/my-svelte-project/node_modules/svelte/compiler
Using Svelte v3.38.2 from /home/soeren/Programming/frontend_newsletter/my-svelte-project/node_modules/svelte/compiler
Using Svelte v3.38.2 from /home/soeren/Programming/frontend_newsletter/my-svelte-project/node_modules/svelte/compiler
Using Svelte v3.38.2 from /home/soeren/Programming/frontend_newsletter/my-svelte-project/node_modules/svelte/compiler
Using Svelte v3.38.2 from /home/soeren/Programming/frontend_newsletter/my-svelte-project/node_modules/svelte/compiler
Using Svelte v3.38.2 from /home/soeren/Programming/frontend_newsletter/my-svelte-project/node_modules/svelte/compiler
Using Svelte v3.38.2 from /home/soeren/Programming/frontend_newsletter/my-svelte-project/node_modules/svelte/compiler
Using Svelte v3.38.2 from /home/soeren/Programming/frontend_newsletter/my-svelte-project/node_modules/svelte/compiler
Using Svelte v3.38.2 from /home/soeren/Programming/frontend_newsletter/my-svelte-project/node_modules/svelte/compiler
Using Svelte v3.38.2 from /home/soeren/Programming/frontend_newsletter/my-svelte-project/node_modules/svelte/compiler
SnapshotManager File Statistics:
Project files: 0
Svelte files: 27
From node_modules: 530
Total: 551
Using Svelte v3.38.2 from /home/soeren/Programming/frontend_newsletter/my-svelte-project/node_modules/svelte/compiler
Using Svelte v3.38.2 from /home/soeren/Programming/frontend_newsletter/my-svelte-project/node_modules/svelte/compiler
Using Svelte v3.38.2 from /home/soeren/Programming/frontend_newsletter/my-svelte-project/node_modules/svelte/compiler
Using Svelte v3.38.2 from /home/soeren/Programming/frontend_newsletter/my-svelte-project/node_modules/svelte/compiler
Using Svelte v3.38.2 from /home/soeren/Programming/frontend_newsletter/my-svelte-project/node_modules/svelte/compiler
Using Svelte v3.38.2 from /home/soeren/Programming/frontend_newsletter/my-svelte-project/node_modules/svelte/compiler
SnapshotManager File Statistics:
Project files: 0
Svelte files: 27
From node_modules: 530
Total: 551
Using Svelte v3.38.2 from /home/soeren/Programming/frontend_newsletter/my-svelte-project/node_modules/svelte/compiler
Using Svelte v3.38.2 from /home/soeren/Programming/frontend_newsletter/my-svelte-project/node_modules/svelte/compiler
Using Svelte v3.38.2 from /home/soeren/Programming/frontend_newsletter/my-svelte-project/node_modules/svelte/compiler
Using Svelte v3.38.2 from /home/soeren/Programming/frontend_newsletter/my-svelte-project/node_modules/svelte/compiler
Using Svelte v3.38.2 from /home/soeren/Programming/frontend_newsletter/my-svelte-project/node_modules/svelte/compiler
Using Svelte v3.38.2 from /home/soeren/Programming/frontend_newsletter/my-svelte-project/node_modules/svelte/compiler
Using Svelte v3.38.2 from /home/soeren/Programming/frontend_newsletter/my-svelte-project/node_modules/svelte/compiler
Using Svelte v3.38.2 from /home/soeren/Programming/frontend_newsletter/my-svelte-project/node_modules/svelte/compiler
Using Svelte v3.38.2 from /home/soeren/Programming/frontend_newsletter/my-svelte-project/node_modules/svelte/compiler
Using Svelte v3.38.2 from /home/soeren/Programming/frontend_newsletter/my-svelte-project/node_modules/svelte/compiler
Using Svelte v3.38.2 from /home/soeren/Programming/frontend_newsletter/my-svelte-project/node_modules/svelte/compiler
Using Svelte v3.38.2 from /home/soeren/Programming/frontend_newsletter/my-svelte-project/node_modules/svelte/compiler
Using Svelte v3.38.2 from /home/soeren/Programming/frontend_newsletter/my-svelte-project/node_modules/svelte/compiler
Using Svelte v3.38.2 from /home/soeren/Programming/frontend_newsletter/my-svelte-project/node_modules/svelte/compiler
Using Svelte v3.38.2 from /home/soeren/Programming/frontend_newsletter/my-svelte-project/node_modules/svelte/compiler
Using Svelte v3.38.2 from /home/soeren/Programming/frontend_newsletter/my-svelte-project/node_modules/svelte/compiler
Using Svelte v3.38.2 from /home/soeren/Programming/frontend_newsletter/my-svelte-project/node_modules/svelte/compiler
Using Svelte v3.38.2 from /home/soeren/Programming/frontend_newsletter/my-svelte-project/node_modules/svelte/compiler
Using Prettier v2.3.0 from /home/soeren/.vscode/extensions/svelte.svelte-vscode-105.3.1/node_modules/prettier
Using Svelte v3.38.2 from /home/soeren/Programming/frontend_newsletter/my-svelte-project/node_modules/svelte/compiler
Using Svelte v3.38.2 from /home/soeren/Programming/frontend_newsletter/my-svelte-project/node_modules/svelte/compiler
SnapshotManager File Statistics:
Project files: 0
Svelte files: 27
From node_modules: 530
Total: 551
Using Svelte v3.38.2 from /home/soeren/Programming/frontend_newsletter/my-svelte-project/node_modules/svelte/compiler
Using Svelte v3.38.2 from /home/soeren/Programming/frontend_newsletter/my-svelte-project/node_modules/svelte/compiler
SnapshotManager File Statistics:
Project files: 0
Svelte files: 27
From node_modules: 530
Total: 551
Using Svelte v3.38.2 from /home/soeren/Programming/frontend_newsletter/my-svelte-project/node_modules/svelte/compiler
Using Svelte v3.38.2 from /home/soeren/Programming/frontend_newsletter/my-svelte-project/node_modules/svelte/compiler
Using Svelte v3.38.2 from /home/soeren/Programming/frontend_newsletter/my-svelte-project/node_modules/svelte/compiler
Using Svelte v3.38.2 from /home/soeren/Programming/frontend_newsletter/my-svelte-project/node_modules/svelte/compiler
SnapshotManager File Statistics:
Project files: 0
Svelte files: 27
From node_modules: 530
Total: 551
Using Svelte v3.38.2 from /home/soeren/Programming/frontend_newsletter/my-svelte-project/node_modules/svelte/compiler
Using Svelte v3.38.2 from /home/soeren/Programming/frontend_newsletter/my-svelte-project/node_modules/svelte/compiler
SnapshotManager File Statistics:
Project files: 0
Svelte files: 27
From node_modules: 530
Total: 551
Using Svelte v3.38.2 from /home/soeren/Programming/frontend_newsletter/my-svelte-project/node_modules/svelte/compiler
Using Svelte v3.38.2 from /home/soeren/Programming/frontend_newsletter/my-svelte-project/node_modules/svelte/compiler
Using Svelte v3.38.2 from /home/soeren/Programming/frontend_newsletter/my-svelte-project/node_modules/svelte/compiler
Using Svelte v3.38.2 from /home/soeren/Programming/frontend_newsletter/my-svelte-project/node_modules/svelte/compiler
Using Svelte v3.38.2 from /home/soeren/Programming/frontend_newsletter/my-svelte-project/node_modules/svelte/compiler
Using Svelte v3.38.2 from /home/soeren/Programming/frontend_newsletter/my-svelte-project/node_modules/svelte/compiler
Using Svelte v3.38.2 from /home/soeren/Programming/frontend_newsletter/my-svelte-project/node_modules/svelte/compiler
Using Svelte v3.38.2 from /home/soeren/Programming/frontend_newsletter/my-svelte-project/node_modules/svelte/compiler
Using Svelte v3.38.2 from /home/soeren/Programming/frontend_newsletter/my-svelte-project/node_modules/svelte/compiler
Using Svelte v3.38.2 from /home/soeren/Programming/frontend_newsletter/my-svelte-project/node_modules/svelte/compiler
Using Svelte v3.38.2 from /home/soeren/Programming/frontend_newsletter/my-svelte-project/node_modules/svelte/compiler
Using Svelte v3.38.2 from /home/soeren/Programming/frontend_newsletter/my-svelte-project/node_modules/svelte/compiler
Using Svelte v3.38.2 from /home/soeren/Programming/frontend_newsletter/my-svelte-project/node_modules/svelte/compiler
Using Svelte v3.38.2 from /home/soeren/Programming/frontend_newsletter/my-svelte-project/node_modules/svelte/compiler
Using Svelte v3.38.2 from /home/soeren/Programming/frontend_newsletter/my-svelte-project/node_modules/svelte/compiler
Using Svelte v3.38.2 from /home/soeren/Programming/frontend_newsletter/my-svelte-project/node_modules/svelte/compiler
Using Svelte v3.38.2 from /home/soeren/Programming/frontend_newsletter/my-svelte-project/node_modules/svelte/compiler
Using Svelte v3.38.2 from /home/soeren/Programming/frontend_newsletter/my-svelte-project/node_modules/svelte/compiler
Using Svelte v3.38.2 from /home/soeren/Programming/frontend_newsletter/my-svelte-project/node_modules/svelte/compiler
Using Svelte v3.38.2 from /home/soeren/Programming/frontend_newsletter/my-svelte-project/node_modules/svelte/compiler
Using Svelte v3.38.2 from /home/soeren/Programming/frontend_newsletter/my-svelte-project/node_modules/svelte/compiler
Using Svelte v3.38.2 from /home/soeren/Programming/frontend_newsletter/my-svelte-project/node_modules/svelte/compiler
Using Svelte v3.38.2 from /home/soeren/Programming/frontend_newsletter/my-svelte-project/node_modules/svelte/compiler
Using Svelte v3.38.2 from /home/soeren/Programming/frontend_newsletter/my-svelte-project/node_modules/svelte/compiler
Using Svelte v3.38.2 from /home/soeren/Programming/frontend_newsletter/my-svelte-project/node_modules/svelte/compiler
Using Svelte v3.38.2 from /home/soeren/Programming/frontend_newsletter/my-svelte-project/node_modules/svelte/compiler
Using Svelte v3.38.2 from /home/soeren/Programming/frontend_newsletter/my-svelte-project/node_modules/svelte/compiler
Using Svelte v3.38.2 from /home/soeren/Programming/frontend_newsletter/my-svelte-project/node_modules/svelte/compiler
Using Svelte v3.38.2 from /home/soeren/Programming/frontend_newsletter/my-svelte-project/node_modules/svelte/compiler
Using Svelte v3.38.2 from /home/soeren/Programming/frontend_newsletter/my-svelte-project/node_modules/svelte/compiler
SnapshotManager File Statistics:
Project files: 0
Svelte files: 27
From node_modules: 530
Total: 551
Using Svelte v3.38.2 from /home/soeren/Programming/frontend_newsletter/my-svelte-project/node_modules/svelte/compiler
Using Svelte v3.38.2 from /home/soeren/Programming/frontend_newsletter/my-svelte-project/node_modules/svelte/compiler
Using Svelte v3.38.2 from /home/soeren/Programming/frontend_newsletter/my-svelte-project/node_modules/svelte/compiler
Using Svelte v3.38.2 from /home/soeren/Programming/frontend_newsletter/my-svelte-project/node_modules/svelte/compiler
Using Svelte v3.38.2 from /home/soeren/Programming/frontend_newsletter/my-svelte-project/node_modules/svelte/compiler
Using Svelte v3.38.2 from /home/soeren/Programming/frontend_newsletter/my-svelte-project/node_modules/svelte/compiler
SnapshotManager File Statistics:
Project files: 0
Svelte files: 27
From node_modules: 530
Total: 551
Using Svelte v3.38.2 from /home/soeren/Programming/frontend_newsletter/my-svelte-project/node_modules/svelte/compiler
Using Svelte v3.38.2 from /home/soeren/Programming/frontend_newsletter/my-svelte-project/node_modules/svelte/compiler
Using Svelte v3.38.2 from /home/soeren/Programming/frontend_newsletter/my-svelte-project/node_modules/svelte/compiler
Using Svelte v3.38.2 from /home/soeren/Programming/frontend_newsletter/my-svelte-project/node_modules/svelte/compiler
Using Prettier v2.3.0 from /home/soeren/.vscode/extensions/svelte.svelte-vscode-105.3.1/node_modules/prettier
SnapshotManager File Statistics:
Project files: 0
Svelte files: 27
From node_modules: 530
Total: 551
Using Svelte v3.38.2 from /home/soeren/Programming/frontend_newsletter/my-svelte-project/node_modules/svelte/compiler
Using Svelte v3.38.2 from /home/soeren/Programming/frontend_newsletter/my-svelte-project/node_modules/svelte/compiler
Using Svelte v3.38.2 from /home/soeren/Programming/frontend_newsletter/my-svelte-project/node_modules/svelte/compiler
Using Svelte v3.38.2 from /home/soeren/Programming/frontend_newsletter/my-svelte-project/node_modules/svelte/compiler
Using Svelte v3.38.2 from /home/soeren/Programming/frontend_newsletter/my-svelte-project/node_modules/svelte/compiler
Using Svelte v3.38.2 from /home/soeren/Programming/frontend_newsletter/my-svelte-project/node_modules/svelte/compiler
Using Svelte v3.38.2 from /home/soeren/Programming/frontend_newsletter/my-svelte-project/node_modules/svelte/compiler
Using Svelte v3.38.2 from /home/soeren/Programming/frontend_newsletter/my-svelte-project/node_modules/svelte/compiler
Using Svelte v3.38.2 from /home/soeren/Programming/frontend_newsletter/my-svelte-project/node_modules/svelte/compiler
SnapshotManager File Statistics:
Project files: 0
Svelte files: 27
From node_modules: 530
Total: 551
Using Svelte v3.38.2 from /home/soeren/Programming/frontend_newsletter/my-svelte-project/node_modules/svelte/compiler
Using Svelte v3.38.2 from /home/soeren/Programming/frontend_newsletter/my-svelte-project/node_modules/svelte/compiler
Using Svelte v3.38.2 from /home/soeren/Programming/frontend_newsletter/my-svelte-project/node_modules/svelte/compiler
Using Svelte v3.38.2 from /home/soeren/Programming/frontend_newsletter/my-svelte-project/node_modules/svelte/compiler
Using Svelte v3.38.2 from /home/soeren/Programming/frontend_newsletter/my-svelte-project/node_modules/svelte/compiler
Using Svelte v3.38.2 from /home/soeren/Programming/frontend_newsletter/my-svelte-project/node_modules/svelte/compiler
Using Svelte v3.38.2 from /home/soeren/Programming/frontend_newsletter/my-svelte-project/node_modules/svelte/compiler
Using Svelte v3.38.2 from /home/soeren/Programming/frontend_newsletter/my-svelte-project/node_modules/svelte/compiler
Using Prettier v2.3.0 from /home/soeren/.vscode/extensions/svelte.svelte-vscode-105.3.1/node_modules/prettier
Using Svelte v3.38.2 from /home/soeren/Programming/frontend_newsletter/my-svelte-project/node_modules/svelte/compiler
Using Svelte v3.38.2 from /home/soeren/Programming/frontend_newsletter/my-svelte-project/node_modules/svelte/compiler
Using Svelte v3.38.2 from /home/soeren/Programming/frontend_newsletter/my-svelte-project/node_modules/svelte/compiler
Using Svelte v3.38.2 from /home/soeren/Programming/frontend_newsletter/my-svelte-project/node_modules/svelte/compiler
Using Svelte v3.38.2 from /home/soeren/Programming/frontend_newsletter/my-svelte-project/node_modules/svelte/compiler
Using Svelte v3.38.2 from /home/soeren/Programming/frontend_newsletter/my-svelte-project/node_modules/svelte/compiler
Using Svelte v3.38.2 from /home/soeren/Programming/frontend_newsletter/my-svelte-project/node_modules/svelte/compiler
Using Svelte v3.38.2 from /home/soeren/Programming/frontend_newsletter/my-svelte-project/node_modules/svelte/compiler
Using Svelte v3.38.2 from /home/soeren/Programming/frontend_newsletter/my-svelte-project/node_modules/svelte/compiler
Using Svelte v3.38.2 from /home/soeren/Programming/frontend_newsletter/my-svelte-project/node_modules/svelte/compiler
SnapshotManager File Statistics:
Project files: 0
Svelte files: 27
From node_modules: 530
Total: 551
Using Svelte v3.38.2 from /home/soeren/Programming/frontend_newsletter/my-svelte-project/node_modules/svelte/compiler
Using Svelte v3.38.2 from /home/soeren/Programming/frontend_newsletter/my-svelte-project/node_modules/svelte/compiler
Using Svelte v3.38.2 from /home/soeren/Programming/frontend_newsletter/my-svelte-project/node_modules/svelte/compiler
Using Svelte v3.38.2 from /home/soeren/Programming/frontend_newsletter/my-svelte-project/node_modules/svelte/compiler
Using Svelte v3.38.2 from /home/soeren/Programming/frontend_newsletter/my-svelte-project/node_modules/svelte/compiler
Using Svelte v3.38.2 from /home/soeren/Programming/frontend_newsletter/my-svelte-project/node_modules/svelte/compiler
Using Svelte v3.38.2 from /home/soeren/Programming/frontend_newsletter/my-svelte-project/node_modules/svelte/compiler
Using Svelte v3.38.2 from /home/soeren/Programming/frontend_newsletter/my-svelte-project/node_modules/svelte/compiler
Using Svelte v3.38.2 from /home/soeren/Programming/frontend_newsletter/my-svelte-project/node_modules/svelte/compiler
Using Svelte v3.38.2 from /home/soeren/Programming/frontend_newsletter/my-svelte-project/node_modules/svelte/compiler
Using Svelte v3.38.2 from /home/soeren/Programming/frontend_newsletter/my-svelte-project/node_modules/svelte/compiler
Using Svelte v3.38.2 from /home/soeren/Programming/frontend_newsletter/my-svelte-project/node_modules/svelte/compiler
Using Svelte v3.38.2 from /home/soeren/Programming/frontend_newsletter/my-svelte-project/node_modules/svelte/compiler
Using Svelte v3.38.2 from /home/soeren/Programming/frontend_newsletter/my-svelte-project/node_modules/svelte/compiler
Using Svelte v3.38.2 from /home/soeren/Programming/frontend_newsletter/my-svelte-project/node_modules/svelte/compiler
Using Svelte v3.38.2 from /home/soeren/Programming/frontend_newsletter/my-svelte-project/node_modules/svelte/compiler
Using Svelte v3.38.2 from /home/soeren/Programming/frontend_newsletter/my-svelte-project/node_modules/svelte/compiler
Using Svelte v3.38.2 from /home/soeren/Programming/frontend_newsletter/my-svelte-project/node_modules/svelte/compiler
SnapshotManager File Statistics:
Project files: 0
Svelte files: 27
From node_modules: 530
Total: 551
Using Svelte v3.38.2 from /home/soeren/Programming/frontend_newsletter/my-svelte-project/node_modules/svelte/compiler
Using Svelte v3.38.2 from /home/soeren/Programming/frontend_newsletter/my-svelte-project/node_modules/svelte/compiler
CompileError [ParseError]: Unexpected token
    at error (/home/soeren/Programming/frontend_newsletter/my-svelte-project/node_modules/svelte/compiler.js:16752:20)
    at Parser$1.error (/home/soeren/Programming/frontend_newsletter/my-svelte-project/node_modules/svelte/compiler.js:16828:10)
    at Parser$1.acorn_error (/home/soeren/Programming/frontend_newsletter/my-svelte-project/node_modules/svelte/compiler.js:16822:15)
    at read_expression (/home/soeren/Programming/frontend_newsletter/my-svelte-project/node_modules/svelte/compiler.js:7460:17)
    at read_sequence (/home/soeren/Programming/frontend_newsletter/my-svelte-project/node_modules/svelte/compiler.js:16147:33)
    at read_attribute_value (/home/soeren/Programming/frontend_newsletter/my-svelte-project/node_modules/svelte/compiler.js:16117:20)
    at read_attribute (/home/soeren/Programming/frontend_newsletter/my-svelte-project/node_modules/svelte/compiler.js:16025:18)
    at tag (/home/soeren/Programming/frontend_newsletter/my-svelte-project/node_modules/svelte/compiler.js:15862:26)
    at new Parser$1 (/home/soeren/Programming/frontend_newsletter/my-svelte-project/node_modules/svelte/compiler.js:16787:22)
    at parse$3 (/home/soeren/Programming/frontend_newsletter/my-svelte-project/node_modules/svelte/compiler.js:16919:21) {
  code: 'parse-error',
  start: { line: 262, column: 26, character: 8096 },
  end: { line: 262, column: 26, character: 8096 },
  pos: 8096,
  filename: undefined,
  frame: '260:                 <Button\n' +
    '261:                   on:click={() => {\n' +
    '262:                     itemsi]\n' +
    '                               ^\n' +
    '263:                   }}\n' +
    '264:                   style="width: 31%;"'
}
Using Svelte v3.38.2 from /home/soeren/Programming/frontend_newsletter/my-svelte-project/node_modules/svelte/compiler
Using Svelte v3.38.2 from /home/soeren/Programming/frontend_newsletter/my-svelte-project/node_modules/svelte/compiler
CompileError [ParseError]: Unexpected token
    at error (/home/soeren/Programming/frontend_newsletter/my-svelte-project/node_modules/svelte/compiler.js:16752:20)
    at Parser$1.error (/home/soeren/Programming/frontend_newsletter/my-svelte-project/node_modules/svelte/compiler.js:16828:10)
    at Parser$1.acorn_error (/home/soeren/Programming/frontend_newsletter/my-svelte-project/node_modules/svelte/compiler.js:16822:15)
    at read_expression (/home/soeren/Programming/frontend_newsletter/my-svelte-project/node_modules/svelte/compiler.js:7460:17)
    at read_sequence (/home/soeren/Programming/frontend_newsletter/my-svelte-project/node_modules/svelte/compiler.js:16147:33)
    at read_attribute_value (/home/soeren/Programming/frontend_newsletter/my-svelte-project/node_modules/svelte/compiler.js:16117:20)
    at read_attribute (/home/soeren/Programming/frontend_newsletter/my-svelte-project/node_modules/svelte/compiler.js:16025:18)
    at tag (/home/soeren/Programming/frontend_newsletter/my-svelte-project/node_modules/svelte/compiler.js:15862:26)
    at new Parser$1 (/home/soeren/Programming/frontend_newsletter/my-svelte-project/node_modules/svelte/compiler.js:16787:22)
    at parse$3 (/home/soeren/Programming/frontend_newsletter/my-svelte-project/node_modules/svelte/compiler.js:16919:21) {
  code: 'parse-error',
  start: { line: 263, column: 18, character: 8115 },
  end: { line: 263, column: 18, character: 8115 },
  pos: 8115,
  filename: undefined,
  frame: '261:                   on:click={() => {\n' +
    '262:                     items.\n' +
    '263:                   }}\n' +
    '                       ^\n' +
    '264:                   style="width: 31%;"\n' +
    '265:                   kind="danger-tertiary"'
}
Using Svelte v3.38.2 from /home/soeren/Programming/frontend_newsletter/my-svelte-project/node_modules/svelte/compiler
Using Svelte v3.38.2 from /home/soeren/Programming/frontend_newsletter/my-svelte-project/node_modules/svelte/compiler
Using Svelte v3.38.2 from /home/soeren/Programming/frontend_newsletter/my-svelte-project/node_modules/svelte/compiler
Using Svelte v3.38.2 from /home/soeren/Programming/frontend_newsletter/my-svelte-project/node_modules/svelte/compiler
Using Svelte v3.38.2 from /home/soeren/Programming/frontend_newsletter/my-svelte-project/node_modules/svelte/compiler
Using Svelte v3.38.2 from /home/soeren/Programming/frontend_newsletter/my-svelte-project/node_modules/svelte/compiler
SnapshotManager File Statistics:
Project files: 0
Svelte files: 27
From node_modules: 530
Total: 551
Using Svelte v3.38.2 from /home/soeren/Programming/frontend_newsletter/my-svelte-project/node_modules/svelte/compiler
Using Svelte v3.38.2 from /home/soeren/Programming/frontend_newsletter/my-svelte-project/node_modules/svelte/compiler
Using Svelte v3.38.2 from /home/soeren/Programming/frontend_newsletter/my-svelte-project/node_modules/svelte/compiler
Using Svelte v3.38.2 from /home/soeren/Programming/frontend_newsletter/my-svelte-project/node_modules/svelte/compiler
Using Svelte v3.38.2 from /home/soeren/Programming/frontend_newsletter/my-svelte-project/node_modules/svelte/compiler
Using Svelte v3.38.2 from /home/soeren/Programming/frontend_newsletter/my-svelte-project/node_modules/svelte/compiler
Error: Debug Failure. Invalid cast. The supplied value [object Object] did not pass the test 'isDeclarationWithTypeParameterChildren'.
    at Object.cast (/home/soeren/.vscode/extensions/svelte.svelte-vscode-105.3.1/node_modules/typescript/lib/typescript.js:1694:25)
    at deleteTypeParameters (/home/soeren/.vscode/extensions/svelte.svelte-vscode-105.3.1/node_modules/typescript/lib/typescript.js:144894:65)
    at /home/soeren/.vscode/extensions/svelte.svelte-vscode-105.3.1/node_modules/typescript/lib/typescript.js:144765:100
    at Function.ChangeTracker.with (/home/soeren/.vscode/extensions/svelte.svelte-vscode-105.3.1/node_modules/typescript/lib/typescript.js:138836:17)
    at Object.getCodeActions (/home/soeren/.vscode/extensions/svelte.svelte-vscode-105.3.1/node_modules/typescript/lib/typescript.js:144765:68)
    at /home/soeren/.vscode/extensions/svelte.svelte-vscode-105.3.1/node_modules/typescript/lib/typescript.js:140021:77
    at Object.flatMap (/home/soeren/.vscode/extensions/svelte.svelte-vscode-105.3.1/node_modules/typescript/lib/typescript.js:709:25)
    at Object.getFixes (/home/soeren/.vscode/extensions/svelte.svelte-vscode-105.3.1/node_modules/typescript/lib/typescript.js:140021:23)
    at /home/soeren/.vscode/extensions/svelte.svelte-vscode-105.3.1/node_modules/typescript/lib/typescript.js:154248:35
    at Object.flatMap (/home/soeren/.vscode/extensions/svelte.svelte-vscode-105.3.1/node_modules/typescript/lib/typescript.js:709:25)
Using Svelte v3.38.2 from /home/soeren/Programming/frontend_newsletter/my-svelte-project/node_modules/svelte/compiler
Using Svelte v3.38.2 from /home/soeren/Programming/frontend_newsletter/my-svelte-project/node_modules/svelte/compiler
Using Svelte v3.38.2 from /home/soeren/Programming/frontend_newsletter/my-svelte-project/node_modules/svelte/compiler
Using Svelte v3.38.2 from /home/soeren/Programming/frontend_newsletter/my-svelte-project/node_modules/svelte/compiler
Using Svelte v3.38.2 from /home/soeren/Programming/frontend_newsletter/my-svelte-project/node_modules/svelte/compiler
Using Svelte v3.38.2 from /home/soeren/Programming/frontend_newsletter/my-svelte-project/node_modules/svelte/compiler
Using Svelte v3.38.2 from /home/soeren/Programming/frontend_newsletter/my-svelte-project/node_modules/svelte/compiler
Using Svelte v3.38.2 from /home/soeren/Programming/frontend_newsletter/my-svelte-project/node_modules/svelte/compiler
Using Svelte v3.38.2 from /home/soeren/Programming/frontend_newsletter/my-svelte-project/node_modules/svelte/compiler
Using Svelte v3.38.2 from /home/soeren/Programming/frontend_newsletter/my-svelte-project/node_modules/svelte/compiler
Using Svelte v3.38.2 from /home/soeren/Programming/frontend_newsletter/my-svelte-project/node_modules/svelte/compiler
Using Svelte v3.38.2 from /home/soeren/Programming/frontend_newsletter/my-svelte-project/node_modules/svelte/compiler
Using Svelte v3.38.2 from /home/soeren/Programming/frontend_newsletter/my-svelte-project/node_modules/svelte/compiler
Using Svelte v3.38.2 from /home/soeren/Programming/frontend_newsletter/my-svelte-project/node_modules/svelte/compiler
Using Svelte v3.38.2 from /home/soeren/Programming/frontend_newsletter/my-svelte-project/node_modules/svelte/compiler
Using Svelte v3.38.2 from /home/soeren/Programming/frontend_newsletter/my-svelte-project/node_modules/svelte/compiler
Using Svelte v3.38.2 from /home/soeren/Programming/frontend_newsletter/my-svelte-project/node_modules/svelte/compiler
Using Svelte v3.38.2 from /home/soeren/Programming/frontend_newsletter/my-svelte-project/node_modules/svelte/compiler
Using Svelte v3.38.2 from /home/soeren/Programming/frontend_newsletter/my-svelte-project/node_modules/svelte/compiler
Using Svelte v3.38.2 from /home/soeren/Programming/frontend_newsletter/my-svelte-project/node_modules/svelte/compiler
Using Svelte v3.38.2 from /home/soeren/Programming/frontend_newsletter/my-svelte-project/node_modules/svelte/compiler
SnapshotManager File Statistics:
Project files: 0
Svelte files: 27
From node_modules: 530
Total: 551
Using Svelte v3.38.2 from /home/soeren/Programming/frontend_newsletter/my-svelte-project/node_modules/svelte/compiler
Using Svelte v3.38.2 from /home/soeren/Programming/frontend_newsletter/my-svelte-project/node_modules/svelte/compiler
Using Svelte v3.38.2 from /home/soeren/Programming/frontend_newsletter/my-svelte-project/node_modules/svelte/compiler
Using Svelte v3.38.2 from /home/soeren/Programming/frontend_newsletter/my-svelte-project/node_modules/svelte/compiler
Using Prettier v2.3.0 from /home/soeren/.vscode/extensions/svelte.svelte-vscode-105.3.1/node_modules/prettier
Using Svelte v3.38.2 from /home/soeren/Programming/frontend_newsletter/my-svelte-project/node_modules/svelte/compiler
Using Svelte v3.38.2 from /home/soeren/Programming/frontend_newsletter/my-svelte-project/node_modules/svelte/compiler
Using Svelte v3.38.2 from /home/soeren/Programming/frontend_newsletter/my-svelte-project/node_modules/svelte/compiler
Using Svelte v3.38.2 from /home/soeren/Programming/frontend_newsletter/my-svelte-project/node_modules/svelte/compiler
SnapshotManager File Statistics:
Project files: 0
Svelte files: 27
From node_modules: 530
Total: 551
Using Svelte v3.38.2 from /home/soeren/Programming/frontend_newsletter/my-svelte-project/node_modules/svelte/compiler
Using Svelte v3.38.2 from /home/soeren/Programming/frontend_newsletter/my-svelte-project/node_modules/svelte/compiler
Using Svelte v3.38.2 from /home/soeren/Programming/frontend_newsletter/my-svelte-project/node_modules/svelte/compiler
Using Svelte v3.38.2 from /home/soeren/Programming/frontend_newsletter/my-svelte-project/node_modules/svelte/compiler
Using Prettier v2.3.0 from /home/soeren/.vscode/extensions/svelte.svelte-vscode-105.3.1/node_modules/prettier
Using Svelte v3.38.2 from /home/soeren/Programming/frontend_newsletter/my-svelte-project/node_modules/svelte/compiler
Using Svelte v3.38.2 from /home/soeren/Programming/frontend_newsletter/my-svelte-project/node_modules/svelte/compiler
Using Svelte v3.38.2 from /home/soeren/Programming/frontend_newsletter/my-svelte-project/node_modules/svelte/compiler
Using Svelte v3.38.2 from /home/soeren/Programming/frontend_newsletter/my-svelte-project/node_modules/svelte/compiler
Using Svelte v3.38.2 from /home/soeren/Programming/frontend_newsletter/my-svelte-project/node_modules/svelte/compiler
Using Svelte v3.38.2 from /home/soeren/Programming/frontend_newsletter/my-svelte-project/node_modules/svelte/compiler
Using Prettier v2.3.0 from /home/soeren/.vscode/extensions/svelte.svelte-vscode-105.3.1/node_modules/prettier
Using Svelte v3.38.2 from /home/soeren/Programming/frontend_newsletter/my-svelte-project/node_modules/svelte/compiler
Using Svelte v3.38.2 from /home/soeren/Programming/frontend_newsletter/my-svelte-project/node_modules/svelte/compiler
Using Svelte v3.38.2 from /home/soeren/Programming/frontend_newsletter/my-svelte-project/node_modules/svelte/compiler
Using Svelte v3.38.2 from /home/soeren/Programming/frontend_newsletter/my-svelte-project/node_modules/svelte/compiler
SnapshotManager File Statistics:
Project files: 0
Svelte files: 27
From node_modules: 530
Total: 551
Using Svelte v3.38.2 from /home/soeren/Programming/frontend_newsletter/my-svelte-project/node_modules/svelte/compiler
Using Svelte v3.38.2 from /home/soeren/Programming/frontend_newsletter/my-svelte-project/node_modules/svelte/compiler
Using Svelte v3.38.2 from /home/soeren/Programming/frontend_newsletter/my-svelte-project/node_modules/svelte/compiler
Using Svelte v3.38.2 from /home/soeren/Programming/frontend_newsletter/my-svelte-project/node_modules/svelte/compiler
Using Svelte v3.38.2 from /home/soeren/Programming/frontend_newsletter/my-svelte-project/node_modules/svelte/compiler
Using Svelte v3.38.2 from /home/soeren/Programming/frontend_newsletter/my-svelte-project/node_modules/svelte/compiler
Using Svelte v3.38.2 from /home/soeren/Programming/frontend_newsletter/my-svelte-project/node_modules/svelte/compiler
Using Svelte v3.38.2 from /home/soeren/Programming/frontend_newsletter/my-svelte-project/node_modules/svelte/compiler
Using Svelte v3.38.2 from /home/soeren/Programming/frontend_newsletter/my-svelte-project/node_modules/svelte/compiler
Using Svelte v3.38.2 from /home/soeren/Programming/frontend_newsletter/my-svelte-project/node_modules/svelte/compiler
SnapshotManager File Statistics:
Project files: 0
Svelte files: 27
From node_modules: 530
Total: 551
Using Svelte v3.38.2 from /home/soeren/Programming/frontend_newsletter/my-svelte-project/node_modules/svelte/compiler
Using Svelte v3.38.2 from /home/soeren/Programming/frontend_newsletter/my-svelte-project/node_modules/svelte/compiler
SnapshotManager File Statistics:
Project files: 0
Svelte files: 27
From node_modules: 530
Total: 551
Using Svelte v3.38.2 from /home/soeren/Programming/frontend_newsletter/my-svelte-project/node_modules/svelte/compiler
[svelte-preprocess] 'global' attribute found, but 'postcss' is not installed. 'postcss' is used to walk through the CSS and transform any necessary selector.
Using Svelte v3.38.2 from /home/soeren/Programming/frontend_newsletter/my-svelte-project/node_modules/svelte/compiler
Using Svelte v3.38.2 from /home/soeren/Programming/frontend_newsletter/my-svelte-project/node_modules/svelte/compiler
[svelte-preprocess] 'global' attribute found, but 'postcss' is not installed. 'postcss' is used to walk through the CSS and transform any necessary selector.
Using Svelte v3.38.2 from /home/soeren/Programming/frontend_newsletter/my-svelte-project/node_modules/svelte/compiler
SnapshotManager File Statistics:
Project files: 0
Svelte files: 27
From node_modules: 530
Total: 551
Using Svelte v3.38.2 from /home/soeren/Programming/frontend_newsletter/my-svelte-project/node_modules/svelte/compiler
Using Svelte v3.38.2 from /home/soeren/Programming/frontend_newsletter/my-svelte-project/node_modules/svelte/compiler
Using Svelte v3.38.2 from /home/soeren/Programming/frontend_newsletter/my-svelte-project/node_modules/svelte/compiler
[svelte-preprocess] 'global' attribute found, but 'postcss' is not installed. 'postcss' is used to walk through the CSS and transform any necessary selector.
Using Svelte v3.38.2 from /home/soeren/Programming/frontend_newsletter/my-svelte-project/node_modules/svelte/compiler
SnapshotManager File Statistics:
Project files: 0
Svelte files: 27
From node_modules: 530
Total: 551
Using Svelte v3.38.2 from /home/soeren/Programming/frontend_newsletter/my-svelte-project/node_modules/svelte/compiler
Using Svelte v3.38.2 from /home/soeren/Programming/frontend_newsletter/my-svelte-project/node_modules/svelte/compiler
Using Svelte v3.38.2 from /home/soeren/Programming/frontend_newsletter/my-svelte-project/node_modules/svelte/compiler
Using Svelte v3.38.2 from /home/soeren/Programming/frontend_newsletter/my-svelte-project/node_modules/svelte/compiler
Error: Debug Failure. Invalid cast. The supplied value [object Object] did not pass the test 'isDeclarationWithTypeParameterChildren'.
    at Object.cast (/home/soeren/.vscode/extensions/svelte.svelte-vscode-105.3.1/node_modules/typescript/lib/typescript.js:1694:25)
    at deleteTypeParameters (/home/soeren/.vscode/extensions/svelte.svelte-vscode-105.3.1/node_modules/typescript/lib/typescript.js:144894:65)
    at /home/soeren/.vscode/extensions/svelte.svelte-vscode-105.3.1/node_modules/typescript/lib/typescript.js:144765:100
    at Function.ChangeTracker.with (/home/soeren/.vscode/extensions/svelte.svelte-vscode-105.3.1/node_modules/typescript/lib/typescript.js:138836:17)
    at Object.getCodeActions (/home/soeren/.vscode/extensions/svelte.svelte-vscode-105.3.1/node_modules/typescript/lib/typescript.js:144765:68)
    at /home/soeren/.vscode/extensions/svelte.svelte-vscode-105.3.1/node_modules/typescript/lib/typescript.js:140021:77
    at Object.flatMap (/home/soeren/.vscode/extensions/svelte.svelte-vscode-105.3.1/node_modules/typescript/lib/typescript.js:709:25)
    at Object.getFixes (/home/soeren/.vscode/extensions/svelte.svelte-vscode-105.3.1/node_modules/typescript/lib/typescript.js:140021:23)
    at /home/soeren/.vscode/extensions/svelte.svelte-vscode-105.3.1/node_modules/typescript/lib/typescript.js:154248:35
    at Object.flatMap (/home/soeren/.vscode/extensions/svelte.svelte-vscode-105.3.1/node_modules/typescript/lib/typescript.js:709:25)
Using Svelte v3.38.2 from /home/soeren/Programming/frontend_newsletter/my-svelte-project/node_modules/svelte/compiler
Using Svelte v3.38.2 from /home/soeren/Programming/frontend_newsletter/my-svelte-project/node_modules/svelte/compiler
SnapshotManager File Statistics:
Project files: 0
Svelte files: 27
From node_modules: 530
Total: 551
Using Svelte v3.38.2 from /home/soeren/Programming/frontend_newsletter/my-svelte-project/node_modules/svelte/compiler
Using Svelte v3.38.2 from /home/soeren/Programming/frontend_newsletter/my-svelte-project/node_modules/svelte/compiler
Using Svelte v3.38.2 from /home/soeren/Programming/frontend_newsletter/my-svelte-project/node_modules/svelte/compiler
Using Svelte v3.38.2 from /home/soeren/Programming/frontend_newsletter/my-svelte-project/node_modules/svelte/compiler
Using Svelte v3.38.2 from /home/soeren/Programming/frontend_newsletter/my-svelte-project/node_modules/svelte/compiler
Using Svelte v3.38.2 from /home/soeren/Programming/frontend_newsletter/my-svelte-project/node_modules/svelte/compiler
Using Svelte v3.38.2 from /home/soeren/Programming/frontend_newsletter/my-svelte-project/node_modules/svelte/compiler
Using Svelte v3.38.2 from /home/soeren/Programming/frontend_newsletter/my-svelte-project/node_modules/svelte/compiler
Using Svelte v3.38.2 from /home/soeren/Programming/frontend_newsletter/my-svelte-project/node_modules/svelte/compiler
[svelte-preprocess] 'global' attribute found, but 'postcss' is not installed. 'postcss' is used to walk through the CSS and transform any necessary selector.
Using Svelte v3.38.2 from /home/soeren/Programming/frontend_newsletter/my-svelte-project/node_modules/svelte/compiler
SnapshotManager File Statistics:
Project files: 0
Svelte files: 27
From node_modules: 530
Total: 551
Using Svelte v3.38.2 from /home/soeren/Programming/frontend_newsletter/my-svelte-project/node_modules/svelte/compiler
[svelte-preprocess] 'global' attribute found, but 'postcss' is not installed. 'postcss' is used to walk through the CSS and transform any necessary selector.
Using Svelte v3.38.2 from /home/soeren/Programming/frontend_newsletter/my-svelte-project/node_modules/svelte/compiler
Using Svelte v3.38.2 from /home/soeren/Programming/frontend_newsletter/my-svelte-project/node_modules/svelte/compiler
Using Svelte v3.38.2 from /home/soeren/Programming/frontend_newsletter/my-svelte-project/node_modules/svelte/compiler
[svelte-preprocess] 'global' attribute found, but 'postcss' is not installed. 'postcss' is used to walk through the CSS and transform any necessary selector.
Using Svelte v3.38.2 from /home/soeren/Programming/frontend_newsletter/my-svelte-project/node_modules/svelte/compiler
Using Svelte v3.38.2 from /home/soeren/Programming/frontend_newsletter/my-svelte-project/node_modules/svelte/compiler
Using Svelte v3.38.2 from /home/soeren/Programming/frontend_newsletter/my-svelte-project/node_modules/svelte/compiler
[svelte-preprocess] 'global' attribute found, but 'postcss' is not installed. 'postcss' is used to walk through the CSS and transform any necessary selector.
Using Svelte v3.38.2 from /home/soeren/Programming/frontend_newsletter/my-svelte-project/node_modules/svelte/compiler
Using Svelte v3.38.2 from /home/soeren/Programming/frontend_newsletter/my-svelte-project/node_modules/svelte/compiler
[svelte-preprocess] 'global' attribute found, but 'postcss' is not installed. 'postcss' is used to walk through the CSS and transform any necessary selector.
Using Svelte v3.38.2 from /home/soeren/Programming/frontend_newsletter/my-svelte-project/node_modules/svelte/compiler
Using Svelte v3.38.2 from /home/soeren/Programming/frontend_newsletter/my-svelte-project/node_modules/svelte/compiler
Using Svelte v3.38.2 from /home/soeren/Programming/frontend_newsletter/my-svelte-project/node_modules/svelte/compiler
Using Svelte v3.38.2 from /home/soeren/Programming/frontend_newsletter/my-svelte-project/node_modules/svelte/compiler
[svelte-preprocess] 'global' attribute found, but 'postcss' is not installed. 'postcss' is used to walk through the CSS and transform any necessary selector.
Using Svelte v3.38.2 from /home/soeren/Programming/frontend_newsletter/my-svelte-project/node_modules/svelte/compiler
Using Svelte v3.38.2 from /home/soeren/Programming/frontend_newsletter/my-svelte-project/node_modules/svelte/compiler
Using Svelte v3.38.2 from /home/soeren/Programming/frontend_newsletter/my-svelte-project/node_modules/svelte/compiler
[svelte-preprocess] 'global' attribute found, but 'postcss' is not installed. 'postcss' is used to walk through the CSS and transform any necessary selector.
Using Svelte v3.38.2 from /home/soeren/Programming/frontend_newsletter/my-svelte-project/node_modules/svelte/compiler
Using Svelte v3.38.2 from /home/soeren/Programming/frontend_newsletter/my-svelte-project/node_modules/svelte/compiler
[svelte-preprocess] 'global' attribute found, but 'postcss' is not installed. 'postcss' is used to walk through the CSS and transform any necessary selector.
Using Svelte v3.38.2 from /home/soeren/Programming/frontend_newsletter/my-svelte-project/node_modules/svelte/compiler
Using Svelte v3.38.2 from /home/soeren/Programming/frontend_newsletter/my-svelte-project/node_modules/svelte/compiler
Using Svelte v3.38.2 from /home/soeren/Programming/frontend_newsletter/my-svelte-project/node_modules/svelte/compiler
SnapshotManager File Statistics:
Project files: 0
Svelte files: 27
From node_modules: 530
Total: 551
Using Svelte v3.38.2 from /home/soeren/Programming/frontend_newsletter/my-svelte-project/node_modules/svelte/compiler
[svelte-preprocess] 'global' attribute found, but 'postcss' is not installed. 'postcss' is used to walk through the CSS and transform any necessary selector.
Using Svelte v3.38.2 from /home/soeren/Programming/frontend_newsletter/my-svelte-project/node_modules/svelte/compiler
SnapshotManager File Statistics:
Project files: 0
Svelte files: 27
From node_modules: 530
Total: 551
Using Svelte v3.38.2 from /home/soeren/Programming/frontend_newsletter/my-svelte-project/node_modules/svelte/compiler
[svelte-preprocess] 'global' attribute found, but 'postcss' is not installed. 'postcss' is used to walk through the CSS and transform any necessary selector.
Using Svelte v3.38.2 from /home/soeren/Programming/frontend_newsletter/my-svelte-project/node_modules/svelte/compiler
Using Svelte v3.38.2 from /home/soeren/Programming/frontend_newsletter/my-svelte-project/node_modules/svelte/compiler
Using Svelte v3.38.2 from /home/soeren/Programming/frontend_newsletter/my-svelte-project/node_modules/svelte/compiler
Using Svelte v3.38.2 from /home/soeren/Programming/frontend_newsletter/my-svelte-project/node_modules/svelte/compiler
Using Svelte v3.38.2 from /home/soeren/Programming/frontend_newsletter/my-svelte-project/node_modules/svelte/compiler
[svelte-preprocess] 'global' attribute found, but 'postcss' is not installed. 'postcss' is used to walk through the CSS and transform any necessary selector.
Using Svelte v3.38.2 from /home/soeren/Programming/frontend_newsletter/my-svelte-project/node_modules/svelte/compiler
Using Svelte v3.38.2 from /home/soeren/Programming/frontend_newsletter/my-svelte-project/node_modules/svelte/compiler
Using Svelte v3.38.2 from /home/soeren/Programming/frontend_newsletter/my-svelte-project/node_modules/svelte/compiler
[svelte-preprocess] 'global' attribute found, but 'postcss' is not installed. 'postcss' is used to walk through the CSS and transform any necessary selector.
Using Svelte v3.38.2 from /home/soeren/Programming/frontend_newsletter/my-svelte-project/node_modules/svelte/compiler
Using Svelte v3.38.2 from /home/soeren/Programming/frontend_newsletter/my-svelte-project/node_modules/svelte/compiler
[svelte-preprocess] 'global' attribute found, but 'postcss' is not installed. 'postcss' is used to walk through the CSS and transform any necessary selector.
Using Svelte v3.38.2 from /home/soeren/Programming/frontend_newsletter/my-svelte-project/node_modules/svelte/compiler
Using Prettier v2.3.0 from /home/soeren/.vscode/extensions/svelte.svelte-vscode-105.3.1/node_modules/prettier
Using Svelte v3.38.2 from /home/soeren/Programming/frontend_newsletter/my-svelte-project/node_modules/svelte/compiler
[svelte-preprocess] 'global' attribute found, but 'postcss' is not installed. 'postcss' is used to walk through the CSS and transform any necessary selector.
Using Svelte v3.38.2 from /home/soeren/Programming/frontend_newsletter/my-svelte-project/node_modules/svelte/compiler
SnapshotManager File Statistics:
Project files: 0
Svelte files: 27
From node_modules: 530
Total: 551
Using Svelte v3.38.2 from /home/soeren/Programming/frontend_newsletter/my-svelte-project/node_modules/svelte/compiler
[svelte-preprocess] 'global' attribute found, but 'postcss' is not installed. 'postcss' is used to walk through the CSS and transform any necessary selector.
Using Svelte v3.38.2 from /home/soeren/Programming/frontend_newsletter/my-svelte-project/node_modules/svelte/compiler
Using Svelte v3.38.2 from /home/soeren/Programming/frontend_newsletter/my-svelte-project/node_modules/svelte/compiler
[svelte-preprocess] 'global' attribute found, but 'postcss' is not installed. 'postcss' is used to walk through the CSS and transform any necessary selector.
Using Svelte v3.38.2 from /home/soeren/Programming/frontend_newsletter/my-svelte-project/node_modules/svelte/compiler
SnapshotManager File Statistics:
Project files: 0
Svelte files: 27
From node_modules: 530
Total: 551
Using Svelte v3.38.2 from /home/soeren/Programming/frontend_newsletter/my-svelte-project/node_modules/svelte/compiler
Using Svelte v3.38.2 from /home/soeren/Programming/frontend_newsletter/my-svelte-project/node_modules/svelte/compiler
Using Svelte v3.38.2 from /home/soeren/Programming/frontend_newsletter/my-svelte-project/node_modules/svelte/compiler
Using Svelte v3.38.2 from /home/soeren/Programming/frontend_newsletter/my-svelte-project/node_modules/svelte/compiler
Using Svelte v3.38.2 from /home/soeren/Programming/frontend_newsletter/my-svelte-project/node_modules/svelte/compiler
Using Svelte v3.38.2 from /home/soeren/Programming/frontend_newsletter/my-svelte-project/node_modules/svelte/compiler
Using Svelte v3.38.2 from /home/soeren/Programming/frontend_newsletter/my-svelte-project/node_modules/svelte/compiler
Using Svelte v3.38.2 from /home/soeren/Programming/frontend_newsletter/my-svelte-project/node_modules/svelte/compiler
Using Svelte v3.38.2 from /home/soeren/Programming/frontend_newsletter/my-svelte-project/node_modules/svelte/compiler
Using Svelte v3.38.2 from /home/soeren/Programming/frontend_newsletter/my-svelte-project/node_modules/svelte/compiler
Using Svelte v3.38.2 from /home/soeren/Programming/frontend_newsletter/my-svelte-project/node_modules/svelte/compiler
Using Svelte v3.38.2 from /home/soeren/Programming/frontend_newsletter/my-svelte-project/node_modules/svelte/compiler
Using Svelte v3.38.2 from /home/soeren/Programming/frontend_newsletter/my-svelte-project/node_modules/svelte/compiler
Using Svelte v3.38.2 from /home/soeren/Programming/frontend_newsletter/my-svelte-project/node_modules/svelte/compiler
Using Svelte v3.38.2 from /home/soeren/Programming/frontend_newsletter/my-svelte-project/node_modules/svelte/compiler
SnapshotManager File Statistics:
Project files: 0
Svelte files: 27
From node_modules: 530
Total: 551
Using Svelte v3.38.2 from /home/soeren/Programming/frontend_newsletter/my-svelte-project/node_modules/svelte/compiler
Using Svelte v3.38.2 from /home/soeren/Programming/frontend_newsletter/my-svelte-project/node_modules/svelte/compiler
Using Svelte v3.38.2 from /home/soeren/Programming/frontend_newsletter/my-svelte-project/node_modules/svelte/compiler
Using Svelte v3.38.2 from /home/soeren/Programming/frontend_newsletter/my-svelte-project/node_modules/svelte/compiler
Using Svelte v3.38.2 from /home/soeren/Programming/frontend_newsletter/my-svelte-project/node_modules/svelte/compiler
Using Svelte v3.38.2 from /home/soeren/Programming/frontend_newsletter/my-svelte-project/node_modules/svelte/compiler
Using Svelte v3.38.2 from /home/soeren/Programming/frontend_newsletter/my-svelte-project/node_modules/svelte/compiler
Using Svelte v3.38.2 from /home/soeren/Programming/frontend_newsletter/my-svelte-project/node_modules/svelte/compiler
Using Svelte v3.38.2 from /home/soeren/Programming/frontend_newsletter/my-svelte-project/node_modules/svelte/compiler
Using Svelte v3.38.2 from /home/soeren/Programming/frontend_newsletter/my-svelte-project/node_modules/svelte/compiler
SnapshotManager File Statistics:
Project files: 0
Svelte files: 27
From node_modules: 530
Total: 551
Using Svelte v3.38.2 from /home/soeren/Programming/frontend_newsletter/my-svelte-project/node_modules/svelte/compiler
Using Svelte v3.38.2 from /home/soeren/Programming/frontend_newsletter/my-svelte-project/node_modules/svelte/compiler
Using Svelte v3.38.2 from /home/soeren/Programming/frontend_newsletter/my-svelte-project/node_modules/svelte/compiler
Using Svelte v3.38.2 from /home/soeren/Programming/frontend_newsletter/my-svelte-project/node_modules/svelte/compiler
SnapshotManager File Statistics:
Project files: 0
Svelte files: 27
From node_modules: 530
Total: 551
Using Svelte v3.38.2 from /home/soeren/Programming/frontend_newsletter/my-svelte-project/node_modules/svelte/compiler
Using Svelte v3.38.2 from /home/soeren/Programming/frontend_newsletter/my-svelte-project/node_modules/svelte/compiler
Using Svelte v3.38.2 from /home/soeren/Programming/frontend_newsletter/my-svelte-project/node_modules/svelte/compiler
Using Svelte v3.38.2 from /home/soeren/Programming/frontend_newsletter/my-svelte-project/node_modules/svelte/compiler
Using Prettier v2.3.0 from /home/soeren/.vscode/extensions/svelte.svelte-vscode-105.3.1/node_modules/prettier
SnapshotManager File Statistics:
Project files: 0
Svelte files: 27
From node_modules: 530
Total: 551
Using Svelte v3.38.2 from /home/soeren/Programming/frontend_newsletter/my-svelte-project/node_modules/svelte/compiler
Using Svelte v3.38.2 from /home/soeren/Programming/frontend_newsletter/my-svelte-project/node_modules/svelte/compiler
Using Svelte v3.38.2 from /home/soeren/Programming/frontend_newsletter/my-svelte-project/node_modules/svelte/compiler
Using Svelte v3.38.2 from /home/soeren/Programming/frontend_newsletter/my-svelte-project/node_modules/svelte/compiler
Using Svelte v3.38.2 from /home/soeren/Programming/frontend_newsletter/my-svelte-project/node_modules/svelte/compiler
Using Svelte v3.38.2 from /home/soeren/Programming/frontend_newsletter/my-svelte-project/node_modules/svelte/compiler
Using Svelte v3.38.2 from /home/soeren/Programming/frontend_newsletter/my-svelte-project/node_modules/svelte/compiler
Using Svelte v3.38.2 from /home/soeren/Programming/frontend_newsletter/my-svelte-project/node_modules/svelte/compiler
Using Svelte v3.38.2 from /home/soeren/Programming/frontend_newsletter/my-svelte-project/node_modules/svelte/compiler
Using Svelte v3.38.2 from /home/soeren/Programming/frontend_newsletter/my-svelte-project/node_modules/svelte/compiler
Using Svelte v3.38.2 from /home/soeren/Programming/frontend_newsletter/my-svelte-project/node_modules/svelte/compiler
Using Svelte v3.38.2 from /home/soeren/Programming/frontend_newsletter/my-svelte-project/node_modules/svelte/compiler
Using Svelte v3.38.2 from /home/soeren/Programming/frontend_newsletter/my-svelte-project/node_modules/svelte/compiler
Using Svelte v3.38.2 from /home/soeren/Programming/frontend_newsletter/my-svelte-project/node_modules/svelte/compiler
Using Svelte v3.38.2 from /home/soeren/Programming/frontend_newsletter/my-svelte-project/node_modules/svelte/compiler
Using Svelte v3.38.2 from /home/soeren/Programming/frontend_newsletter/my-svelte-project/node_modules/svelte/compiler
Using Svelte v3.38.2 from /home/soeren/Programming/frontend_newsletter/my-svelte-project/node_modules/svelte/compiler
SnapshotManager File Statistics:
Project files: 0
Svelte files: 27
From node_modules: 530
Total: 551
Using Svelte v3.38.2 from /home/soeren/Programming/frontend_newsletter/my-svelte-project/node_modules/svelte/compiler
Using Svelte v3.38.2 from /home/soeren/Programming/frontend_newsletter/my-svelte-project/node_modules/svelte/compiler
Using Svelte v3.38.2 from /home/soeren/Programming/frontend_newsletter/my-svelte-project/node_modules/svelte/compiler
Using Svelte v3.38.2 from /home/soeren/Programming/frontend_newsletter/my-svelte-project/node_modules/svelte/compiler
Using Svelte v3.38.2 from /home/soeren/Programming/frontend_newsletter/my-svelte-project/node_modules/svelte/compiler
Using Svelte v3.38.2 from /home/soeren/Programming/frontend_newsletter/my-svelte-project/node_modules/svelte/compiler
Using Svelte v3.38.2 from /home/soeren/Programming/frontend_newsletter/my-svelte-project/node_modules/svelte/compiler
Using Svelte v3.38.2 from /home/soeren/Programming/frontend_newsletter/my-svelte-project/node_modules/svelte/compiler
Using Svelte v3.38.2 from /home/soeren/Programming/frontend_newsletter/my-svelte-project/node_modules/svelte/compiler
Using Svelte v3.38.2 from /home/soeren/Programming/frontend_newsletter/my-svelte-project/node_modules/svelte/compiler
Using Svelte v3.38.2 from /home/soeren/Programming/frontend_newsletter/my-svelte-project/node_modules/svelte/compiler
Using Svelte v3.38.2 from /home/soeren/Programming/frontend_newsletter/my-svelte-project/node_modules/svelte/compiler
Using Svelte v3.38.2 from /home/soeren/Programming/frontend_newsletter/my-svelte-project/node_modules/svelte/compiler
Using Svelte v3.38.2 from /home/soeren/Programming/frontend_newsletter/my-svelte-project/node_modules/svelte/compiler
Using Svelte v3.38.2 from /home/soeren/Programming/frontend_newsletter/my-svelte-project/node_modules/svelte/compiler
Using Svelte v3.38.2 from /home/soeren/Programming/frontend_newsletter/my-svelte-project/node_modules/svelte/compiler
Using Svelte v3.38.2 from /home/soeren/Programming/frontend_newsletter/my-svelte-project/node_modules/svelte/compiler
Using Svelte v3.38.2 from /home/soeren/Programming/frontend_newsletter/my-svelte-project/node_modules/svelte/compiler
Using Svelte v3.38.2 from /home/soeren/Programming/frontend_newsletter/my-svelte-project/node_modules/svelte/compiler
Using Svelte v3.38.2 from /home/soeren/Programming/frontend_newsletter/my-svelte-project/node_modules/svelte/compiler
Using Svelte v3.38.2 from /home/soeren/Programming/frontend_newsletter/my-svelte-project/node_modules/svelte/compiler
Using Svelte v3.38.2 from /home/soeren/Programming/frontend_newsletter/my-svelte-project/node_modules/svelte/compiler
Using Svelte v3.38.2 from /home/soeren/Programming/frontend_newsletter/my-svelte-project/node_modules/svelte/compiler
SnapshotManager File Statistics:
Project files: 0
Svelte files: 27
From node_modules: 530
Total: 551
Using Svelte v3.38.2 from /home/soeren/Programming/frontend_newsletter/my-svelte-project/node_modules/svelte/compiler
Using Svelte v3.38.2 from /home/soeren/Programming/frontend_newsletter/my-svelte-project/node_modules/svelte/compiler
Using Svelte v3.38.2 from /home/soeren/Programming/frontend_newsletter/my-svelte-project/node_modules/svelte/compiler
Using Svelte v3.38.2 from /home/soeren/Programming/frontend_newsletter/my-svelte-project/node_modules/svelte/compiler
Using Svelte v3.38.2 from /home/soeren/Programming/frontend_newsletter/my-svelte-project/node_modules/svelte/compiler
Using Svelte v3.38.2 from /home/soeren/Programming/frontend_newsletter/my-svelte-project/node_modules/svelte/compiler
Using Svelte v3.38.2 from /home/soeren/Programming/frontend_newsletter/my-svelte-project/node_modules/svelte/compiler
Using Svelte v3.38.2 from /home/soeren/Programming/frontend_newsletter/my-svelte-project/node_modules/svelte/compiler
Using Svelte v3.38.2 from /home/soeren/Programming/frontend_newsletter/my-svelte-project/node_modules/svelte/compiler
Using Svelte v3.38.2 from /home/soeren/Programming/frontend_newsletter/my-svelte-project/node_modules/svelte/compiler
Using Svelte v3.38.2 from /home/soeren/Programming/frontend_newsletter/my-svelte-project/node_modules/svelte/compiler
Using Svelte v3.38.2 from /home/soeren/Programming/frontend_newsletter/my-svelte-project/node_modules/svelte/compiler
Using Svelte v3.38.2 from /home/soeren/Programming/frontend_newsletter/my-svelte-project/node_modules/svelte/compiler
Using Svelte v3.38.2 from /home/soeren/Programming/frontend_newsletter/my-svelte-project/node_modules/svelte/compiler
Using Svelte v3.38.2 from /home/soeren/Programming/frontend_newsletter/my-svelte-project/node_modules/svelte/compiler
Using Svelte v3.38.2 from /home/soeren/Programming/frontend_newsletter/my-svelte-project/node_modules/svelte/compiler
Using Svelte v3.38.2 from /home/soeren/Programming/frontend_newsletter/my-svelte-project/node_modules/svelte/compiler
Using Svelte v3.38.2 from /home/soeren/Programming/frontend_newsletter/my-svelte-project/node_modules/svelte/compiler
Using Svelte v3.38.2 from /home/soeren/Programming/frontend_newsletter/my-svelte-project/node_modules/svelte/compiler
Using Svelte v3.38.2 from /home/soeren/Programming/frontend_newsletter/my-svelte-project/node_modules/svelte/compiler
Using Svelte v3.38.2 from /home/soeren/Programming/frontend_newsletter/my-svelte-project/node_modules/svelte/compiler
Using Svelte v3.38.2 from /home/soeren/Programming/frontend_newsletter/my-svelte-project/node_modules/svelte/compiler
Using Svelte v3.38.2 from /home/soeren/Programming/frontend_newsletter/my-svelte-project/node_modules/svelte/compiler
Using Svelte v3.38.2 from /home/soeren/Programming/frontend_newsletter/my-svelte-project/node_modules/svelte/compiler
Using Svelte v3.38.2 from /home/soeren/Programming/frontend_newsletter/my-svelte-project/node_modules/svelte/compiler
Using Svelte v3.38.2 from /home/soeren/Programming/frontend_newsletter/my-svelte-project/node_modules/svelte/compiler
Using Svelte v3.38.2 from /home/soeren/Programming/frontend_newsletter/my-svelte-project/node_modules/svelte/compiler
Using Svelte v3.38.2 from /home/soeren/Programming/frontend_newsletter/my-svelte-project/node_modules/svelte/compiler
Using Svelte v3.38.2 from /home/soeren/Programming/frontend_newsletter/my-svelte-project/node_modules/svelte/compiler
Using Svelte v3.38.2 from /home/soeren/Programming/frontend_newsletter/my-svelte-project/node_modules/svelte/compiler
Using Svelte v3.38.2 from /home/soeren/Programming/frontend_newsletter/my-svelte-project/node_modules/svelte/compiler
Using Svelte v3.38.2 from /home/soeren/Programming/frontend_newsletter/my-svelte-project/node_modules/svelte/compiler
Using Svelte v3.38.2 from /home/soeren/Programming/frontend_newsletter/my-svelte-project/node_modules/svelte/compiler
Using Svelte v3.38.2 from /home/soeren/Programming/frontend_newsletter/my-svelte-project/node_modules/svelte/compiler
Using Svelte v3.38.2 from /home/soeren/Programming/frontend_newsletter/my-svelte-project/node_modules/svelte/compiler
Using Svelte v3.38.2 from /home/soeren/Programming/frontend_newsletter/my-svelte-project/node_modules/svelte/compiler
Using Svelte v3.38.2 from /home/soeren/Programming/frontend_newsletter/my-svelte-project/node_modules/svelte/compiler
Using Svelte v3.38.2 from /home/soeren/Programming/frontend_newsletter/my-svelte-project/node_modules/svelte/compiler
Using Svelte v3.38.2 from /home/soeren/Programming/frontend_newsletter/my-svelte-project/node_modules/svelte/compiler
Using Svelte v3.38.2 from /home/soeren/Programming/frontend_newsletter/my-svelte-project/node_modules/svelte/compiler
Using Svelte v3.38.2 from /home/soeren/Programming/frontend_newsletter/my-svelte-project/node_modules/svelte/compiler
Using Svelte v3.38.2 from /home/soeren/Programming/frontend_newsletter/my-svelte-project/node_modules/svelte/compiler
Using Svelte v3.38.2 from /home/soeren/Programming/frontend_newsletter/my-svelte-project/node_modules/svelte/compiler
Using Svelte v3.38.2 from /home/soeren/Programming/frontend_newsletter/my-svelte-project/node_modules/svelte/compiler
Using Svelte v3.38.2 from /home/soeren/Programming/frontend_newsletter/my-svelte-project/node_modules/svelte/compiler
Using Svelte v3.38.2 from /home/soeren/Programming/frontend_newsletter/my-svelte-project/node_modules/svelte/compiler
Using Svelte v3.38.2 from /home/soeren/Programming/frontend_newsletter/my-svelte-project/node_modules/svelte/compiler
SnapshotManager File Statistics:
Project files: 0
Svelte files: 27
From node_modules: 530
Total: 551
Using Svelte v3.38.2 from /home/soeren/Programming/frontend_newsletter/my-svelte-project/node_modules/svelte/compiler
Using Svelte v3.38.2 from /home/soeren/Programming/frontend_newsletter/my-svelte-project/node_modules/svelte/compiler
Using Svelte v3.38.2 from /home/soeren/Programming/frontend_newsletter/my-svelte-project/node_modules/svelte/compiler
Using Svelte v3.38.2 from /home/soeren/Programming/frontend_newsletter/my-svelte-project/node_modules/svelte/compiler
Using Svelte v3.38.2 from /home/soeren/Programming/frontend_newsletter/my-svelte-project/node_modules/svelte/compiler
Using Svelte v3.38.2 from /home/soeren/Programming/frontend_newsletter/my-svelte-project/node_modules/svelte/compiler
Using Svelte v3.38.2 from /home/soeren/Programming/frontend_newsletter/my-svelte-project/node_modules/svelte/compiler
Using Svelte v3.38.2 from /home/soeren/Programming/frontend_newsletter/my-svelte-project/node_modules/svelte/compiler
Using Svelte v3.38.2 from /home/soeren/Programming/frontend_newsletter/my-svelte-project/node_modules/svelte/compiler
Using Svelte v3.38.2 from /home/soeren/Programming/frontend_newsletter/my-svelte-project/node_modules/svelte/compiler
Using Svelte v3.38.2 from /home/soeren/Programming/frontend_newsletter/my-svelte-project/node_modules/svelte/compiler
Using Svelte v3.38.2 from /home/soeren/Programming/frontend_newsletter/my-svelte-project/node_modules/svelte/compiler
Using Svelte v3.38.2 from /home/soeren/Programming/frontend_newsletter/my-svelte-project/node_modules/svelte/compiler
Using Svelte v3.38.2 from /home/soeren/Programming/frontend_newsletter/my-svelte-project/node_modules/svelte/compiler
Using Svelte v3.38.2 from /home/soeren/Programming/frontend_newsletter/my-svelte-project/node_modules/svelte/compiler
Using Svelte v3.38.2 from /home/soeren/Programming/frontend_newsletter/my-svelte-project/node_modules/svelte/compiler
Using Svelte v3.38.2 from /home/soeren/Programming/frontend_newsletter/my-svelte-project/node_modules/svelte/compiler
Using Svelte v3.38.2 from /home/soeren/Programming/frontend_newsletter/my-svelte-project/node_modules/svelte/compiler
Using Svelte v3.38.2 from /home/soeren/Programming/frontend_newsletter/my-svelte-project/node_modules/svelte/compiler
Using Svelte v3.38.2 from /home/soeren/Programming/frontend_newsletter/my-svelte-project/node_modules/svelte/compiler
Using Svelte v3.38.2 from /home/soeren/Programming/frontend_newsletter/my-svelte-project/node_modules/svelte/compiler
Using Svelte v3.38.2 from /home/soeren/Programming/frontend_newsletter/my-svelte-project/node_modules/svelte/compiler
Using Svelte v3.38.2 from /home/soeren/Programming/frontend_newsletter/my-svelte-project/node_modules/svelte/compiler
Using Svelte v3.38.2 from /home/soeren/Programming/frontend_newsletter/my-svelte-project/node_modules/svelte/compiler
Using Svelte v3.38.2 from /home/soeren/Programming/frontend_newsletter/my-svelte-project/node_modules/svelte/compiler
Using Svelte v3.38.2 from /home/soeren/Programming/frontend_newsletter/my-svelte-project/node_modules/svelte/compiler
Using Svelte v3.38.2 from /home/soeren/Programming/frontend_newsletter/my-svelte-project/node_modules/svelte/compiler
Using Svelte v3.38.2 from /home/soeren/Programming/frontend_newsletter/my-svelte-project/node_modules/svelte/compiler
Using Svelte v3.38.2 from /home/soeren/Programming/frontend_newsletter/my-svelte-project/node_modules/svelte/compiler
Using Svelte v3.38.2 from /home/soeren/Programming/frontend_newsletter/my-svelte-project/node_modules/svelte/compiler
Using Svelte v3.38.2 from /home/soeren/Programming/frontend_newsletter/my-svelte-project/node_modules/svelte/compiler
Using Svelte v3.38.2 from /home/soeren/Programming/frontend_newsletter/my-svelte-project/node_modules/svelte/compiler
Using Svelte v3.38.2 from /home/soeren/Programming/frontend_newsletter/my-svelte-project/node_modules/svelte/compiler
Using Svelte v3.38.2 from /home/soeren/Programming/frontend_newsletter/my-svelte-project/node_modules/svelte/compiler
Using Svelte v3.38.2 from /home/soeren/Programming/frontend_newsletter/my-svelte-project/node_modules/svelte/compiler
Using Svelte v3.38.2 from /home/soeren/Programming/frontend_newsletter/my-svelte-project/node_modules/svelte/compiler
Using Svelte v3.38.2 from /home/soeren/Programming/frontend_newsletter/my-svelte-project/node_modules/svelte/compiler
SnapshotManager File Statistics:
Project files: 0
Svelte files: 27
From node_modules: 530
Total: 551
Using Svelte v3.38.2 from /home/soeren/Programming/frontend_newsletter/my-svelte-project/node_modules/svelte/compiler
Using Svelte v3.38.2 from /home/soeren/Programming/frontend_newsletter/my-svelte-project/node_modules/svelte/compiler
Using Svelte v3.38.2 from /home/soeren/Programming/frontend_newsletter/my-svelte-project/node_modules/svelte/compiler
Using Svelte v3.38.2 from /home/soeren/Programming/frontend_newsletter/my-svelte-project/node_modules/svelte/compiler
Using Svelte v3.38.2 from /home/soeren/Programming/frontend_newsletter/my-svelte-project/node_modules/svelte/compiler
Using Svelte v3.38.2 from /home/soeren/Programming/frontend_newsletter/my-svelte-project/node_modules/svelte/compiler
Using Svelte v3.38.2 from /home/soeren/Programming/frontend_newsletter/my-svelte-project/node_modules/svelte/compiler
Using Svelte v3.38.2 from /home/soeren/Programming/frontend_newsletter/my-svelte-project/node_modules/svelte/compiler
Using Svelte v3.38.2 from /home/soeren/Programming/frontend_newsletter/my-svelte-project/node_modules/svelte/compiler
Using Svelte v3.38.2 from /home/soeren/Programming/frontend_newsletter/my-svelte-project/node_modules/svelte/compiler
Using Svelte v3.38.2 from /home/soeren/Programming/frontend_newsletter/my-svelte-project/node_modules/svelte/compiler
Using Svelte v3.38.2 from /home/soeren/Programming/frontend_newsletter/my-svelte-project/node_modules/svelte/compiler
Using Svelte v3.38.2 from /home/soeren/Programming/frontend_newsletter/my-svelte-project/node_modules/svelte/compiler
Using Svelte v3.38.2 from /home/soeren/Programming/frontend_newsletter/my-svelte-project/node_modules/svelte/compiler
SnapshotManager File Statistics:
Project files: 0
Svelte files: 27
From node_modules: 530
Total: 551
Using Svelte v3.38.2 from /home/soeren/Programming/frontend_newsletter/my-svelte-project/node_modules/svelte/compiler
Using Svelte v3.38.2 from /home/soeren/Programming/frontend_newsletter/my-svelte-project/node_modules/svelte/compiler
Using Svelte v3.38.2 from /home/soeren/Programming/frontend_newsletter/my-svelte-project/node_modules/svelte/compiler
Using Svelte v3.38.2 from /home/soeren/Programming/frontend_newsletter/my-svelte-project/node_modules/svelte/compiler
Using Svelte v3.38.2 from /home/soeren/Programming/frontend_newsletter/my-svelte-project/node_modules/svelte/compiler
Using Svelte v3.38.2 from /home/soeren/Programming/frontend_newsletter/my-svelte-project/node_modules/svelte/compiler
Using Svelte v3.38.2 from /home/soeren/Programming/frontend_newsletter/my-svelte-project/node_modules/svelte/compiler
Using Svelte v3.38.2 from /home/soeren/Programming/frontend_newsletter/my-svelte-project/node_modules/svelte/compiler
Using Svelte v3.38.2 from /home/soeren/Programming/frontend_newsletter/my-svelte-project/node_modules/svelte/compiler
Using Svelte v3.38.2 from /home/soeren/Programming/frontend_newsletter/my-svelte-project/node_modules/svelte/compiler
SnapshotManager File Statistics:
Project files: 0
Svelte files: 27
From node_modules: 530
Total: 551
Using Svelte v3.38.2 from /home/soeren/Programming/frontend_newsletter/my-svelte-project/node_modules/svelte/compiler
Using Svelte v3.38.2 from /home/soeren/Programming/frontend_newsletter/my-svelte-project/node_modules/svelte/compiler
Using Svelte v3.38.2 from /home/soeren/Programming/frontend_newsletter/my-svelte-project/node_modules/svelte/compiler
Using Svelte v3.38.2 from /home/soeren/Programming/frontend_newsletter/my-svelte-project/node_modules/svelte/compiler
Using Svelte v3.38.2 from /home/soeren/Programming/frontend_newsletter/my-svelte-project/node_modules/svelte/compiler
Using Svelte v3.38.2 from /home/soeren/Programming/frontend_newsletter/my-svelte-project/node_modules/svelte/compiler
Using Svelte v3.38.2 from /home/soeren/Programming/frontend_newsletter/my-svelte-project/node_modules/svelte/compiler
Using Svelte v3.38.2 from /home/soeren/Programming/frontend_newsletter/my-svelte-project/node_modules/svelte/compiler
Using Svelte v3.38.2 from /home/soeren/Programming/frontend_newsletter/my-svelte-project/node_modules/svelte/compiler
Using Svelte v3.38.2 from /home/soeren/Programming/frontend_newsletter/my-svelte-project/node_modules/svelte/compiler
Using Svelte v3.38.2 from /home/soeren/Programming/frontend_newsletter/my-svelte-project/node_modules/svelte/compiler
Using Svelte v3.38.2 from /home/soeren/Programming/frontend_newsletter/my-svelte-project/node_modules/svelte/compiler
Using Svelte v3.38.2 from /home/soeren/Programming/frontend_newsletter/my-svelte-project/node_modules/svelte/compiler
Using Svelte v3.38.2 from /home/soeren/Programming/frontend_newsletter/my-svelte-project/node_modules/svelte/compiler
Using Svelte v3.38.2 from /home/soeren/Programming/frontend_newsletter/my-svelte-project/node_modules/svelte/compiler
Using Svelte v3.38.2 from /home/soeren/Programming/frontend_newsletter/my-svelte-project/node_modules/svelte/compiler
Using Svelte v3.38.2 from /home/soeren/Programming/frontend_newsletter/my-svelte-project/node_modules/svelte/compiler
Using Svelte v3.38.2 from /home/soeren/Programming/frontend_newsletter/my-svelte-project/node_modules/svelte/compiler
SnapshotManager File Statistics:
Project files: 0
Svelte files: 27
From node_modules: 530
Total: 551
Using Svelte v3.38.2 from /home/soeren/Programming/frontend_newsletter/my-svelte-project/node_modules/svelte/compiler
Using Svelte v3.38.2 from /home/soeren/Programming/frontend_newsletter/my-svelte-project/node_modules/svelte/compiler
Using Svelte v3.38.2 from /home/soeren/Programming/frontend_newsletter/my-svelte-project/node_modules/svelte/compiler
Using Svelte v3.38.2 from /home/soeren/Programming/frontend_newsletter/my-svelte-project/node_modules/svelte/compiler
Using Svelte v3.38.2 from /home/soeren/Programming/frontend_newsletter/my-svelte-project/node_modules/svelte/compiler
Using Svelte v3.38.2 from /home/soeren/Programming/frontend_newsletter/my-svelte-project/node_modules/svelte/compiler
Using Svelte v3.38.2 from /home/soeren/Programming/frontend_newsletter/my-svelte-project/node_modules/svelte/compiler
Using Svelte v3.38.2 from /home/soeren/Programming/frontend_newsletter/my-svelte-project/node_modules/svelte/compiler
Using Svelte v3.38.2 from /home/soeren/Programming/frontend_newsletter/my-svelte-project/node_modules/svelte/compiler
Using Svelte v3.38.2 from /home/soeren/Programming/frontend_newsletter/my-svelte-project/node_modules/svelte/compiler
Using Svelte v3.38.2 from /home/soeren/Programming/frontend_newsletter/my-svelte-project/node_modules/svelte/compiler
Using Svelte v3.38.2 from /home/soeren/Programming/frontend_newsletter/my-svelte-project/node_modules/svelte/compiler
Using Svelte v3.38.2 from /home/soeren/Programming/frontend_newsletter/my-svelte-project/node_modules/svelte/compiler
Using Svelte v3.38.2 from /home/soeren/Programming/frontend_newsletter/my-svelte-project/node_modules/svelte/compiler
Using Svelte v3.38.2 from /home/soeren/Programming/frontend_newsletter/my-svelte-project/node_modules/svelte/compiler
Using Svelte v3.38.2 from /home/soeren/Programming/frontend_newsletter/my-svelte-project/node_modules/svelte/compiler
Using Svelte v3.38.2 from /home/soeren/Programming/frontend_newsletter/my-svelte-project/node_modules/svelte/compiler
Using Svelte v3.38.2 from /home/soeren/Programming/frontend_newsletter/my-svelte-project/node_modules/svelte/compiler
Using Prettier v2.3.0 from /home/soeren/.vscode/extensions/svelte.svelte-vscode-105.3.1/node_modules/prettier
Using Svelte v3.38.2 from /home/soeren/Programming/frontend_newsletter/my-svelte-project/node_modules/svelte/compiler
Using Svelte v3.38.2 from /home/soeren/Programming/frontend_newsletter/my-svelte-project/node_modules/svelte/compiler
SnapshotManager File Statistics:
Project files: 0
Svelte files: 27
From node_modules: 530
Total: 551
Using Svelte v3.38.2 from /home/soeren/Programming/frontend_newsletter/my-svelte-project/node_modules/svelte/compiler
Using Svelte v3.38.2 from /home/soeren/Programming/frontend_newsletter/my-svelte-project/node_modules/svelte/compiler
Using Svelte v3.38.2 from /home/soeren/Programming/frontend_newsletter/my-svelte-project/node_modules/svelte/compiler
Using Svelte v3.38.2 from /home/soeren/Programming/frontend_newsletter/my-svelte-project/node_modules/svelte/compiler
Using Svelte v3.38.2 from /home/soeren/Programming/frontend_newsletter/my-svelte-project/node_modules/svelte/compiler
Using Svelte v3.38.2 from /home/soeren/Programming/frontend_newsletter/my-svelte-project/node_modules/svelte/compiler
Using Svelte v3.38.2 from /home/soeren/Programming/frontend_newsletter/my-svelte-project/node_modules/svelte/compiler
Using Svelte v3.38.2 from /home/soeren/Programming/frontend_newsletter/my-svelte-project/node_modules/svelte/compiler
SnapshotManager File Statistics:
Project files: 0
Svelte files: 27
From node_modules: 530
Total: 551
Using Svelte v3.38.2 from /home/soeren/Programming/frontend_newsletter/my-svelte-project/node_modules/svelte/compiler
Using Svelte v3.38.2 from /home/soeren/Programming/frontend_newsletter/my-svelte-project/node_modules/svelte/compiler
SnapshotManager File Statistics:
Project files: 0
Svelte files: 27
From node_modules: 530
Total: 551
Using Svelte v3.38.2 from /home/soeren/Programming/frontend_newsletter/my-svelte-project/node_modules/svelte/compiler
Using Svelte v3.38.2 from /home/soeren/Programming/frontend_newsletter/my-svelte-project/node_modules/svelte/compiler
