Validating found git in: git
Verwenden von Git 2.32.0 von git
> git rev-parse --git-dir
Open repository: /home/soeren/Programming/newsletter-website-backend
> git status -z -u
> git symbolic-ref --short HEAD
> git for-each-ref --format=%(refname)%00%(upstream:short)%00%(objectname)%00%(upstream:track) refs/heads/master refs/remotes/master
> git for-each-ref --sort -committerdate --format %(refname) %(objectname) %(*objectname)
> git remote --verbose
> git config --get commit.template
> git show --textconv HEAD:Dockerfile
> git ls-tree -l HEAD -- /home/soeren/Programming/newsletter-website-backend/Dockerfile
> git check-ignore -v -z --stdin
> git log --format=%H%n%aN%n%aE%n%at%n%ct%n%P%n%B -z -n21 -- /home/soeren/Programming/newsletter-website-backend/Dockerfile
> git show --textconv :Dockerfile
> git ls-files --stage -- /home/soeren/Programming/newsletter-website-backend/Dockerfile
> git cat-file -s b5961630b37344790e4e44a4415655825a2dc5b9
> git show --textconv :api/mongodb.py
> git ls-files --stage -- /home/soeren/Programming/newsletter-website-backend/api/mongodb.py
> git cat-file -s c11dfddeef003763e9152b8fe2fb63dde19ea108
> git show --textconv :api/mongodb.py
> git ls-files --stage -- /home/soeren/Programming/newsletter-website-backend/api/mongodb.py
> git cat-file -s c11dfddeef003763e9152b8fe2fb63dde19ea108
> git status -z -u
> git symbolic-ref --short HEAD
> git for-each-ref --format=%(refname)%00%(upstream:short)%00%(objectname)%00%(upstream:track) refs/heads/master refs/remotes/master
> git for-each-ref --sort -committerdate --format %(refname) %(objectname) %(*objectname)
> git remote --verbose
> git config --get commit.template
> git status -z -u
> git symbolic-ref --short HEAD
> git for-each-ref --format=%(refname)%00%(upstream:short)%00%(objectname)%00%(upstream:track) refs/heads/master refs/remotes/master
> git for-each-ref --sort -committerdate --format %(refname) %(objectname) %(*objectname)
> git remote --verbose
> git config --get commit.template
> git status -z -u
> git symbolic-ref --short HEAD
> git for-each-ref --format=%(refname)%00%(upstream:short)%00%(objectname)%00%(upstream:track) refs/heads/master refs/remotes/master
> git for-each-ref --sort -committerdate --format %(refname) %(objectname) %(*objectname)
> git remote --verbose
> git config --get commit.template
> git status -z -u
> git symbolic-ref --short HEAD
> git for-each-ref --format=%(refname)%00%(upstream:short)%00%(objectname)%00%(upstream:track) refs/heads/master refs/remotes/master
> git for-each-ref --sort -committerdate --format %(refname) %(objectname) %(*objectname)
> git remote --verbose
> git config --get commit.template
> git show --textconv HEAD:api/mongodb.py
> git ls-tree -l HEAD -- /home/soeren/Programming/newsletter-website-backend/api/mongodb.py
> git checkout -q -- /home/soeren/Programming/newsletter-website-backend/api/mongodb.py
> git ls-tree -l HEAD -- /home/soeren/Programming/newsletter-website-backend/api/mongodb.py
> git status -z -u
> git symbolic-ref --short HEAD
> git for-each-ref --format=%(refname)%00%(upstream:short)%00%(objectname)%00%(upstream:track) refs/heads/master refs/remotes/master
> git for-each-ref --sort -committerdate --format %(refname) %(objectname) %(*objectname)
> git remote --verbose
> git config --get commit.template
> git show --textconv :api/mongodb.py
> git ls-files --stage -- /home/soeren/Programming/newsletter-website-backend/api/mongodb.py
> git cat-file -s c11dfddeef003763e9152b8fe2fb63dde19ea108
> git status -z -u
> git symbolic-ref --short HEAD
> git for-each-ref --format=%(refname)%00%(upstream:short)%00%(objectname)%00%(upstream:track) refs/heads/master refs/remotes/master
> git for-each-ref --sort -committerdate --format %(refname) %(objectname) %(*objectname)
> git remote --verbose
> git config --get commit.template
> git show --textconv :Dockerfile
> git ls-files --stage -- /home/soeren/Programming/newsletter-website-backend/Dockerfile
> git cat-file -s b5961630b37344790e4e44a4415655825a2dc5b9
> git show --textconv :api/main.py
> git ls-files --stage -- /home/soeren/Programming/newsletter-website-backend/api/main.py
> git cat-file -s 9dd25e1e246233412f717f0a75b3c012afd199fc
> git show --textconv :api/models.py
> git ls-files --stage -- /home/soeren/Programming/newsletter-website-backend/api/models.py
> git cat-file -s 927288af3d9044568620dc118b0229487c7f8bc6
> git show --textconv :api/mongodb.py
> git ls-files --stage -- /home/soeren/Programming/newsletter-website-backend/api/mongodb.py
> git cat-file -s c11dfddeef003763e9152b8fe2fb63dde19ea108
