Validating found git in: git
Verwenden von Git 2.32.0 von git
> git rev-parse --git-dir
Open repository: /home/soeren/Programming/frontend_newsletter
> git status -z -u
> git symbolic-ref --short HEAD
> git for-each-ref --format=%(refname)%00%(upstream:short)%00%(objectname)%00%(upstream:track) refs/heads/test-anmation refs/remotes/test-anmation
> git for-each-ref --sort -committerdate --format %(refname) %(objectname) %(*objectname)
> git remote --verbose
> git config --get commit.template
> git show --textconv :my-svelte-project/src/sideObjects/AddButton.svelte
> git ls-files --stage -- /home/soeren/Programming/frontend_newsletter/my-svelte-project/src/sideObjects/AddButton.svelte
> git cat-file -s a144b28149304b9dc5dd4beb216226896e9248e9
> git check-ignore -v -z --stdin
> git show --textconv :my-svelte-project/src/sideObjects/AddButton.svelte
> git ls-files --stage -- /home/soeren/Programming/frontend_newsletter/my-svelte-project/src/sideObjects/AddButton.svelte
> git cat-file -s a144b28149304b9dc5dd4beb216226896e9248e9
> git show --textconv :my-svelte-project/src/sideObjects/AddButton.svelte
> git ls-files --stage -- /home/soeren/Programming/frontend_newsletter/my-svelte-project/src/sideObjects/AddButton.svelte
> git cat-file -s a144b28149304b9dc5dd4beb216226896e9248e9
> git check-ignore -v -z --stdin
> git log --format=%H%n%aN%n%aE%n%at%n%ct%n%P%n%B -z -n21 -- /home/soeren/Programming/frontend_newsletter/my-svelte-project/src/sideObjects/AddButton.svelte
> git status -z -u
> git symbolic-ref --short HEAD
> git for-each-ref --format=%(refname)%00%(upstream:short)%00%(objectname)%00%(upstream:track) refs/heads/test-anmation refs/remotes/test-anmation
> git for-each-ref --sort -committerdate --format %(refname) %(objectname) %(*objectname)
> git remote --verbose
> git config --get commit.template
> git status -z -u
> git symbolic-ref --short HEAD
> git for-each-ref --format=%(refname)%00%(upstream:short)%00%(objectname)%00%(upstream:track) refs/heads/test-anmation refs/remotes/test-anmation
> git for-each-ref --sort -committerdate --format %(refname) %(objectname) %(*objectname)
> git remote --verbose
> git config --get commit.template
> git status -z -u
> git symbolic-ref --short HEAD
> git for-each-ref --format=%(refname)%00%(upstream:short)%00%(objectname)%00%(upstream:track) refs/heads/test-anmation refs/remotes/test-anmation
> git for-each-ref --sort -committerdate --format %(refname) %(objectname) %(*objectname)
> git remote --verbose
> git config --get commit.template
> git status -z -u
> git symbolic-ref --short HEAD
> git for-each-ref --format=%(refname)%00%(upstream:short)%00%(objectname)%00%(upstream:track) refs/heads/test-anmation refs/remotes/test-anmation
> git for-each-ref --sort -committerdate --format %(refname) %(objectname) %(*objectname)
> git remote --verbose
> git config --get commit.template
> git status -z -u
> git symbolic-ref --short HEAD
> git for-each-ref --format=%(refname)%00%(upstream:short)%00%(objectname)%00%(upstream:track) refs/heads/test-anmation refs/remotes/test-anmation
> git for-each-ref --sort -committerdate --format %(refname) %(objectname) %(*objectname)
> git remote --verbose
> git config --get commit.template
> git status -z -u
> git symbolic-ref --short HEAD
> git for-each-ref --format=%(refname)%00%(upstream:short)%00%(objectname)%00%(upstream:track) refs/heads/test-anmation refs/remotes/test-anmation
> git for-each-ref --sort -committerdate --format %(refname) %(objectname) %(*objectname)
> git remote --verbose
> git config --get commit.template
> git status -z -u
> git symbolic-ref --short HEAD
> git for-each-ref --format=%(refname)%00%(upstream:short)%00%(objectname)%00%(upstream:track) refs/heads/test-anmation refs/remotes/test-anmation
> git for-each-ref --sort -committerdate --format %(refname) %(objectname) %(*objectname)
> git remote --verbose
> git config --get commit.template
> git status -z -u
> git symbolic-ref --short HEAD
> git for-each-ref --format=%(refname)%00%(upstream:short)%00%(objectname)%00%(upstream:track) refs/heads/test-anmation refs/remotes/test-anmation
> git for-each-ref --sort -committerdate --format %(refname) %(objectname) %(*objectname)
> git remote --verbose
> git config --get commit.template
> git status -z -u
> git symbolic-ref --short HEAD
> git for-each-ref --format=%(refname)%00%(upstream:short)%00%(objectname)%00%(upstream:track) refs/heads/test-anmation refs/remotes/test-anmation
> git for-each-ref --sort -committerdate --format %(refname) %(objectname) %(*objectname)
> git remote --verbose
> git config --get commit.template
> git show --textconv :my-svelte-project/src/sideObjects/AddButton.svelte
> git ls-files --stage -- /home/soeren/Programming/frontend_newsletter/my-svelte-project/src/sideObjects/AddButton.svelte
> git cat-file -s a144b28149304b9dc5dd4beb216226896e9248e9
> git status -z -u
> git symbolic-ref --short HEAD
> git for-each-ref --format=%(refname)%00%(upstream:short)%00%(objectname)%00%(upstream:track) refs/heads/test-anmation refs/remotes/test-anmation
> git for-each-ref --sort -committerdate --format %(refname) %(objectname) %(*objectname)
> git remote --verbose
> git config --get commit.template
> git status -z -u
> git symbolic-ref --short HEAD
> git for-each-ref --format=%(refname)%00%(upstream:short)%00%(objectname)%00%(upstream:track) refs/heads/test-anmation refs/remotes/test-anmation
> git for-each-ref --sort -committerdate --format %(refname) %(objectname) %(*objectname)
> git remote --verbose
> git config --get commit.template
> git status -z -u
> git symbolic-ref --short HEAD
> git for-each-ref --format=%(refname)%00%(upstream:short)%00%(objectname)%00%(upstream:track) refs/heads/test-anmation refs/remotes/test-anmation
> git for-each-ref --sort -committerdate --format %(refname) %(objectname) %(*objectname)
> git remote --verbose
> git config --get commit.template
> git show --textconv :my-svelte-project/src/sideObjects/AddButton.svelte
> git ls-files --stage -- /home/soeren/Programming/frontend_newsletter/my-svelte-project/src/sideObjects/AddButton.svelte
> git cat-file -s a144b28149304b9dc5dd4beb216226896e9248e9
> git status -z -u
> git symbolic-ref --short HEAD
> git for-each-ref --format=%(refname)%00%(upstream:short)%00%(objectname)%00%(upstream:track) refs/heads/test-anmation refs/remotes/test-anmation
> git for-each-ref --sort -committerdate --format %(refname) %(objectname) %(*objectname)
> git remote --verbose
> git config --get commit.template
> git status -z -u
> git symbolic-ref --short HEAD
> git for-each-ref --format=%(refname)%00%(upstream:short)%00%(objectname)%00%(upstream:track) refs/heads/test-anmation refs/remotes/test-anmation
> git for-each-ref --sort -committerdate --format %(refname) %(objectname) %(*objectname)
> git remote --verbose
> git config --get commit.template
> git status -z -u
> git symbolic-ref --short HEAD
> git for-each-ref --format=%(refname)%00%(upstream:short)%00%(objectname)%00%(upstream:track) refs/heads/test-anmation refs/remotes/test-anmation
> git for-each-ref --sort -committerdate --format %(refname) %(objectname) %(*objectname)
> git remote --verbose
> git config --get commit.template
> git status -z -u
> git symbolic-ref --short HEAD
> git for-each-ref --format=%(refname)%00%(upstream:short)%00%(objectname)%00%(upstream:track) refs/heads/test-anmation refs/remotes/test-anmation
> git for-each-ref --sort -committerdate --format %(refname) %(objectname) %(*objectname)
> git remote --verbose
> git config --get commit.template
> git status -z -u
> git symbolic-ref --short HEAD
> git for-each-ref --format=%(refname)%00%(upstream:short)%00%(objectname)%00%(upstream:track) refs/heads/test-anmation refs/remotes/test-anmation
> git for-each-ref --sort -committerdate --format %(refname) %(objectname) %(*objectname)
> git remote --verbose
> git config --get commit.template
> git show --textconv :my-svelte-project/src/sideObjects/AddButton.svelte
> git ls-files --stage -- /home/soeren/Programming/frontend_newsletter/my-svelte-project/src/sideObjects/AddButton.svelte
> git cat-file -s a144b28149304b9dc5dd4beb216226896e9248e9
