Validating found git in: git
Verwenden von Git 2.32.0 von git
Opening repository for path='/home/soeren/Programming/website-redesign' failed; ex=Failed to execute git {
  "exitCode": 128,
  "gitErrorCode": "NotAGitRepository",
  "gitCommand": "rev-parse",
  "stdout": "",
  "stderr": "fatal: not a git repository (or any of the parent directories): .git\n"
}
Opening repository for path='/home/soeren/Programming/website-redesign/.gitignore' failed; ex=Error: spawn ENOTDIR
Opening repository for path='/home/soeren/Programming/website-redesign/README.md' failed; ex=Error: spawn ENOTDIR
Opening repository for path='/home/soeren/Programming/website-redesign/node_modules' failed; ex=Failed to execute git {
  "exitCode": 128,
  "gitErrorCode": "NotAGitRepository",
  "gitCommand": "rev-parse",
  "stdout": "",
  "stderr": "fatal: not a git repository (or any of the parent directories): .git\n"
}
Opening repository for path='/home/soeren/Programming/website-redesign/package-lock.json' failed; ex=Error: spawn ENOTDIR
Opening repository for path='/home/soeren/Programming/website-redesign/package.json' failed; ex=Error: spawn ENOTDIR
Opening repository for path='/home/soeren/Programming/website-redesign/public' failed; ex=Failed to execute git {
  "exitCode": 128,
  "gitErrorCode": "NotAGitRepository",
  "gitCommand": "rev-parse",
  "stdout": "",
  "stderr": "fatal: not a git repository (or any of the parent directories): .git\n"
}
Opening repository for path='/home/soeren/Programming/website-redesign/rollup.config.js' failed; ex=Error: spawn ENOTDIR
Opening repository for path='/home/soeren/Programming/website-redesign/scripts' failed; ex=Failed to execute git {
  "exitCode": 128,
  "gitErrorCode": "NotAGitRepository",
  "gitCommand": "rev-parse",
  "stdout": "",
  "stderr": "fatal: not a git repository (or any of the parent directories): .git\n"
}
Opening repository for path='/home/soeren/Programming/website-redesign/src' failed; ex=Failed to execute git {
  "exitCode": 128,
  "gitErrorCode": "NotAGitRepository",
  "gitCommand": "rev-parse",
  "stdout": "",
  "stderr": "fatal: not a git repository (or any of the parent directories): .git\n"
}
Opening repository for path='/home/soeren/Programming/website-redesign/tailwind.config.js' failed; ex=Error: spawn ENOTDIR
Opening repository for path='/home/soeren/Programming/website-redesign' failed; ex=Failed to execute git {
  "exitCode": 128,
  "gitErrorCode": "NotAGitRepository",
  "gitCommand": "rev-parse",
  "stdout": "",
  "stderr": "fatal: not a git repository (or any of the parent directories): .git\n"
}
