[2021-07-22 23:28:23.224] [settingssync] [info] Using settings sync service https://vscode-sync.trafficmanager.net/
[2021-07-22 23:28:23.224] [settingssync] [info] Auto Sync is enabled.
[2021-07-22 23:28:23.224] [settingssync] [info] Auto Sync: Suspended until auth token is available.
[2021-07-22 23:28:24.649] [settingssync] [info] Auto Sync: Started
[2021-07-22 23:28:24.649] [settingssync] [info] Auto Sync: Triggered by Interval
[2021-07-22 23:28:25.798] [settingssync] [info] Settings: No changes found during synchronizing settings.
[2021-07-22 23:28:25.852] [settingssync] [info] Keybindings: No changes found during synchronizing keybindings.
[2021-07-22 23:28:25.877] [settingssync] [info] Snippets: No changes found during synchronizing snippets.
[2021-07-22 23:28:25.921] [settingssync] [info] GlobalState: No changes found during synchronizing ui state.
[2021-07-22 23:28:26.009] [settingssync] [info] Extensions: No changes found during synchronizing extensions.
[2021-07-22 23:28:26.010] [settingssync] [info] Sync done. Took 234ms
[2021-07-22 23:28:26.011] [settingssync] [info] Auto Sync: Triggered by Activity
[2021-07-22 23:28:26.049] [settingssync] [info] Settings: No changes found during synchronizing settings.
[2021-07-22 23:28:26.051] [settingssync] [info] Keybindings: No changes found during synchronizing keybindings.
[2021-07-22 23:28:26.055] [settingssync] [info] Snippets: No changes found during synchronizing snippets.
[2021-07-22 23:28:26.086] [settingssync] [info] GlobalState: No changes found during synchronizing ui state.
[2021-07-22 23:28:26.148] [settingssync] [info] Extensions: No changes found during synchronizing extensions.
[2021-07-22 23:28:26.149] [settingssync] [info] Sync done. Took 101ms
[2021-07-22 23:29:02.130] [settingssync] [info] Auto Sync: Triggered by Activity
[2021-07-22 23:29:02.197] [settingssync] [info] Settings: No changes found during synchronizing settings.
[2021-07-22 23:29:02.199] [settingssync] [info] Keybindings: No changes found during synchronizing keybindings.
[2021-07-22 23:29:02.202] [settingssync] [info] Snippets: No changes found during synchronizing snippets.
[2021-07-22 23:29:02.227] [settingssync] [info] GlobalState: No changes found during synchronizing ui state.
[2021-07-22 23:29:02.302] [settingssync] [info] Extensions: No changes found during synchronizing extensions.
[2021-07-22 23:29:02.304] [settingssync] [info] Sync done. Took 109ms
[2021-07-22 23:29:21.439] [settingssync] [info] Auto Sync: Triggered by Activity
[2021-07-22 23:29:21.529] [settingssync] [info] Settings: No changes found during synchronizing settings.
[2021-07-22 23:29:21.531] [settingssync] [info] Keybindings: No changes found during synchronizing keybindings.
[2021-07-22 23:29:21.534] [settingssync] [info] Snippets: No changes found during synchronizing snippets.
[2021-07-22 23:29:21.572] [settingssync] [info] GlobalState: No changes found during synchronizing ui state.
[2021-07-22 23:29:21.643] [settingssync] [info] Extensions: No changes found during synchronizing extensions.
[2021-07-22 23:29:21.644] [settingssync] [info] Sync done. Took 118ms
[2021-07-22 23:34:21.648] [settingssync] [info] Auto Sync: Triggered by Interval
[2021-07-22 23:34:21.818] [settingssync] [info] Settings: No changes found during synchronizing settings.
[2021-07-22 23:34:21.820] [settingssync] [info] Keybindings: No changes found during synchronizing keybindings.
[2021-07-22 23:34:21.823] [settingssync] [info] Snippets: No changes found during synchronizing snippets.
[2021-07-22 23:34:21.863] [settingssync] [info] GlobalState: No changes found during synchronizing ui state.
[2021-07-22 23:34:21.947] [settingssync] [info] Extensions: No changes found during synchronizing extensions.
[2021-07-22 23:34:21.948] [settingssync] [info] Sync done. Took 132ms
[2021-07-22 23:35:50.967] [settingssync] [info] Auto Sync: Triggered by Activity
[2021-07-22 23:35:51.038] [settingssync] [info] Settings: No changes found during synchronizing settings.
[2021-07-22 23:35:51.040] [settingssync] [info] Keybindings: No changes found during synchronizing keybindings.
[2021-07-22 23:35:51.044] [settingssync] [info] Snippets: No changes found during synchronizing snippets.
[2021-07-22 23:35:51.090] [settingssync] [info] GlobalState: No changes found during synchronizing ui state.
[2021-07-22 23:35:51.173] [settingssync] [info] Extensions: No changes found during synchronizing extensions.
[2021-07-22 23:35:51.174] [settingssync] [info] Sync done. Took 139ms
[2021-07-22 23:40:51.175] [settingssync] [info] Auto Sync: Triggered by Interval
[2021-07-22 23:40:51.335] [settingssync] [info] Settings: No changes found during synchronizing settings.
[2021-07-22 23:40:51.337] [settingssync] [info] Keybindings: No changes found during synchronizing keybindings.
[2021-07-22 23:40:51.339] [settingssync] [info] Snippets: No changes found during synchronizing snippets.
[2021-07-22 23:40:51.374] [settingssync] [info] GlobalState: No changes found during synchronizing ui state.
[2021-07-22 23:40:51.449] [settingssync] [info] Extensions: No changes found during synchronizing extensions.
[2021-07-22 23:40:51.449] [settingssync] [info] Sync done. Took 118ms
[2021-07-22 23:44:09.440] [settingssync] [info] Auto Sync: Triggered by Activity
[2021-07-22 23:44:09.621] [settingssync] [info] Settings: No changes found during synchronizing settings.
[2021-07-22 23:44:09.624] [settingssync] [info] Keybindings: No changes found during synchronizing keybindings.
[2021-07-22 23:44:09.630] [settingssync] [info] Snippets: No changes found during synchronizing snippets.
[2021-07-22 23:44:09.662] [settingssync] [info] GlobalState: No changes found during synchronizing ui state.
[2021-07-22 23:44:09.720] [settingssync] [info] Extensions: No changes found during synchronizing extensions.
[2021-07-22 23:44:09.721] [settingssync] [info] Sync done. Took 104ms
[2021-07-22 23:46:14.534] [settingssync] [info] Auto Sync: Triggered by Activity
[2021-07-22 23:46:14.614] [settingssync] [info] Settings: No changes found during synchronizing settings.
[2021-07-22 23:46:14.618] [settingssync] [info] Keybindings: No changes found during synchronizing keybindings.
[2021-07-22 23:46:14.621] [settingssync] [info] Snippets: No changes found during synchronizing snippets.
[2021-07-22 23:46:14.652] [settingssync] [info] GlobalState: No changes found during synchronizing ui state.
[2021-07-22 23:46:14.735] [settingssync] [info] Extensions: No changes found during synchronizing extensions.
[2021-07-22 23:46:14.736] [settingssync] [info] Sync done. Took 127ms
[2021-07-22 23:47:25.267] [settingssync] [info] Auto Sync: Triggered by Activity
[2021-07-22 23:47:25.346] [settingssync] [info] Settings: No changes found during synchronizing settings.
[2021-07-22 23:47:25.348] [settingssync] [info] Keybindings: No changes found during synchronizing keybindings.
[2021-07-22 23:47:25.352] [settingssync] [info] Snippets: No changes found during synchronizing snippets.
[2021-07-22 23:47:25.380] [settingssync] [info] GlobalState: No changes found during synchronizing ui state.
[2021-07-22 23:47:25.438] [settingssync] [info] Extensions: No changes found during synchronizing extensions.
[2021-07-22 23:47:25.438] [settingssync] [info] Sync done. Took 96ms
[2021-07-22 23:52:25.440] [settingssync] [info] Auto Sync: Triggered by Interval
[2021-07-22 23:52:26.431] [settingssync] [info] Settings: No changes found during synchronizing settings.
[2021-07-22 23:52:26.434] [settingssync] [info] Keybindings: No changes found during synchronizing keybindings.
[2021-07-22 23:52:26.438] [settingssync] [info] Snippets: No changes found during synchronizing snippets.
[2021-07-22 23:52:26.469] [settingssync] [info] GlobalState: No changes found during synchronizing ui state.
[2021-07-22 23:52:26.516] [settingssync] [info] Extensions: No changes found during synchronizing extensions.
[2021-07-22 23:52:26.517] [settingssync] [info] Sync done. Took 94ms
