["INFO" - 11:09:34] Extension Name: esbenp.prettier-vscode.
["INFO" - 11:09:34] Extension Version: 8.0.1.
["INFO" - 11:09:46] Formatting /home/soeren/Programming/andreas-site/.vscode/settings.json
["INFO" - 11:09:46] Using ignore file (if present) at /home/soeren/Programming/andreas-site/.prettierignore
["INFO" - 11:09:46] File Info:
{
  "ignored": false,
  "inferredParser": "json"
}
["INFO" - 11:09:46] No local configuration (i.e. .prettierrc or .editorconfig) detected, falling back to VS Code configuration
["INFO" - 11:09:46] Prettier Options:
{
  "arrowParens": "always",
  "bracketSpacing": true,
  "endOfLine": "lf",
  "htmlWhitespaceSensitivity": "css",
  "insertPragma": false,
  "jsxBracketSameLine": false,
  "jsxSingleQuote": false,
  "printWidth": 80,
  "proseWrap": "preserve",
  "quoteProps": "as-needed",
  "requirePragma": false,
  "semi": true,
  "singleQuote": false,
  "tabWidth": 2,
  "trailingComma": "es5",
  "useTabs": false,
  "vueIndentScriptAndStyle": false,
  "filepath": "/home/soeren/Programming/andreas-site/.vscode/settings.json",
  "parser": "json"
}
["INFO" - 11:09:46] Formatting completed in 102.763625ms.
