[2021-07-21 11:18:29.120] [exthost] [info] extension host started
[2021-07-21 11:18:29.120] [exthost] [info] Skipping acquiring lock for /home/soeren/.config/Code/User/workspaceStorage/3be0cc06f5ab4a32eef053f3bae656c0.
[2021-07-21 11:18:29.188] [exthost] [info] ExtensionService#_doActivateExtension vscode.microsoft-authentication {"startup":false,"extensionId":{"value":"vscode.microsoft-authentication","_lower":"vscode.microsoft-authentication"},"activationEvent":"onAuthenticationRequest:microsoft"}
[2021-07-21 11:18:29.188] [exthost] [info] ExtensionService#loadCommonJSModule file:///opt/visual-studio-code/resources/app/extensions/microsoft-authentication/dist/extension.js
[2021-07-21 11:18:29.197] [exthost] [info] ExtensionService#_doActivateExtension ardenivanov.svelte-intellisense {"startup":false,"extensionId":{"value":"ardenivanov.svelte-intellisense","_lower":"ardenivanov.svelte-intellisense"},"activationEvent":"onLanguage:svelte"}
[2021-07-21 11:18:29.197] [exthost] [info] ExtensionService#loadCommonJSModule file:///home/soeren/.vscode/extensions/ardenivanov.svelte-intellisense-0.7.1/client/out/extension
[2021-07-21 11:18:29.230] [exthost] [info] ExtensionService#_doActivateExtension pivaszbs.svelte-autoimport {"startup":false,"extensionId":{"value":"pivaszbs.svelte-autoimport","_lower":"pivaszbs.svelte-autoimport"},"activationEvent":"onLanguage:svelte"}
[2021-07-21 11:18:29.230] [exthost] [info] ExtensionService#loadCommonJSModule file:///home/soeren/.vscode/extensions/pivaszbs.svelte-autoimport-1.0.4/out/extension.js
[2021-07-21 11:18:29.246] [exthost] [info] ExtensionService#_doActivateExtension svelte.svelte-vscode {"startup":false,"extensionId":{"value":"svelte.svelte-vscode","_lower":"svelte.svelte-vscode"},"activationEvent":"onLanguage:svelte"}
[2021-07-21 11:18:29.246] [exthost] [info] ExtensionService#loadCommonJSModule file:///home/soeren/.vscode/extensions/svelte.svelte-vscode-105.3.1/dist/src/extension.js
[2021-07-21 11:18:29.334] [exthost] [info] ExtensionService#_doActivateExtension vscode.debug-auto-launch {"startup":true,"extensionId":{"value":"vscode.debug-auto-launch","_lower":"vscode.debug-auto-launch"},"activationEvent":"*"}
[2021-07-21 11:18:29.334] [exthost] [info] ExtensionService#loadCommonJSModule file:///opt/visual-studio-code/resources/app/extensions/debug-auto-launch/dist/extension
[2021-07-21 11:18:29.336] [exthost] [info] ExtensionService#_doActivateExtension vscode.git {"startup":true,"extensionId":{"value":"vscode.github","_lower":"vscode.github"},"activationEvent":"*"}
[2021-07-21 11:18:29.336] [exthost] [info] ExtensionService#loadCommonJSModule file:///opt/visual-studio-code/resources/app/extensions/git/dist/main
[2021-07-21 11:18:29.348] [exthost] [info] ExtensionService#_doActivateExtension asvetliakov.vscode-neovim {"startup":true,"extensionId":{"value":"asvetliakov.vscode-neovim","_lower":"asvetliakov.vscode-neovim"},"activationEvent":"*"}
[2021-07-21 11:18:29.348] [exthost] [info] ExtensionService#loadCommonJSModule file:///home/soeren/.vscode/extensions/asvetliakov.vscode-neovim-0.0.82/dist/extension.js
[2021-07-21 11:18:29.360] [exthost] [info] ExtensionService#_doActivateExtension vscode.npm {"startup":true,"extensionId":{"value":"vscode.npm","_lower":"vscode.npm"},"activationEvent":"workspaceContains:package.json"}
[2021-07-21 11:18:29.360] [exthost] [info] ExtensionService#loadCommonJSModule file:///opt/visual-studio-code/resources/app/extensions/npm/dist/npmMain
[2021-07-21 11:18:29.823] [exthost] [info] ExtensionService#_doActivateExtension ms-vscode.js-debug {"startup":false,"extensionId":{"value":"ms-vscode.js-debug","_lower":"ms-vscode.js-debug"},"activationEvent":"onCommand:extension.js-debug.clearAutoAttachVariables"}
[2021-07-21 11:18:29.823] [exthost] [info] ExtensionService#loadCommonJSModule file:///opt/visual-studio-code/resources/app/extensions/ms-vscode.js-debug/src/extension.js
[2021-07-21 11:18:29.934] [exthost] [info] ExtensionService#_doActivateExtension vscode.github {"startup":false,"extensionId":{"value":"vscode.github","_lower":"vscode.github"},"activationEvent":"*"}
[2021-07-21 11:18:29.934] [exthost] [info] ExtensionService#loadCommonJSModule file:///opt/visual-studio-code/resources/app/extensions/github/dist/extension.js
[2021-07-21 11:18:30.001] [exthost] [info] eager extensions activated
[2021-07-21 11:18:30.008] [exthost] [info] ExtensionService#_doActivateExtension vscode.emmet {"startup":false,"extensionId":{"value":"vscode.emmet","_lower":"vscode.emmet"},"activationEvent":"onStartupFinished"}
[2021-07-21 11:18:30.008] [exthost] [info] ExtensionService#loadCommonJSModule file:///opt/visual-studio-code/resources/app/extensions/emmet/dist/node/emmetNodeMain
[2021-07-21 11:18:30.018] [exthost] [info] ExtensionService#_doActivateExtension vscode.merge-conflict {"startup":false,"extensionId":{"value":"vscode.merge-conflict","_lower":"vscode.merge-conflict"},"activationEvent":"onStartupFinished"}
[2021-07-21 11:18:30.018] [exthost] [info] ExtensionService#loadCommonJSModule file:///opt/visual-studio-code/resources/app/extensions/merge-conflict/dist/mergeConflictMain
[2021-07-21 11:18:30.020] [exthost] [info] ExtensionService#_doActivateExtension vscode.testing-editor-contributions {"startup":false,"extensionId":{"value":"vscode.testing-editor-contributions","_lower":"vscode.testing-editor-contributions"},"activationEvent":"onStartupFinished"}
[2021-07-21 11:18:30.020] [exthost] [info] ExtensionService#loadCommonJSModule file:///opt/visual-studio-code/resources/app/extensions/testing-editor-contributions/dist/extension.js
[2021-07-21 11:18:30.025] [exthost] [info] ExtensionService#_doActivateExtension vscode.github-authentication {"startup":false,"extensionId":{"value":"vscode.github-authentication","_lower":"vscode.github-authentication"},"activationEvent":"onAuthenticationRequest:github"}
[2021-07-21 11:18:30.025] [exthost] [info] ExtensionService#loadCommonJSModule file:///opt/visual-studio-code/resources/app/extensions/github-authentication/dist/extension.js
[2021-07-21 11:18:52.100] [exthost] [info] ExtensionService#_doActivateExtension vscode.configuration-editing {"startup":false,"extensionId":{"value":"vscode.configuration-editing","_lower":"vscode.configuration-editing"},"activationEvent":"onLanguage:json"}
[2021-07-21 11:18:52.100] [exthost] [info] ExtensionService#loadCommonJSModule file:///opt/visual-studio-code/resources/app/extensions/configuration-editing/dist/configurationEditingMain
[2021-07-21 11:18:52.103] [exthost] [info] ExtensionService#_doActivateExtension vscode.extension-editing {"startup":false,"extensionId":{"value":"vscode.extension-editing","_lower":"vscode.extension-editing"},"activationEvent":"onLanguage:json"}
[2021-07-21 11:18:52.103] [exthost] [info] ExtensionService#loadCommonJSModule file:///opt/visual-studio-code/resources/app/extensions/extension-editing/dist/extensionEditingMain
[2021-07-21 11:18:52.112] [exthost] [info] ExtensionService#_doActivateExtension vscode.json-language-features {"startup":false,"extensionId":{"value":"vscode.json-language-features","_lower":"vscode.json-language-features"},"activationEvent":"onLanguage:json"}
[2021-07-21 11:18:52.112] [exthost] [info] ExtensionService#loadCommonJSModule file:///opt/visual-studio-code/resources/app/extensions/json-language-features/client/dist/node/jsonClientMain
[2021-07-21 11:19:41.550] [exthost] [info] ExtensionService#_doActivateExtension vscode.typescript-language-features {"startup":false,"extensionId":{"value":"vscode.typescript-language-features","_lower":"vscode.typescript-language-features"},"activationEvent":"onLanguage:jsonc"}
[2021-07-21 11:19:41.550] [exthost] [info] ExtensionService#loadCommonJSModule file:///opt/visual-studio-code/resources/app/extensions/typescript-language-features/dist/extension
[2021-07-21 11:19:46.178] [exthost] [info] extension host terminating: renderer closed the socket
[2021-07-21 11:19:47.200] [exthost] [info] exiting with code 0
[2021-07-21 11:19:47.603] [exthost] [info] extension host started
[2021-07-21 11:19:47.603] [exthost] [info] Skipping acquiring lock for /home/soeren/.config/Code/User/workspaceStorage/3be0cc06f5ab4a32eef053f3bae656c0.
[2021-07-21 11:19:47.688] [exthost] [info] ExtensionService#_doActivateExtension vscode.microsoft-authentication {"startup":false,"extensionId":{"value":"vscode.microsoft-authentication","_lower":"vscode.microsoft-authentication"},"activationEvent":"onAuthenticationRequest:microsoft"}
[2021-07-21 11:19:47.689] [exthost] [info] ExtensionService#loadCommonJSModule file:///opt/visual-studio-code/resources/app/extensions/microsoft-authentication/dist/extension.js
[2021-07-21 11:19:47.697] [exthost] [info] ExtensionService#_doActivateExtension ardenivanov.svelte-intellisense {"startup":false,"extensionId":{"value":"ardenivanov.svelte-intellisense","_lower":"ardenivanov.svelte-intellisense"},"activationEvent":"onLanguage:svelte"}
[2021-07-21 11:19:47.698] [exthost] [info] ExtensionService#loadCommonJSModule file:///home/soeren/.vscode/extensions/ardenivanov.svelte-intellisense-0.7.1/client/out/extension
[2021-07-21 11:19:47.726] [exthost] [info] ExtensionService#_doActivateExtension pivaszbs.svelte-autoimport {"startup":false,"extensionId":{"value":"pivaszbs.svelte-autoimport","_lower":"pivaszbs.svelte-autoimport"},"activationEvent":"onLanguage:svelte"}
[2021-07-21 11:19:47.726] [exthost] [info] ExtensionService#loadCommonJSModule file:///home/soeren/.vscode/extensions/pivaszbs.svelte-autoimport-1.0.4/out/extension.js
[2021-07-21 11:19:47.733] [exthost] [info] ExtensionService#_doActivateExtension svelte.svelte-vscode {"startup":false,"extensionId":{"value":"svelte.svelte-vscode","_lower":"svelte.svelte-vscode"},"activationEvent":"onLanguage:svelte"}
[2021-07-21 11:19:47.733] [exthost] [info] ExtensionService#loadCommonJSModule file:///home/soeren/.vscode/extensions/svelte.svelte-vscode-105.3.1/dist/src/extension.js
[2021-07-21 11:19:47.809] [exthost] [info] ExtensionService#_doActivateExtension vscode.debug-auto-launch {"startup":true,"extensionId":{"value":"vscode.debug-auto-launch","_lower":"vscode.debug-auto-launch"},"activationEvent":"*"}
[2021-07-21 11:19:47.809] [exthost] [info] ExtensionService#loadCommonJSModule file:///opt/visual-studio-code/resources/app/extensions/debug-auto-launch/dist/extension
[2021-07-21 11:19:47.811] [exthost] [info] ExtensionService#_doActivateExtension vscode.git {"startup":true,"extensionId":{"value":"vscode.github","_lower":"vscode.github"},"activationEvent":"*"}
[2021-07-21 11:19:47.811] [exthost] [info] ExtensionService#loadCommonJSModule file:///opt/visual-studio-code/resources/app/extensions/git/dist/main
[2021-07-21 11:19:47.823] [exthost] [info] ExtensionService#_doActivateExtension vscode.npm {"startup":true,"extensionId":{"value":"vscode.npm","_lower":"vscode.npm"},"activationEvent":"workspaceContains:package.json"}
[2021-07-21 11:19:47.824] [exthost] [info] ExtensionService#loadCommonJSModule file:///opt/visual-studio-code/resources/app/extensions/npm/dist/npmMain
[2021-07-21 11:19:48.028] [exthost] [info] ExtensionService#_doActivateExtension vscode.github {"startup":true,"extensionId":{"value":"vscode.github","_lower":"vscode.github"},"activationEvent":"*"}
[2021-07-21 11:19:48.028] [exthost] [info] ExtensionService#loadCommonJSModule file:///opt/visual-studio-code/resources/app/extensions/github/dist/extension.js
[2021-07-21 11:19:48.144] [exthost] [info] ExtensionService#_doActivateExtension ms-vscode.js-debug {"startup":false,"extensionId":{"value":"ms-vscode.js-debug","_lower":"ms-vscode.js-debug"},"activationEvent":"onCommand:extension.js-debug.clearAutoAttachVariables"}
[2021-07-21 11:19:48.144] [exthost] [info] ExtensionService#loadCommonJSModule file:///opt/visual-studio-code/resources/app/extensions/ms-vscode.js-debug/src/extension.js
[2021-07-21 11:19:48.260] [exthost] [info] eager extensions activated
[2021-07-21 11:19:48.471] [exthost] [info] ExtensionService#_doActivateExtension vscode.emmet {"startup":false,"extensionId":{"value":"vscode.emmet","_lower":"vscode.emmet"},"activationEvent":"onStartupFinished"}
[2021-07-21 11:19:48.471] [exthost] [info] ExtensionService#loadCommonJSModule file:///opt/visual-studio-code/resources/app/extensions/emmet/dist/node/emmetNodeMain
[2021-07-21 11:19:48.476] [exthost] [info] ExtensionService#_doActivateExtension vscode.merge-conflict {"startup":false,"extensionId":{"value":"vscode.merge-conflict","_lower":"vscode.merge-conflict"},"activationEvent":"onStartupFinished"}
[2021-07-21 11:19:48.476] [exthost] [info] ExtensionService#loadCommonJSModule file:///opt/visual-studio-code/resources/app/extensions/merge-conflict/dist/mergeConflictMain
[2021-07-21 11:19:48.477] [exthost] [info] ExtensionService#_doActivateExtension vscode.testing-editor-contributions {"startup":false,"extensionId":{"value":"vscode.testing-editor-contributions","_lower":"vscode.testing-editor-contributions"},"activationEvent":"onStartupFinished"}
[2021-07-21 11:19:48.478] [exthost] [info] ExtensionService#loadCommonJSModule file:///opt/visual-studio-code/resources/app/extensions/testing-editor-contributions/dist/extension.js
[2021-07-21 11:19:48.508] [exthost] [info] ExtensionService#_doActivateExtension vscode.github-authentication {"startup":false,"extensionId":{"value":"vscode.github-authentication","_lower":"vscode.github-authentication"},"activationEvent":"onAuthenticationRequest:github"}
[2021-07-21 11:19:48.508] [exthost] [info] ExtensionService#loadCommonJSModule file:///opt/visual-studio-code/resources/app/extensions/github-authentication/dist/extension.js
[2021-07-21 11:20:04.286] [exthost] [info] ExtensionService#_doActivateExtension vscode.configuration-editing {"startup":false,"extensionId":{"value":"vscode.configuration-editing","_lower":"vscode.configuration-editing"},"activationEvent":"onLanguage:json"}
[2021-07-21 11:20:04.286] [exthost] [info] ExtensionService#loadCommonJSModule file:///opt/visual-studio-code/resources/app/extensions/configuration-editing/dist/configurationEditingMain
[2021-07-21 11:20:04.289] [exthost] [info] ExtensionService#_doActivateExtension vscode.extension-editing {"startup":false,"extensionId":{"value":"vscode.extension-editing","_lower":"vscode.extension-editing"},"activationEvent":"onLanguage:json"}
[2021-07-21 11:20:04.289] [exthost] [info] ExtensionService#loadCommonJSModule file:///opt/visual-studio-code/resources/app/extensions/extension-editing/dist/extensionEditingMain
[2021-07-21 11:20:04.294] [exthost] [info] ExtensionService#_doActivateExtension vscode.json-language-features {"startup":false,"extensionId":{"value":"vscode.json-language-features","_lower":"vscode.json-language-features"},"activationEvent":"onLanguage:json"}
[2021-07-21 11:20:04.294] [exthost] [info] ExtensionService#loadCommonJSModule file:///opt/visual-studio-code/resources/app/extensions/json-language-features/client/dist/node/jsonClientMain
[2021-07-21 11:20:04.308] [exthost] [info] ExtensionService#_doActivateExtension vscode.typescript-language-features {"startup":false,"extensionId":{"value":"vscode.typescript-language-features","_lower":"vscode.typescript-language-features"},"activationEvent":"onLanguage:jsonc"}
[2021-07-21 11:20:04.308] [exthost] [info] ExtensionService#loadCommonJSModule file:///opt/visual-studio-code/resources/app/extensions/typescript-language-features/dist/extension
[2021-07-21 11:20:39.137] [exthost] [info] ExtensionService#_doActivateExtension vscodevim.vim {"startup":false,"extensionId":{"value":"vscodevim.vim","_lower":"vscodevim.vim"},"activationEvent":"*"}
[2021-07-21 11:20:39.137] [exthost] [info] ExtensionService#loadCommonJSModule file:///home/soeren/.vscode/extensions/vscodevim.vim-1.21.5/out/extension
[2021-07-21 11:21:13.720] [exthost] [warning] TextEditor is closed/disposed
[2021-07-21 11:21:13.720] [exthost] [warning] TextEditor is closed/disposed
[2021-07-21 11:21:13.735] [exthost] [warning] {"name":"DISPOSED","message":"TextEditor(vs.editor.ICodeEditor:1,$model6) has been disposed"}
[2021-07-21 11:21:18.199] [exthost] [info] extension host terminating: renderer closed the socket
[2021-07-21 11:21:18.694] [exthost] [error] TypeError: Converting circular structure to JSON
    --> starting at object with constructor 't'
    |     property '_readableState' -> object with constructor 'C'
    |     property 'pipes' -> object with constructor 'Array'
    |     index 0 -> object with constructor 't.ConsoleForElectron'
    --- property 'parent' closes the circle
    at JSON.stringify (<anonymous>)
    at /home/soeren/.vscode/extensions/vscodevim.vim-1.21.5/src/register/register.ts:354:16
    at process.async (internal/process/task_queues.js:93:5)
    at Object.e.deactivate (/home/soeren/.vscode/extensions/vscodevim.vim-1.21.5/extension.ts:36:8)
    at async Promise.all (index 17)
    at u.deactivateAll (/opt/visual-studio-code/resources/app/out/vs/workbench/services/extensions/node/extensionHostProcess.js:89:9983)
[2021-07-21 11:21:19.225] [exthost] [info] exiting with code 0
