[2021-07-21 11:09:33.251] [exthost] [info] extension host started
[2021-07-21 11:09:33.251] [exthost] [info] Skipping acquiring lock for /home/soeren/.config/Code/User/workspaceStorage/3be0cc06f5ab4a32eef053f3bae656c0.
[2021-07-21 11:09:33.369] [exthost] [info] ExtensionService#_doActivateExtension vscode.microsoft-authentication {"startup":false,"extensionId":{"value":"vscode.microsoft-authentication","_lower":"vscode.microsoft-authentication"},"activationEvent":"onAuthenticationRequest:microsoft"}
[2021-07-21 11:09:33.369] [exthost] [info] ExtensionService#loadCommonJSModule file:///opt/visual-studio-code/resources/app/extensions/microsoft-authentication/dist/extension.js
[2021-07-21 11:09:33.383] [exthost] [info] ExtensionService#_doActivateExtension ardenivanov.svelte-intellisense {"startup":false,"extensionId":{"value":"ardenivanov.svelte-intellisense","_lower":"ardenivanov.svelte-intellisense"},"activationEvent":"onLanguage:svelte"}
[2021-07-21 11:09:33.383] [exthost] [info] ExtensionService#loadCommonJSModule file:///home/soeren/.vscode/extensions/ardenivanov.svelte-intellisense-0.7.1/client/out/extension
[2021-07-21 11:09:33.421] [exthost] [info] ExtensionService#_doActivateExtension svelte.svelte-vscode {"startup":false,"extensionId":{"value":"svelte.svelte-vscode","_lower":"svelte.svelte-vscode"},"activationEvent":"onLanguage:svelte"}
[2021-07-21 11:09:33.421] [exthost] [info] ExtensionService#loadCommonJSModule file:///home/soeren/.vscode/extensions/svelte.svelte-vscode-105.3.1/dist/src/extension.js
[2021-07-21 11:09:33.538] [exthost] [info] ExtensionService#_doActivateExtension vscode.debug-auto-launch {"startup":true,"extensionId":{"value":"vscode.debug-auto-launch","_lower":"vscode.debug-auto-launch"},"activationEvent":"*"}
[2021-07-21 11:09:33.538] [exthost] [info] ExtensionService#loadCommonJSModule file:///opt/visual-studio-code/resources/app/extensions/debug-auto-launch/dist/extension
[2021-07-21 11:09:33.540] [exthost] [info] ExtensionService#_doActivateExtension vscode.git {"startup":true,"extensionId":{"value":"vscode.github","_lower":"vscode.github"},"activationEvent":"*"}
[2021-07-21 11:09:33.540] [exthost] [info] ExtensionService#loadCommonJSModule file:///opt/visual-studio-code/resources/app/extensions/git/dist/main
[2021-07-21 11:09:33.560] [exthost] [info] ExtensionService#_doActivateExtension vscodevim.vim {"startup":true,"extensionId":{"value":"vscodevim.vim","_lower":"vscodevim.vim"},"activationEvent":"*"}
[2021-07-21 11:09:33.560] [exthost] [info] ExtensionService#loadCommonJSModule file:///home/soeren/.vscode/extensions/vscodevim.vim-1.21.5/out/extension
[2021-07-21 11:09:33.605] [exthost] [info] ExtensionService#_doActivateExtension vscode.npm {"startup":true,"extensionId":{"value":"vscode.npm","_lower":"vscode.npm"},"activationEvent":"workspaceContains:package.json"}
[2021-07-21 11:09:33.605] [exthost] [info] ExtensionService#loadCommonJSModule file:///opt/visual-studio-code/resources/app/extensions/npm/dist/npmMain
[2021-07-21 11:09:33.941] [exthost] [info] ExtensionService#_doActivateExtension vscode.github {"startup":true,"extensionId":{"value":"vscode.github","_lower":"vscode.github"},"activationEvent":"*"}
[2021-07-21 11:09:33.941] [exthost] [info] ExtensionService#loadCommonJSModule file:///opt/visual-studio-code/resources/app/extensions/github/dist/extension.js
[2021-07-21 11:09:34.184] [exthost] [info] ExtensionService#_doActivateExtension ms-vscode.js-debug {"startup":false,"extensionId":{"value":"ms-vscode.js-debug","_lower":"ms-vscode.js-debug"},"activationEvent":"onCommand:extension.js-debug.clearAutoAttachVariables"}
[2021-07-21 11:09:34.184] [exthost] [info] ExtensionService#loadCommonJSModule file:///opt/visual-studio-code/resources/app/extensions/ms-vscode.js-debug/src/extension.js
[2021-07-21 11:09:34.415] [exthost] [info] eager extensions activated
[2021-07-21 11:09:34.606] [exthost] [info] ExtensionService#_doActivateExtension vscode.emmet {"startup":false,"extensionId":{"value":"vscode.emmet","_lower":"vscode.emmet"},"activationEvent":"onStartupFinished"}
[2021-07-21 11:09:34.606] [exthost] [info] ExtensionService#loadCommonJSModule file:///opt/visual-studio-code/resources/app/extensions/emmet/dist/node/emmetNodeMain
[2021-07-21 11:09:34.612] [exthost] [info] ExtensionService#_doActivateExtension vscode.merge-conflict {"startup":false,"extensionId":{"value":"vscode.merge-conflict","_lower":"vscode.merge-conflict"},"activationEvent":"onStartupFinished"}
[2021-07-21 11:09:34.612] [exthost] [info] ExtensionService#loadCommonJSModule file:///opt/visual-studio-code/resources/app/extensions/merge-conflict/dist/mergeConflictMain
[2021-07-21 11:09:34.616] [exthost] [info] ExtensionService#_doActivateExtension vscode.testing-editor-contributions {"startup":false,"extensionId":{"value":"vscode.testing-editor-contributions","_lower":"vscode.testing-editor-contributions"},"activationEvent":"onStartupFinished"}
[2021-07-21 11:09:34.616] [exthost] [info] ExtensionService#loadCommonJSModule file:///opt/visual-studio-code/resources/app/extensions/testing-editor-contributions/dist/extension.js
[2021-07-21 11:09:34.617] [exthost] [info] ExtensionService#_doActivateExtension bradlc.vscode-tailwindcss {"startup":false,"extensionId":{"value":"bradlc.vscode-tailwindcss","_lower":"bradlc.vscode-tailwindcss"},"activationEvent":"onStartupFinished"}
[2021-07-21 11:09:34.617] [exthost] [info] ExtensionService#loadCommonJSModule file:///home/soeren/.vscode/extensions/bradlc.vscode-tailwindcss-0.6.13/dist/extension/index.js
[2021-07-21 11:09:34.626] [exthost] [info] ExtensionService#_doActivateExtension esbenp.prettier-vscode {"startup":false,"extensionId":{"value":"esbenp.prettier-vscode","_lower":"esbenp.prettier-vscode"},"activationEvent":"onStartupFinished"}
[2021-07-21 11:09:34.626] [exthost] [info] ExtensionService#loadCommonJSModule file:///home/soeren/.vscode/extensions/esbenp.prettier-vscode-8.0.1/dist/extension
[2021-07-21 11:09:34.750] [exthost] [info] ExtensionService#_doActivateExtension vscode.github-authentication {"startup":false,"extensionId":{"value":"vscode.github-authentication","_lower":"vscode.github-authentication"},"activationEvent":"onAuthenticationRequest:github"}
[2021-07-21 11:09:34.751] [exthost] [info] ExtensionService#loadCommonJSModule file:///opt/visual-studio-code/resources/app/extensions/github-authentication/dist/extension.js
[2021-07-21 11:09:41.510] [exthost] [error] [ardenivanov.svelte-intellisense] provider FAILED
[2021-07-21 11:09:41.511] [exthost] [error] TypeError: Cannot read property 'kind' of null
    at asHoverContent (/home/soeren/.vscode/extensions/ardenivanov.svelte-intellisense-0.7.1/client/node_modules/vscode-languageclient/lib/protocolConverter.js:101:27)
    at asHover (/home/soeren/.vscode/extensions/ardenivanov.svelte-intellisense-0.7.1/client/node_modules/vscode-languageclient/lib/protocolConverter.js:134:31)
[2021-07-21 11:09:41.523] [exthost] [info] ExtensionService#_doActivateExtension vscode.configuration-editing {"startup":false,"extensionId":{"value":"vscode.configuration-editing","_lower":"vscode.configuration-editing"},"activationEvent":"onLanguage:jsonc"}
[2021-07-21 11:09:41.523] [exthost] [info] ExtensionService#loadCommonJSModule file:///opt/visual-studio-code/resources/app/extensions/configuration-editing/dist/configurationEditingMain
[2021-07-21 11:09:41.528] [exthost] [info] ExtensionService#_doActivateExtension vscode.json-language-features {"startup":false,"extensionId":{"value":"vscode.json-language-features","_lower":"vscode.json-language-features"},"activationEvent":"onLanguage:jsonc"}
[2021-07-21 11:09:41.528] [exthost] [info] ExtensionService#loadCommonJSModule file:///opt/visual-studio-code/resources/app/extensions/json-language-features/client/dist/node/jsonClientMain
[2021-07-21 11:09:41.550] [exthost] [info] ExtensionService#_doActivateExtension vscode.typescript-language-features {"startup":false,"extensionId":{"value":"vscode.typescript-language-features","_lower":"vscode.typescript-language-features"},"activationEvent":"onLanguage:jsonc"}
[2021-07-21 11:09:41.550] [exthost] [info] ExtensionService#loadCommonJSModule file:///opt/visual-studio-code/resources/app/extensions/typescript-language-features/dist/extension
[2021-07-21 11:09:41.722] [exthost] [info] ExtensionService#_doActivateExtension vscode.extension-editing {"startup":false,"extensionId":{"value":"vscode.extension-editing","_lower":"vscode.extension-editing"},"activationEvent":"onLanguage:typescript"}
[2021-07-21 11:09:41.722] [exthost] [info] ExtensionService#loadCommonJSModule file:///opt/visual-studio-code/resources/app/extensions/extension-editing/dist/extensionEditingMain
[2021-07-21 11:09:42.112] [exthost] [error] [ardenivanov.svelte-intellisense] provider FAILED
[2021-07-21 11:09:42.112] [exthost] [error] TypeError: Cannot read property 'kind' of null
    at asHoverContent (/home/soeren/.vscode/extensions/ardenivanov.svelte-intellisense-0.7.1/client/node_modules/vscode-languageclient/lib/protocolConverter.js:101:27)
    at asHover (/home/soeren/.vscode/extensions/ardenivanov.svelte-intellisense-0.7.1/client/node_modules/vscode-languageclient/lib/protocolConverter.js:134:31)
[2021-07-21 11:09:44.334] [exthost] [info] ExtensionService#_doActivateExtension asvetliakov.vscode-neovim {"startup":false,"extensionId":{"value":"asvetliakov.vscode-neovim","_lower":"asvetliakov.vscode-neovim"},"activationEvent":"*"}
[2021-07-21 11:09:44.334] [exthost] [info] ExtensionService#loadCommonJSModule file:///home/soeren/.vscode/extensions/asvetliakov.vscode-neovim-0.0.82/dist/extension.js
[2021-07-21 11:09:46.034] [exthost] [info] ExtensionService#_doActivateExtension stuart.unique-window-colors {"startup":false,"extensionId":{"value":"stuart.unique-window-colors","_lower":"stuart.unique-window-colors"},"activationEvent":"*"}
[2021-07-21 11:09:46.035] [exthost] [info] ExtensionService#loadCommonJSModule file:///home/soeren/.vscode/extensions/stuart.unique-window-colors-1.0.51/out/extension
[2021-07-21 11:11:40.039] [exthost] [info] ExtensionService#_doActivateExtension vscode.css-language-features {"startup":false,"extensionId":{"value":"vscode.css-language-features","_lower":"vscode.css-language-features"},"activationEvent":"onLanguage:css"}
[2021-07-21 11:11:40.039] [exthost] [info] ExtensionService#loadCommonJSModule file:///opt/visual-studio-code/resources/app/extensions/css-language-features/client/dist/node/cssClientMain
[2021-07-21 11:12:08.136] [exthost] [info] extension host terminating: renderer closed the socket
[2021-07-21 11:12:09.152] [exthost] [info] exiting with code 0
[2021-07-21 11:12:09.705] [exthost] [info] extension host started
[2021-07-21 11:12:09.705] [exthost] [info] Skipping acquiring lock for /home/soeren/.config/Code/User/workspaceStorage/3be0cc06f5ab4a32eef053f3bae656c0.
[2021-07-21 11:12:09.960] [exthost] [info] ExtensionService#_doActivateExtension vscode.microsoft-authentication {"startup":false,"extensionId":{"value":"vscode.microsoft-authentication","_lower":"vscode.microsoft-authentication"},"activationEvent":"onAuthenticationRequest:microsoft"}
[2021-07-21 11:12:09.960] [exthost] [info] ExtensionService#loadCommonJSModule file:///opt/visual-studio-code/resources/app/extensions/microsoft-authentication/dist/extension.js
[2021-07-21 11:12:09.970] [exthost] [info] ExtensionService#_doActivateExtension vscode.debug-auto-launch {"startup":true,"extensionId":{"value":"vscode.debug-auto-launch","_lower":"vscode.debug-auto-launch"},"activationEvent":"*"}
[2021-07-21 11:12:09.971] [exthost] [info] ExtensionService#loadCommonJSModule file:///opt/visual-studio-code/resources/app/extensions/debug-auto-launch/dist/extension
[2021-07-21 11:12:09.975] [exthost] [info] ExtensionService#_doActivateExtension vscode.git {"startup":true,"extensionId":{"value":"vscode.github","_lower":"vscode.github"},"activationEvent":"*"}
[2021-07-21 11:12:09.975] [exthost] [info] ExtensionService#loadCommonJSModule file:///opt/visual-studio-code/resources/app/extensions/git/dist/main
[2021-07-21 11:12:10.005] [exthost] [info] ExtensionService#_doActivateExtension asvetliakov.vscode-neovim {"startup":true,"extensionId":{"value":"asvetliakov.vscode-neovim","_lower":"asvetliakov.vscode-neovim"},"activationEvent":"*"}
[2021-07-21 11:12:10.005] [exthost] [info] ExtensionService#loadCommonJSModule file:///home/soeren/.vscode/extensions/asvetliakov.vscode-neovim-0.0.82/dist/extension.js
[2021-07-21 11:12:10.035] [exthost] [info] ExtensionService#_doActivateExtension vscodevim.vim {"startup":true,"extensionId":{"value":"vscodevim.vim","_lower":"vscodevim.vim"},"activationEvent":"*"}
[2021-07-21 11:12:10.035] [exthost] [info] ExtensionService#loadCommonJSModule file:///home/soeren/.vscode/extensions/vscodevim.vim-1.21.5/out/extension
[2021-07-21 11:12:10.074] [exthost] [info] ExtensionService#_doActivateExtension vscode.npm {"startup":true,"extensionId":{"value":"vscode.npm","_lower":"vscode.npm"},"activationEvent":"workspaceContains:package.json"}
[2021-07-21 11:12:10.074] [exthost] [info] ExtensionService#loadCommonJSModule file:///opt/visual-studio-code/resources/app/extensions/npm/dist/npmMain
[2021-07-21 11:12:10.492] [exthost] [info] ExtensionService#_doActivateExtension ms-vscode.js-debug {"startup":false,"extensionId":{"value":"ms-vscode.js-debug","_lower":"ms-vscode.js-debug"},"activationEvent":"onCommand:extension.js-debug.clearAutoAttachVariables"}
[2021-07-21 11:12:10.493] [exthost] [info] ExtensionService#loadCommonJSModule file:///opt/visual-studio-code/resources/app/extensions/ms-vscode.js-debug/src/extension.js
[2021-07-21 11:12:10.579] [exthost] [info] ExtensionService#_doActivateExtension vscode.github {"startup":false,"extensionId":{"value":"vscode.github","_lower":"vscode.github"},"activationEvent":"*"}
[2021-07-21 11:12:10.579] [exthost] [info] ExtensionService#loadCommonJSModule file:///opt/visual-studio-code/resources/app/extensions/github/dist/extension.js
[2021-07-21 11:12:10.651] [exthost] [info] ExtensionService#_doActivateExtension vscode.github-authentication {"startup":false,"extensionId":{"value":"vscode.github-authentication","_lower":"vscode.github-authentication"},"activationEvent":"onAuthenticationRequest:github"}
[2021-07-21 11:12:10.651] [exthost] [info] ExtensionService#loadCommonJSModule file:///opt/visual-studio-code/resources/app/extensions/github-authentication/dist/extension.js
[2021-07-21 11:12:10.659] [exthost] [info] eager extensions activated
[2021-07-21 11:12:10.671] [exthost] [info] ExtensionService#_doActivateExtension vscode.emmet {"startup":false,"extensionId":{"value":"vscode.emmet","_lower":"vscode.emmet"},"activationEvent":"onStartupFinished"}
[2021-07-21 11:12:10.671] [exthost] [info] ExtensionService#loadCommonJSModule file:///opt/visual-studio-code/resources/app/extensions/emmet/dist/node/emmetNodeMain
[2021-07-21 11:12:10.674] [exthost] [info] ExtensionService#_doActivateExtension vscode.merge-conflict {"startup":false,"extensionId":{"value":"vscode.merge-conflict","_lower":"vscode.merge-conflict"},"activationEvent":"onStartupFinished"}
[2021-07-21 11:12:10.674] [exthost] [info] ExtensionService#loadCommonJSModule file:///opt/visual-studio-code/resources/app/extensions/merge-conflict/dist/mergeConflictMain
[2021-07-21 11:12:10.676] [exthost] [info] ExtensionService#_doActivateExtension vscode.testing-editor-contributions {"startup":false,"extensionId":{"value":"vscode.testing-editor-contributions","_lower":"vscode.testing-editor-contributions"},"activationEvent":"onStartupFinished"}
[2021-07-21 11:12:10.676] [exthost] [info] ExtensionService#loadCommonJSModule file:///opt/visual-studio-code/resources/app/extensions/testing-editor-contributions/dist/extension.js
[2021-07-21 11:12:32.509] [exthost] [info] ExtensionService#_doActivateExtension vscode.html-language-features {"startup":false,"extensionId":{"value":"vscode.html-language-features","_lower":"vscode.html-language-features"},"activationEvent":"onLanguage:html"}
[2021-07-21 11:12:32.509] [exthost] [info] ExtensionService#loadCommonJSModule file:///opt/visual-studio-code/resources/app/extensions/html-language-features/client/dist/node/htmlClientMain
[2021-07-21 11:12:47.936] [exthost] [info] ExtensionService#_doActivateExtension ardenivanov.svelte-intellisense {"startup":false,"extensionId":{"value":"ardenivanov.svelte-intellisense","_lower":"ardenivanov.svelte-intellisense"},"activationEvent":"onLanguage:svelte"}
[2021-07-21 11:12:47.936] [exthost] [info] ExtensionService#loadCommonJSModule file:///home/soeren/.vscode/extensions/ardenivanov.svelte-intellisense-0.7.1/client/out/extension
[2021-07-21 11:12:47.968] [exthost] [info] ExtensionService#_doActivateExtension pivaszbs.svelte-autoimport {"startup":false,"extensionId":{"value":"pivaszbs.svelte-autoimport","_lower":"pivaszbs.svelte-autoimport"},"activationEvent":"onLanguage:svelte"}
[2021-07-21 11:12:47.968] [exthost] [info] ExtensionService#loadCommonJSModule file:///home/soeren/.vscode/extensions/pivaszbs.svelte-autoimport-1.0.4/out/extension.js
[2021-07-21 11:12:47.990] [exthost] [info] ExtensionService#_doActivateExtension svelte.svelte-vscode {"startup":false,"extensionId":{"value":"svelte.svelte-vscode","_lower":"svelte.svelte-vscode"},"activationEvent":"onLanguage:svelte"}
[2021-07-21 11:12:47.990] [exthost] [info] ExtensionService#loadCommonJSModule file:///home/soeren/.vscode/extensions/svelte.svelte-vscode-105.3.1/dist/src/extension.js
[2021-07-21 11:13:17.462] [exthost] [info] ExtensionService#_doActivateExtension vscode.configuration-editing {"startup":false,"extensionId":{"value":"vscode.configuration-editing","_lower":"vscode.configuration-editing"},"activationEvent":"onLanguage:json"}
[2021-07-21 11:13:17.462] [exthost] [info] ExtensionService#loadCommonJSModule file:///opt/visual-studio-code/resources/app/extensions/configuration-editing/dist/configurationEditingMain
[2021-07-21 11:13:17.467] [exthost] [info] ExtensionService#_doActivateExtension vscode.extension-editing {"startup":false,"extensionId":{"value":"vscode.extension-editing","_lower":"vscode.extension-editing"},"activationEvent":"onLanguage:json"}
[2021-07-21 11:13:17.467] [exthost] [info] ExtensionService#loadCommonJSModule file:///opt/visual-studio-code/resources/app/extensions/extension-editing/dist/extensionEditingMain
[2021-07-21 11:13:17.478] [exthost] [info] ExtensionService#_doActivateExtension vscode.json-language-features {"startup":false,"extensionId":{"value":"vscode.json-language-features","_lower":"vscode.json-language-features"},"activationEvent":"onLanguage:json"}
[2021-07-21 11:13:17.478] [exthost] [info] ExtensionService#loadCommonJSModule file:///opt/visual-studio-code/resources/app/extensions/json-language-features/client/dist/node/jsonClientMain
[2021-07-21 11:13:45.880] [exthost] [info] ExtensionService#_doActivateExtension vscode.typescript-language-features {"startup":false,"extensionId":{"value":"vscode.typescript-language-features","_lower":"vscode.typescript-language-features"},"activationEvent":"onLanguage:jsonc"}
[2021-07-21 11:13:45.880] [exthost] [info] ExtensionService#loadCommonJSModule file:///opt/visual-studio-code/resources/app/extensions/typescript-language-features/dist/extension
[2021-07-21 11:15:42.407] [exthost] [info] extension host terminating: renderer closed the socket
[2021-07-21 11:15:43.428] [exthost] [info] exiting with code 0
