Initialize language server at  file:///home/soeren/Programming/website-redesign
No svelte.config.js found. Using https://github.com/sveltejs/svelte-preprocess as fallback
Using svelte-preprocess v4.7.4 from /home/soeren/.vscode/extensions/svelte.svelte-vscode-105.3.1/node_modules/svelte-preprocess
Initialize new ts service at  
Trying to load configs for 
No svelte.config.js found. Using https://github.com/sveltejs/svelte-preprocess as fallback
Using svelte-preprocess v4.7.4 from /home/soeren/.vscode/extensions/svelte.svelte-vscode-105.3.1/node_modules/svelte-preprocess
SnapshotManager File Statistics:
Project files: 0
Svelte files: 1
From node_modules: 0
Total: 1
Using Svelte v3.40.0 from /home/soeren/Programming/website-redesign/node_modules/svelte/compiler
Using Svelte v3.40.0 from /home/soeren/Programming/website-redesign/node_modules/svelte/compiler
Using Svelte v3.40.0 from /home/soeren/Programming/website-redesign/node_modules/svelte/compiler
Using Svelte v3.40.0 from /home/soeren/Programming/website-redesign/node_modules/svelte/compiler
Using Svelte v3.40.0 from /home/soeren/Programming/website-redesign/node_modules/svelte/compiler
Using Svelte v3.40.0 from /home/soeren/Programming/website-redesign/node_modules/svelte/compiler
Using Svelte v3.40.0 from /home/soeren/Programming/website-redesign/node_modules/svelte/compiler
Using Svelte v3.40.0 from /home/soeren/Programming/website-redesign/node_modules/svelte/compiler
SnapshotManager File Statistics:
Project files: 0
Svelte files: 1
From node_modules: 131
Total: 132
Using Svelte v3.40.0 from /home/soeren/Programming/website-redesign/node_modules/svelte/compiler
Using Svelte v3.40.0 from /home/soeren/Programming/website-redesign/node_modules/svelte/compiler
Using Svelte v3.40.0 from /home/soeren/Programming/website-redesign/node_modules/svelte/compiler
Using Svelte v3.40.0 from /home/soeren/Programming/website-redesign/node_modules/svelte/compiler
Using Svelte v3.40.0 from /home/soeren/Programming/website-redesign/node_modules/svelte/compiler
Using Svelte v3.40.0 from /home/soeren/Programming/website-redesign/node_modules/svelte/compiler
SnapshotManager File Statistics:
Project files: 0
Svelte files: 1
From node_modules: 131
Total: 132
Using Svelte v3.40.0 from /home/soeren/Programming/website-redesign/node_modules/svelte/compiler
Using Svelte v3.40.0 from /home/soeren/Programming/website-redesign/node_modules/svelte/compiler
Using Svelte v3.40.0 from /home/soeren/Programming/website-redesign/node_modules/svelte/compiler
Using Svelte v3.40.0 from /home/soeren/Programming/website-redesign/node_modules/svelte/compiler
Using Svelte v3.40.0 from /home/soeren/Programming/website-redesign/node_modules/svelte/compiler
Using Svelte v3.40.0 from /home/soeren/Programming/website-redesign/node_modules/svelte/compiler
Using Svelte v3.40.0 from /home/soeren/Programming/website-redesign/node_modules/svelte/compiler
Using Svelte v3.40.0 from /home/soeren/Programming/website-redesign/node_modules/svelte/compiler
Using Svelte v3.40.0 from /home/soeren/Programming/website-redesign/node_modules/svelte/compiler
Using Svelte v3.40.0 from /home/soeren/Programming/website-redesign/node_modules/svelte/compiler
Using Svelte v3.40.0 from /home/soeren/Programming/website-redesign/node_modules/svelte/compiler
Using Svelte v3.40.0 from /home/soeren/Programming/website-redesign/node_modules/svelte/compiler
Using Svelte v3.40.0 from /home/soeren/Programming/website-redesign/node_modules/svelte/compiler
Using Svelte v3.40.0 from /home/soeren/Programming/website-redesign/node_modules/svelte/compiler
Using Svelte v3.40.0 from /home/soeren/Programming/website-redesign/node_modules/svelte/compiler
Using Svelte v3.40.0 from /home/soeren/Programming/website-redesign/node_modules/svelte/compiler
Using Svelte v3.40.0 from /home/soeren/Programming/website-redesign/node_modules/svelte/compiler
Using Svelte v3.40.0 from /home/soeren/Programming/website-redesign/node_modules/svelte/compiler
Using Svelte v3.40.0 from /home/soeren/Programming/website-redesign/node_modules/svelte/compiler
Using Svelte v3.40.0 from /home/soeren/Programming/website-redesign/node_modules/svelte/compiler
Using Svelte v3.40.0 from /home/soeren/Programming/website-redesign/node_modules/svelte/compiler
Using Svelte v3.40.0 from /home/soeren/Programming/website-redesign/node_modules/svelte/compiler
Using Svelte v3.40.0 from /home/soeren/Programming/website-redesign/node_modules/svelte/compiler
Using Svelte v3.40.0 from /home/soeren/Programming/website-redesign/node_modules/svelte/compiler
SnapshotManager File Statistics:
Project files: 0
Svelte files: 1
From node_modules: 131
Total: 132
Using Svelte v3.40.0 from /home/soeren/Programming/website-redesign/node_modules/svelte/compiler
Using Svelte v3.40.0 from /home/soeren/Programming/website-redesign/node_modules/svelte/compiler
Using Svelte v3.40.0 from /home/soeren/Programming/website-redesign/node_modules/svelte/compiler
Using Svelte v3.40.0 from /home/soeren/Programming/website-redesign/node_modules/svelte/compiler
Using Svelte v3.40.0 from /home/soeren/Programming/website-redesign/node_modules/svelte/compiler
Using Svelte v3.40.0 from /home/soeren/Programming/website-redesign/node_modules/svelte/compiler
Using Svelte v3.40.0 from /home/soeren/Programming/website-redesign/node_modules/svelte/compiler
Using Svelte v3.40.0 from /home/soeren/Programming/website-redesign/node_modules/svelte/compiler
Using Svelte v3.40.0 from /home/soeren/Programming/website-redesign/node_modules/svelte/compiler
Using Svelte v3.40.0 from /home/soeren/Programming/website-redesign/node_modules/svelte/compiler
Using Svelte v3.40.0 from /home/soeren/Programming/website-redesign/node_modules/svelte/compiler
Using Svelte v3.40.0 from /home/soeren/Programming/website-redesign/node_modules/svelte/compiler
Using Svelte v3.40.0 from /home/soeren/Programming/website-redesign/node_modules/svelte/compiler
Using Svelte v3.40.0 from /home/soeren/Programming/website-redesign/node_modules/svelte/compiler
Using Svelte v3.40.0 from /home/soeren/Programming/website-redesign/node_modules/svelte/compiler
Using Svelte v3.40.0 from /home/soeren/Programming/website-redesign/node_modules/svelte/compiler
Using Svelte v3.40.0 from /home/soeren/Programming/website-redesign/node_modules/svelte/compiler
Using Svelte v3.40.0 from /home/soeren/Programming/website-redesign/node_modules/svelte/compiler
SnapshotManager File Statistics:
Project files: 0
Svelte files: 1
From node_modules: 131
Total: 132
Using Svelte v3.40.0 from /home/soeren/Programming/website-redesign/node_modules/svelte/compiler
Using Svelte v3.40.0 from /home/soeren/Programming/website-redesign/node_modules/svelte/compiler
Using Svelte v3.40.0 from /home/soeren/Programming/website-redesign/node_modules/svelte/compiler
Using Svelte v3.40.0 from /home/soeren/Programming/website-redesign/node_modules/svelte/compiler
Using Svelte v3.40.0 from /home/soeren/Programming/website-redesign/node_modules/svelte/compiler
Using Svelte v3.40.0 from /home/soeren/Programming/website-redesign/node_modules/svelte/compiler
Using Svelte v3.40.0 from /home/soeren/Programming/website-redesign/node_modules/svelte/compiler
Using Svelte v3.40.0 from /home/soeren/Programming/website-redesign/node_modules/svelte/compiler
Using Svelte v3.40.0 from /home/soeren/Programming/website-redesign/node_modules/svelte/compiler
Using Svelte v3.40.0 from /home/soeren/Programming/website-redesign/node_modules/svelte/compiler
Using Svelte v3.40.0 from /home/soeren/Programming/website-redesign/node_modules/svelte/compiler
Using Svelte v3.40.0 from /home/soeren/Programming/website-redesign/node_modules/svelte/compiler
Using Svelte v3.40.0 from /home/soeren/Programming/website-redesign/node_modules/svelte/compiler
Using Svelte v3.40.0 from /home/soeren/Programming/website-redesign/node_modules/svelte/compiler
Using Svelte v3.40.0 from /home/soeren/Programming/website-redesign/node_modules/svelte/compiler
Using Svelte v3.40.0 from /home/soeren/Programming/website-redesign/node_modules/svelte/compiler
SnapshotManager File Statistics:
Project files: 0
Svelte files: 1
From node_modules: 136
Total: 137
Using Svelte v3.40.0 from /home/soeren/Programming/website-redesign/node_modules/svelte/compiler
Using Svelte v3.40.0 from /home/soeren/Programming/website-redesign/node_modules/svelte/compiler
Using Svelte v3.40.0 from /home/soeren/Programming/website-redesign/node_modules/svelte/compiler
Using Svelte v3.40.0 from /home/soeren/Programming/website-redesign/node_modules/svelte/compiler
Using Svelte v3.40.0 from /home/soeren/Programming/website-redesign/node_modules/svelte/compiler
Using Svelte v3.40.0 from /home/soeren/Programming/website-redesign/node_modules/svelte/compiler
Using Svelte v3.40.0 from /home/soeren/Programming/website-redesign/node_modules/svelte/compiler
Using Svelte v3.40.0 from /home/soeren/Programming/website-redesign/node_modules/svelte/compiler
Using Svelte v3.40.0 from /home/soeren/Programming/website-redesign/node_modules/svelte/compiler
Using Svelte v3.40.0 from /home/soeren/Programming/website-redesign/node_modules/svelte/compiler
Using Svelte v3.40.0 from /home/soeren/Programming/website-redesign/node_modules/svelte/compiler
Using Svelte v3.40.0 from /home/soeren/Programming/website-redesign/node_modules/svelte/compiler
Using Svelte v3.40.0 from /home/soeren/Programming/website-redesign/node_modules/svelte/compiler
Using Svelte v3.40.0 from /home/soeren/Programming/website-redesign/node_modules/svelte/compiler
Using Svelte v3.40.0 from /home/soeren/Programming/website-redesign/node_modules/svelte/compiler
Using Svelte v3.40.0 from /home/soeren/Programming/website-redesign/node_modules/svelte/compiler
Using Svelte v3.40.0 from /home/soeren/Programming/website-redesign/node_modules/svelte/compiler
Using Svelte v3.40.0 from /home/soeren/Programming/website-redesign/node_modules/svelte/compiler
Using Svelte v3.40.0 from /home/soeren/Programming/website-redesign/node_modules/svelte/compiler
Using Svelte v3.40.0 from /home/soeren/Programming/website-redesign/node_modules/svelte/compiler
Using Svelte v3.40.0 from /home/soeren/Programming/website-redesign/node_modules/svelte/compiler
Using Svelte v3.40.0 from /home/soeren/Programming/website-redesign/node_modules/svelte/compiler
SnapshotManager File Statistics:
Project files: 0
Svelte files: 1
From node_modules: 136
Total: 137
Using Svelte v3.40.0 from /home/soeren/Programming/website-redesign/node_modules/svelte/compiler
Using Svelte v3.40.0 from /home/soeren/Programming/website-redesign/node_modules/svelte/compiler
Using Svelte v3.40.0 from /home/soeren/Programming/website-redesign/node_modules/svelte/compiler
Using Prettier v2.3.0 from /home/soeren/.vscode/extensions/svelte.svelte-vscode-105.3.1/node_modules/prettier
Using Svelte v3.40.0 from /home/soeren/Programming/website-redesign/node_modules/svelte/compiler
Using Svelte v3.40.0 from /home/soeren/Programming/website-redesign/node_modules/svelte/compiler
SnapshotManager File Statistics:
Project files: 0
Svelte files: 1
From node_modules: 136
Total: 137
Using Svelte v3.40.0 from /home/soeren/Programming/website-redesign/node_modules/svelte/compiler
Using Svelte v3.40.0 from /home/soeren/Programming/website-redesign/node_modules/svelte/compiler
Using Svelte v3.40.0 from /home/soeren/Programming/website-redesign/node_modules/svelte/compiler
Using Svelte v3.40.0 from /home/soeren/Programming/website-redesign/node_modules/svelte/compiler
Using Svelte v3.40.0 from /home/soeren/Programming/website-redesign/node_modules/svelte/compiler
Using Svelte v3.40.0 from /home/soeren/Programming/website-redesign/node_modules/svelte/compiler
Using Svelte v3.40.0 from /home/soeren/Programming/website-redesign/node_modules/svelte/compiler
Using Svelte v3.40.0 from /home/soeren/Programming/website-redesign/node_modules/svelte/compiler
Using Svelte v3.40.0 from /home/soeren/Programming/website-redesign/node_modules/svelte/compiler
Using Svelte v3.40.0 from /home/soeren/Programming/website-redesign/node_modules/svelte/compiler
Using Svelte v3.40.0 from /home/soeren/Programming/website-redesign/node_modules/svelte/compiler
Using Svelte v3.40.0 from /home/soeren/Programming/website-redesign/node_modules/svelte/compiler
SnapshotManager File Statistics:
Project files: 0
Svelte files: 1
From node_modules: 136
Total: 137
Using Svelte v3.40.0 from /home/soeren/Programming/website-redesign/node_modules/svelte/compiler
Using Svelte v3.40.0 from /home/soeren/Programming/website-redesign/node_modules/svelte/compiler
Using Svelte v3.40.0 from /home/soeren/Programming/website-redesign/node_modules/svelte/compiler
Using Svelte v3.40.0 from /home/soeren/Programming/website-redesign/node_modules/svelte/compiler
Using Svelte v3.40.0 from /home/soeren/Programming/website-redesign/node_modules/svelte/compiler
Using Svelte v3.40.0 from /home/soeren/Programming/website-redesign/node_modules/svelte/compiler
Using Svelte v3.40.0 from /home/soeren/Programming/website-redesign/node_modules/svelte/compiler
Using Svelte v3.40.0 from /home/soeren/Programming/website-redesign/node_modules/svelte/compiler
Using Svelte v3.40.0 from /home/soeren/Programming/website-redesign/node_modules/svelte/compiler
Using Svelte v3.40.0 from /home/soeren/Programming/website-redesign/node_modules/svelte/compiler
Using Svelte v3.40.0 from /home/soeren/Programming/website-redesign/node_modules/svelte/compiler
Using Svelte v3.40.0 from /home/soeren/Programming/website-redesign/node_modules/svelte/compiler
Using Svelte v3.40.0 from /home/soeren/Programming/website-redesign/node_modules/svelte/compiler
Using Svelte v3.40.0 from /home/soeren/Programming/website-redesign/node_modules/svelte/compiler
Using Svelte v3.40.0 from /home/soeren/Programming/website-redesign/node_modules/svelte/compiler
Using Svelte v3.40.0 from /home/soeren/Programming/website-redesign/node_modules/svelte/compiler
SnapshotManager File Statistics:
Project files: 0
Svelte files: 1
From node_modules: 214
Total: 215
Using Svelte v3.40.0 from /home/soeren/Programming/website-redesign/node_modules/svelte/compiler
Using Svelte v3.40.0 from /home/soeren/Programming/website-redesign/node_modules/svelte/compiler
Using Svelte v3.40.0 from /home/soeren/Programming/website-redesign/node_modules/svelte/compiler
Using Svelte v3.40.0 from /home/soeren/Programming/website-redesign/node_modules/svelte/compiler
Using Svelte v3.40.0 from /home/soeren/Programming/website-redesign/node_modules/svelte/compiler
Using Svelte v3.40.0 from /home/soeren/Programming/website-redesign/node_modules/svelte/compiler
Using Svelte v3.40.0 from /home/soeren/Programming/website-redesign/node_modules/svelte/compiler
Using Svelte v3.40.0 from /home/soeren/Programming/website-redesign/node_modules/svelte/compiler
Using Svelte v3.40.0 from /home/soeren/Programming/website-redesign/node_modules/svelte/compiler
