[2021-07-22 23:22:56.443] [sharedprocess] [info] [logs cleanup]: Starting to clean up old logs.
[2021-07-22 23:22:56.444] [sharedprocess] [info] [logs cleanup]: Removing log folders '20210720T190637'
[2021-07-22 23:23:16.440] [sharedprocess] [info] [code cache cleanup]: Starting to clean up old code cache folders.
[2021-07-22 23:23:16.440] [sharedprocess] [info] [storage cleanup]: Starting to clean up storage folders.
[2021-07-22 23:23:26.443] [sharedprocess] [info] [language pack cache cleanup]: Starting to clean up unused language packs.
[2021-07-22 23:23:26.445] [sharedprocess] [info] [language pack cache cleanup]: Skipping folder 001de9834a40fbde62f409a308aee70e.de. Language pack still in use.
[2021-07-22 23:23:46.322] [sharedprocess] [info] Installing extension: andyyu2004.vscode-neovim
[2021-07-22 23:23:48.604] [sharedprocess] [info] Downloaded extension: andyyu2004.vscode-neovim /home/soeren/.config/Code/CachedExtensionVSIXs/andyyu2004.vscode-neovim-0.0.85
[2021-07-22 23:23:48.685] [sharedprocess] [info] Extracted extension to /home/soeren/.vscode/extensions/.416a7101-058f-4fc1-acc6-859eaf1dcba0: andyyu2004.vscode-neovim
[2021-07-22 23:23:48.693] [sharedprocess] [info] Renamed to /home/soeren/.vscode/extensions/andyyu2004.vscode-neovim-0.0.85
[2021-07-22 23:23:48.695] [sharedprocess] [info] Installation completed. andyyu2004.vscode-neovim
[2021-07-22 23:23:48.698] [sharedprocess] [info] Extensions installed successfully: andyyu2004.vscode-neovim
[2021-07-22 23:24:01.576] [sharedprocess] [info] Uninstalling extension: vscodevim.vim
[2021-07-22 23:24:01.591] [sharedprocess] [info] Successfully uninstalled extension: vscodevim.vim
[2021-07-22 23:24:01.907] [sharedprocess] [info] Detected extension removed from another source vscodevim.vim
[2021-07-22 23:25:34.555] [sharedprocess] [info] Uninstalling extension: andyyu2004.vscode-neovim
[2021-07-22 23:25:34.574] [sharedprocess] [info] Successfully uninstalled extension: andyyu2004.vscode-neovim
[2021-07-22 23:25:34.789] [sharedprocess] [info] Detected extension removed from another source andyyu2004.vscode-neovim
[2021-07-22 23:25:45.256] [sharedprocess] [info] Installing extension: asvetliakov.vscode-neovim
[2021-07-22 23:25:45.455] [sharedprocess] [info] Downloaded extension: asvetliakov.vscode-neovim /home/soeren/.config/Code/CachedExtensionVSIXs/asvetliakov.vscode-neovim-0.0.82
[2021-07-22 23:25:45.532] [sharedprocess] [info] Extracted extension to /home/soeren/.vscode/extensions/.08fad848-c976-4d2a-b4ee-892972f22f8c: asvetliakov.vscode-neovim
[2021-07-22 23:25:45.539] [sharedprocess] [info] Renamed to /home/soeren/.vscode/extensions/asvetliakov.vscode-neovim-0.0.82
[2021-07-22 23:25:45.540] [sharedprocess] [info] Installation completed. asvetliakov.vscode-neovim
[2021-07-22 23:25:45.543] [sharedprocess] [info] Extensions installed successfully: asvetliakov.vscode-neovim
