["INFO" - 23:22:47] Extension Name: esbenp.prettier-vscode.
["INFO" - 23:22:47] Extension Version: 8.0.1.
["INFO" - 23:24:28] Formatting /home/soeren/.config/Code/User/keybindings.json
["INFO" - 23:24:28] File Info:
{
  "ignored": false,
  "inferredParser": "json"
}
["INFO" - 23:24:28] No local configuration (i.e. .prettierrc or .editorconfig) detected, falling back to VS Code configuration
["INFO" - 23:24:28] Prettier Options:
{
  "arrowParens": "always",
  "bracketSpacing": true,
  "endOfLine": "lf",
  "htmlWhitespaceSensitivity": "css",
  "insertPragma": false,
  "jsxBracketSameLine": false,
  "jsxSingleQuote": false,
  "printWidth": 80,
  "proseWrap": "preserve",
  "quoteProps": "as-needed",
  "requirePragma": false,
  "semi": true,
  "singleQuote": false,
  "tabWidth": 2,
  "trailingComma": "es5",
  "useTabs": false,
  "vueIndentScriptAndStyle": false,
  "filepath": "/home/soeren/.config/Code/User/keybindings.json",
  "parser": "json"
}
