["INFO" - 14:27:40] Extension Name: esbenp.prettier-vscode.
["INFO" - 14:27:40] Extension Version: 8.0.1.
["INFO" - 15:10:41] Formatting /home/soeren/.config/Code/User/keybindings.json
["INFO" - 15:10:41] File Info:
{
  "ignored": false,
  "inferredParser": "json"
}
["INFO" - 15:10:41] No local configuration (i.e. .prettierrc or .editorconfig) detected, falling back to VS Code configuration
["INFO" - 15:10:41] Prettier Options:
{
  "arrowParens": "always",
  "bracketSpacing": true,
  "endOfLine": "lf",
  "htmlWhitespaceSensitivity": "css",
  "insertPragma": false,
  "jsxBracketSameLine": false,
  "jsxSingleQuote": false,
  "printWidth": 80,
  "proseWrap": "preserve",
  "quoteProps": "as-needed",
  "requirePragma": false,
  "semi": true,
  "singleQuote": false,
  "tabWidth": 2,
  "trailingComma": "es5",
  "useTabs": false,
  "vueIndentScriptAndStyle": false,
  "filepath": "/home/soeren/.config/Code/User/keybindings.json",
  "parser": "json"
}
["INFO" - 15:10:41] Formatting completed in 70.371755ms.
["INFO" - 15:11:09] Formatting /home/soeren/.config/Code/User/keybindings.json
["INFO" - 15:11:09] File Info:
{
  "ignored": false,
  "inferredParser": "json"
}
["INFO" - 15:11:09] No local configuration (i.e. .prettierrc or .editorconfig) detected, falling back to VS Code configuration
["INFO" - 15:11:09] Prettier Options:
{
  "arrowParens": "always",
  "bracketSpacing": true,
  "endOfLine": "lf",
  "htmlWhitespaceSensitivity": "css",
  "insertPragma": false,
  "jsxBracketSameLine": false,
  "jsxSingleQuote": false,
  "printWidth": 80,
  "proseWrap": "preserve",
  "quoteProps": "as-needed",
  "requirePragma": false,
  "semi": true,
  "singleQuote": false,
  "tabWidth": 2,
  "trailingComma": "es5",
  "useTabs": false,
  "vueIndentScriptAndStyle": false,
  "filepath": "/home/soeren/.config/Code/User/keybindings.json",
  "parser": "json"
}
["INFO" - 15:11:09] Formatting completed in 27.374506ms.
