Validating found git in: git
Verwenden von Git 2.32.0 von git
> git rev-parse --git-dir
Open repository: /home/soeren/Programming/andreas-site
> git status -z -u
> git symbolic-ref --short HEAD
> git for-each-ref --format=%(refname)%00%(upstream:short)%00%(objectname)%00%(upstream:track) refs/heads/master refs/remotes/master
> git for-each-ref --sort -committerdate --format %(refname) %(objectname) %(*objectname)
> git remote --verbose
Warning: Failed to watch ref '/home/soeren/Programming/andreas-site/.git/refs/remotes/origin/master', is most likely packed.
> git config --get commit.template
> git check-ignore -v -z --stdin
> git show --textconv :src/App.svelte
> git ls-files --stage -- /home/soeren/Programming/andreas-site/src/App.svelte
> git cat-file -s ff2b183d818a2d6b59271bb12e79c5195ea4c6eb
> git show --textconv :src/App.svelte
> git ls-files --stage -- /home/soeren/Programming/andreas-site/src/App.svelte
> git cat-file -s ff2b183d818a2d6b59271bb12e79c5195ea4c6eb
> git show --textconv :src/App.svelte
> git ls-files --stage -- /home/soeren/Programming/andreas-site/src/App.svelte
> git cat-file -s ff2b183d818a2d6b59271bb12e79c5195ea4c6eb
> git status -z -u
> git symbolic-ref --short HEAD
> git for-each-ref --format=%(refname)%00%(upstream:short)%00%(objectname)%00%(upstream:track) refs/heads/master refs/remotes/master
> git for-each-ref --sort -committerdate --format %(refname) %(objectname) %(*objectname)
> git remote --verbose
Warning: Failed to watch ref '/home/soeren/Programming/andreas-site/.git/refs/remotes/origin/master', is most likely packed.
> git config --get commit.template
> git status -z -u
> git symbolic-ref --short HEAD
> git for-each-ref --format=%(refname)%00%(upstream:short)%00%(objectname)%00%(upstream:track) refs/heads/master refs/remotes/master
> git for-each-ref --sort -committerdate --format %(refname) %(objectname) %(*objectname)
> git remote --verbose
Warning: Failed to watch ref '/home/soeren/Programming/andreas-site/.git/refs/remotes/origin/master', is most likely packed.
> git config --get commit.template
> git show --textconv :src/App.svelte
> git ls-files --stage -- /home/soeren/Programming/andreas-site/src/App.svelte
> git cat-file -s ff2b183d818a2d6b59271bb12e79c5195ea4c6eb
> git show --textconv :src/Tailwindcss.svelte
> git ls-files --stage -- /home/soeren/Programming/andreas-site/src/Tailwindcss.svelte
> git cat-file -s 2ef9624e52076dadbfcd1ddbbb3bc26e85ac8c9b
> git show --textconv :src/App.svelte
> git ls-files --stage -- /home/soeren/Programming/andreas-site/src/App.svelte
> git cat-file -s ff2b183d818a2d6b59271bb12e79c5195ea4c6eb
> git show --textconv :src/App.svelte
> git ls-files --stage -- /home/soeren/Programming/andreas-site/src/App.svelte
> git cat-file -s ff2b183d818a2d6b59271bb12e79c5195ea4c6eb
> git check-ignore -v -z --stdin
> git log --format=%H%n%aN%n%aE%n%at%n%ct%n%P%n%B -z -n21 -- /home/soeren/Programming/andreas-site/src/App.svelte
> git show --textconv :src/App.svelte
> git ls-files --stage -- /home/soeren/Programming/andreas-site/src/App.svelte
> git cat-file -s ff2b183d818a2d6b59271bb12e79c5195ea4c6eb
> git status -z -u
> git symbolic-ref --short HEAD
> git for-each-ref --format=%(refname)%00%(upstream:short)%00%(objectname)%00%(upstream:track) refs/heads/master refs/remotes/master
> git for-each-ref --sort -committerdate --format %(refname) %(objectname) %(*objectname)
> git remote --verbose
Warning: Failed to watch ref '/home/soeren/Programming/andreas-site/.git/refs/remotes/origin/master', is most likely packed.
> git config --get commit.template
> git rev-list --count 9a1acb0fd165a08573c8d8b0c85ce66994be636d.. -- /home/soeren/Programming/andreas-site/src/App.svelte
> git log --format=%H%n%aN%n%aE%n%at%n%ct%n%P%n%B -z -n2 -- /home/soeren/Programming/andreas-site/src/App.svelte
> git show --textconv :src/Gallery.svelte
> git ls-files --stage -- /home/soeren/Programming/andreas-site/src/Gallery.svelte
> git cat-file -s 9f321992ed62049af8c24f7eff62cb63fd5cdeff
> git status -z -u
> git symbolic-ref --short HEAD
> git for-each-ref --format=%(refname)%00%(upstream:short)%00%(objectname)%00%(upstream:track) refs/heads/master refs/remotes/master
> git for-each-ref --sort -committerdate --format %(refname) %(objectname) %(*objectname)
> git remote --verbose
Warning: Failed to watch ref '/home/soeren/Programming/andreas-site/.git/refs/remotes/origin/master', is most likely packed.
> git config --get commit.template
> git status -z -u
> git symbolic-ref --short HEAD
> git for-each-ref --format=%(refname)%00%(upstream:short)%00%(objectname)%00%(upstream:track) refs/heads/master refs/remotes/master
> git for-each-ref --sort -committerdate --format %(refname) %(objectname) %(*objectname)
> git remote --verbose
Warning: Failed to watch ref '/home/soeren/Programming/andreas-site/.git/refs/remotes/origin/master', is most likely packed.
> git config --get commit.template
> git status -z -u
> git symbolic-ref --short HEAD
> git for-each-ref --format=%(refname)%00%(upstream:short)%00%(objectname)%00%(upstream:track) refs/heads/master refs/remotes/master
> git for-each-ref --sort -committerdate --format %(refname) %(objectname) %(*objectname)
> git remote --verbose
Warning: Failed to watch ref '/home/soeren/Programming/andreas-site/.git/refs/remotes/origin/master', is most likely packed.
> git config --get commit.template
> git status -z -u
> git symbolic-ref --short HEAD
> git for-each-ref --format=%(refname)%00%(upstream:short)%00%(objectname)%00%(upstream:track) refs/heads/master refs/remotes/master
> git for-each-ref --sort -committerdate --format %(refname) %(objectname) %(*objectname)
> git remote --verbose
Warning: Failed to watch ref '/home/soeren/Programming/andreas-site/.git/refs/remotes/origin/master', is most likely packed.
> git config --get commit.template
> git show --textconv :src/App.svelte
> git ls-files --stage -- /home/soeren/Programming/andreas-site/src/App.svelte
> git cat-file -s ff2b183d818a2d6b59271bb12e79c5195ea4c6eb
> git log --format=%H%n%aN%n%aE%n%at%n%ct%n%P%n%B -z -n21 -- /home/soeren/Programming/andreas-site/src/App.svelte
> git log --format=%H%n%aN%n%aE%n%at%n%ct%n%P%n%B -z -n41 -- /home/soeren/Programming/andreas-site/src/App.svelte
> git show --textconv :src/App.svelte
> git ls-files --stage -- /home/soeren/Programming/andreas-site/src/App.svelte
> git cat-file -s ff2b183d818a2d6b59271bb12e79c5195ea4c6eb
> git show --textconv :src/App.svelte
> git ls-files --stage -- /home/soeren/Programming/andreas-site/src/App.svelte
> git cat-file -s ff2b183d818a2d6b59271bb12e79c5195ea4c6eb
> git status -z -u
> git symbolic-ref --short HEAD
> git for-each-ref --format=%(refname)%00%(upstream:short)%00%(objectname)%00%(upstream:track) refs/heads/master refs/remotes/master
> git for-each-ref --sort -committerdate --format %(refname) %(objectname) %(*objectname)
> git remote --verbose
Warning: Failed to watch ref '/home/soeren/Programming/andreas-site/.git/refs/remotes/origin/master', is most likely packed.
> git config --get commit.template
> git show --textconv :src/Gallery.svelte
> git ls-files --stage -- /home/soeren/Programming/andreas-site/src/Gallery.svelte
> git cat-file -s 9f321992ed62049af8c24f7eff62cb63fd5cdeff
> git show --textconv :src/Hamburger.svelte
> git ls-files --stage -- /home/soeren/Programming/andreas-site/src/Hamburger.svelte
> git cat-file -s 4be8ca0b9f77336a972e556b75e7c84d8840645b
> git status -z -u
> git symbolic-ref --short HEAD
> git for-each-ref --format=%(refname)%00%(upstream:short)%00%(objectname)%00%(upstream:track) refs/heads/master refs/remotes/master
> git for-each-ref --sort -committerdate --format %(refname) %(objectname) %(*objectname)
> git remote --verbose
Warning: Failed to watch ref '/home/soeren/Programming/andreas-site/.git/refs/remotes/origin/master', is most likely packed.
> git config --get commit.template
> git add -A -- .
> git -c user.useConfigOnly=true commit --quiet --allow-empty-message --file -
> git status -z -u
> git symbolic-ref --short HEAD
> git for-each-ref --format=%(refname)%00%(upstream:short)%00%(objectname)%00%(upstream:track) refs/heads/master refs/remotes/master
> git for-each-ref --sort -committerdate --format %(refname) %(objectname) %(*objectname)
> git remote --verbose
Warning: Failed to watch ref '/home/soeren/Programming/andreas-site/.git/refs/remotes/origin/master', is most likely packed.
> git config --get commit.template
> git config --get commit.template
> git ls-files --stage -- /home/soeren/Programming/andreas-site/src/Hamburger.svelte
> git cat-file -s b54fd2de404e15fc41ffbc631334b7d577773750
> git show --textconv :src/Hamburger.svelte
> git status -z -u
> git symbolic-ref --short HEAD
> git for-each-ref --format=%(refname)%00%(upstream:short)%00%(objectname)%00%(upstream:track) refs/heads/master refs/remotes/master
> git for-each-ref --sort -committerdate --format %(refname) %(objectname) %(*objectname)
> git remote --verbose
Warning: Failed to watch ref '/home/soeren/Programming/andreas-site/.git/refs/remotes/origin/master', is most likely packed.
> git config --get commit.template
> git log --oneline --cherry master...master@{upstream} --
> git pull --tags origin master
> git ls-files --stage -- /home/soeren/Programming/andreas-site/src/Hamburger.svelte
> git cat-file -s b54fd2de404e15fc41ffbc631334b7d577773750
> git show --textconv :src/Hamburger.svelte
From github.com:s0er3n/andreas-site
 * branch            master     -> FETCH_HEAD
hint: Pulling without specifying how to reconcile divergent branches is
hint: discouraged. You can squelch this message by running one of the following
hint: commands sometime before your next pull:
hint: 
hint:   git config pull.rebase false  # merge (the default strategy)
hint:   git config pull.rebase true   # rebase
hint:   git config pull.ff only       # fast-forward only
hint: 
hint: You can replace "git config" with "git config --global" to set a default
hint: preference for all repositories. You can also pass --rebase, --no-rebase,
hint: or --ff-only on the command line to override the configured default per
hint: invocation.
> git push origin master:master
> git ls-files --stage -- /home/soeren/Programming/andreas-site/src/Hamburger.svelte
> git cat-file -s b54fd2de404e15fc41ffbc631334b7d577773750
> git show --textconv :src/Hamburger.svelte
To github.com:s0er3n/andreas-site.git
   9a1acb0..9111add  master -> master
> git status -z -u
> git symbolic-ref --short HEAD
> git for-each-ref --format=%(refname)%00%(upstream:short)%00%(objectname)%00%(upstream:track) refs/heads/master refs/remotes/master
> git for-each-ref --sort -committerdate --format %(refname) %(objectname) %(*objectname)
> git remote --verbose
> git config --get commit.template
> git show --textconv :src/Hamburger.svelte
> git ls-files --stage -- /home/soeren/Programming/andreas-site/src/Hamburger.svelte
> git cat-file -s b54fd2de404e15fc41ffbc631334b7d577773750
> git status -z -u
> git symbolic-ref --short HEAD
> git for-each-ref --format=%(refname)%00%(upstream:short)%00%(objectname)%00%(upstream:track) refs/heads/master refs/remotes/master
> git for-each-ref --sort -committerdate --format %(refname) %(objectname) %(*objectname)
> git remote --verbose
> git config --get commit.template
> git status -z -u
> git symbolic-ref --short HEAD
> git for-each-ref --format=%(refname)%00%(upstream:short)%00%(objectname)%00%(upstream:track) refs/heads/master refs/remotes/master
> git for-each-ref --sort -committerdate --format %(refname) %(objectname) %(*objectname)
> git remote --verbose
> git config --get commit.template
