[2021-07-21 11:09:34.736] [renderer1] [error] ENOENT: no such file or directory, open '/home/soeren/.config/Code/User/globalStorage/vscodevim.vim/.registers': Error: ENOENT: no such file or directory, open '/home/soeren/.config/Code/User/globalStorage/vscodevim.vim/.registers'
[2021-07-21 11:09:41.519] [renderer1] [error] Cannot read property 'kind' of null: TypeError: Cannot read property 'kind' of null
    at asHoverContent (/home/soeren/.vscode/extensions/ardenivanov.svelte-intellisense-0.7.1/client/node_modules/vscode-languageclient/lib/protocolConverter.js:101:27)
    at asHover (/home/soeren/.vscode/extensions/ardenivanov.svelte-intellisense-0.7.1/client/node_modules/vscode-languageclient/lib/protocolConverter.js:134:31)
[2021-07-21 11:10:33.638] [renderer1] [error] command 'vscode-neovim.escape' not found: Error: command 'vscode-neovim.escape' not found
    at g._tryExecuteCommand (vscode-file://vscode-app/opt/visual-studio-code/resources/app/out/vs/workbench/workbench.desktop.main.js:1678:3360)
    at vscode-file://vscode-app/opt/visual-studio-code/resources/app/out/vs/workbench/workbench.desktop.main.js:1678:3241
    at processTicksAndRejections (internal/process/task_queues.js:93:5)
[2021-07-21 11:10:51.984] [renderer1] [error] command 'vscode-neovim.escape' not found: Error: command 'vscode-neovim.escape' not found
    at g._tryExecuteCommand (vscode-file://vscode-app/opt/visual-studio-code/resources/app/out/vs/workbench/workbench.desktop.main.js:1678:3360)
    at vscode-file://vscode-app/opt/visual-studio-code/resources/app/out/vs/workbench/workbench.desktop.main.js:1678:3241
    at processTicksAndRejections (internal/process/task_queues.js:93:5)
[2021-07-21 11:10:52.318] [renderer1] [error] nvim_call_function: Vim:E117: Unbekannte Funktion: VSCodeClearUndo: Error: Error making request to nvim_call_function
    at o.request (/home/soeren/.vscode/extensions/asvetliakov.vscode-neovim-0.0.82/node_modules/neovim/lib/api/Base.js:75:23)
    at o.call (/home/soeren/.vscode/extensions/asvetliakov.vscode-neovim-0.0.82/node_modules/neovim/lib/api/Neovim.js:321:21)
    at o.callFunction (/home/soeren/.vscode/extensions/asvetliakov.vscode-neovim-0.0.82/node_modules/neovim/lib/api/Neovim.js:327:21)
    at ue.<anonymous> (/home/soeren/.vscode/extensions/asvetliakov.vscode-neovim-0.0.82/src/buffer_manager.ts:529:31)
    at Generator.next (<anonymous>)
    at o (/home/soeren/.vscode/extensions/asvetliakov.vscode-neovim-0.0.82/dist/extension.js:2:287118)
    at processTicksAndRejections (internal/process/task_queues.js:93:5)
[2021-07-21 11:10:53.022] [renderer1] [error] command 'vscode-neovim.escape' not found: Error: command 'vscode-neovim.escape' not found
    at g._tryExecuteCommand (vscode-file://vscode-app/opt/visual-studio-code/resources/app/out/vs/workbench/workbench.desktop.main.js:1678:3360)
    at vscode-file://vscode-app/opt/visual-studio-code/resources/app/out/vs/workbench/workbench.desktop.main.js:1678:3241
    at processTicksAndRejections (internal/process/task_queues.js:93:5)
[2021-07-21 11:10:53.531] [renderer1] [error] nvim_call_function: Vim:E117: Unbekannte Funktion: VSCodeClearUndo: Error: Error making request to nvim_call_function
    at o.request (/home/soeren/.vscode/extensions/asvetliakov.vscode-neovim-0.0.82/node_modules/neovim/lib/api/Base.js:75:23)
    at o.call (/home/soeren/.vscode/extensions/asvetliakov.vscode-neovim-0.0.82/node_modules/neovim/lib/api/Neovim.js:321:21)
    at o.callFunction (/home/soeren/.vscode/extensions/asvetliakov.vscode-neovim-0.0.82/node_modules/neovim/lib/api/Neovim.js:327:21)
    at ue.<anonymous> (/home/soeren/.vscode/extensions/asvetliakov.vscode-neovim-0.0.82/src/buffer_manager.ts:529:31)
    at Generator.next (<anonymous>)
    at o (/home/soeren/.vscode/extensions/asvetliakov.vscode-neovim-0.0.82/dist/extension.js:2:287118)
    at processTicksAndRejections (internal/process/task_queues.js:93:5)
[2021-07-21 11:10:56.628] [renderer1] [error] command 'vscode-neovim.escape' not found: Error: command 'vscode-neovim.escape' not found
    at g._tryExecuteCommand (vscode-file://vscode-app/opt/visual-studio-code/resources/app/out/vs/workbench/workbench.desktop.main.js:1678:3360)
    at vscode-file://vscode-app/opt/visual-studio-code/resources/app/out/vs/workbench/workbench.desktop.main.js:1678:3241
    at processTicksAndRejections (internal/process/task_queues.js:93:5)
[2021-07-21 11:10:57.075] [renderer1] [error] nvim_call_function: Vim:E117: Unbekannte Funktion: VSCodeClearUndo: Error: Error making request to nvim_call_function
    at o.request (/home/soeren/.vscode/extensions/asvetliakov.vscode-neovim-0.0.82/node_modules/neovim/lib/api/Base.js:75:23)
    at o.call (/home/soeren/.vscode/extensions/asvetliakov.vscode-neovim-0.0.82/node_modules/neovim/lib/api/Neovim.js:321:21)
    at o.callFunction (/home/soeren/.vscode/extensions/asvetliakov.vscode-neovim-0.0.82/node_modules/neovim/lib/api/Neovim.js:327:21)
    at ue.<anonymous> (/home/soeren/.vscode/extensions/asvetliakov.vscode-neovim-0.0.82/src/buffer_manager.ts:529:31)
    at Generator.next (<anonymous>)
    at o (/home/soeren/.vscode/extensions/asvetliakov.vscode-neovim-0.0.82/dist/extension.js:2:287118)
    at processTicksAndRejections (internal/process/task_queues.js:93:5)
[2021-07-21 11:10:58.232] [renderer1] [error] command 'vscode-neovim.escape' not found: Error: command 'vscode-neovim.escape' not found
    at g._tryExecuteCommand (vscode-file://vscode-app/opt/visual-studio-code/resources/app/out/vs/workbench/workbench.desktop.main.js:1678:3360)
    at vscode-file://vscode-app/opt/visual-studio-code/resources/app/out/vs/workbench/workbench.desktop.main.js:1678:3241
    at processTicksAndRejections (internal/process/task_queues.js:93:5)
[2021-07-21 11:10:59.001] [renderer1] [error] nvim_call_function: Vim:E117: Unbekannte Funktion: VSCodeClearUndo: Error: Error making request to nvim_call_function
    at o.request (/home/soeren/.vscode/extensions/asvetliakov.vscode-neovim-0.0.82/node_modules/neovim/lib/api/Base.js:75:23)
    at o.call (/home/soeren/.vscode/extensions/asvetliakov.vscode-neovim-0.0.82/node_modules/neovim/lib/api/Neovim.js:321:21)
    at o.callFunction (/home/soeren/.vscode/extensions/asvetliakov.vscode-neovim-0.0.82/node_modules/neovim/lib/api/Neovim.js:327:21)
    at ue.<anonymous> (/home/soeren/.vscode/extensions/asvetliakov.vscode-neovim-0.0.82/src/buffer_manager.ts:529:31)
    at Generator.next (<anonymous>)
    at o (/home/soeren/.vscode/extensions/asvetliakov.vscode-neovim-0.0.82/dist/extension.js:2:287118)
    at processTicksAndRejections (internal/process/task_queues.js:93:5)
[2021-07-21 11:11:24.841] [renderer1] [error] command 'vscode-neovim.escape' not found: Error: command 'vscode-neovim.escape' not found
    at g._tryExecuteCommand (vscode-file://vscode-app/opt/visual-studio-code/resources/app/out/vs/workbench/workbench.desktop.main.js:1678:3360)
    at vscode-file://vscode-app/opt/visual-studio-code/resources/app/out/vs/workbench/workbench.desktop.main.js:1678:3241
    at processTicksAndRejections (internal/process/task_queues.js:93:5)
[2021-07-21 11:11:25.033] [renderer1] [error] nvim_call_function: Vim:E117: Unbekannte Funktion: VSCodeClearUndo: Error: Error making request to nvim_call_function
    at o.request (/home/soeren/.vscode/extensions/asvetliakov.vscode-neovim-0.0.82/node_modules/neovim/lib/api/Base.js:75:23)
    at o.call (/home/soeren/.vscode/extensions/asvetliakov.vscode-neovim-0.0.82/node_modules/neovim/lib/api/Neovim.js:321:21)
    at o.callFunction (/home/soeren/.vscode/extensions/asvetliakov.vscode-neovim-0.0.82/node_modules/neovim/lib/api/Neovim.js:327:21)
    at ue.<anonymous> (/home/soeren/.vscode/extensions/asvetliakov.vscode-neovim-0.0.82/src/buffer_manager.ts:529:31)
    at Generator.next (<anonymous>)
    at o (/home/soeren/.vscode/extensions/asvetliakov.vscode-neovim-0.0.82/dist/extension.js:2:287118)
    at runMicrotasks (<anonymous>)
    at processTicksAndRejections (internal/process/task_queues.js:93:5)
[2021-07-21 11:11:31.880] [renderer1] [error] command 'vscode-neovim.escape' not found: Error: command 'vscode-neovim.escape' not found
    at g._tryExecuteCommand (vscode-file://vscode-app/opt/visual-studio-code/resources/app/out/vs/workbench/workbench.desktop.main.js:1678:3360)
    at vscode-file://vscode-app/opt/visual-studio-code/resources/app/out/vs/workbench/workbench.desktop.main.js:1678:3241
    at processTicksAndRejections (internal/process/task_queues.js:93:5)
[2021-07-21 11:11:36.880] [renderer1] [error] command 'vscode-neovim.escape' not found: Error: command 'vscode-neovim.escape' not found
    at g._tryExecuteCommand (vscode-file://vscode-app/opt/visual-studio-code/resources/app/out/vs/workbench/workbench.desktop.main.js:1678:3360)
    at vscode-file://vscode-app/opt/visual-studio-code/resources/app/out/vs/workbench/workbench.desktop.main.js:1678:3241
    at processTicksAndRejections (internal/process/task_queues.js:93:5)
[2021-07-21 11:11:37.068] [renderer1] [error] nvim_call_function: Vim:E117: Unbekannte Funktion: VSCodeClearUndo: Error: Error making request to nvim_call_function
    at o.request (/home/soeren/.vscode/extensions/asvetliakov.vscode-neovim-0.0.82/node_modules/neovim/lib/api/Base.js:75:23)
    at o.call (/home/soeren/.vscode/extensions/asvetliakov.vscode-neovim-0.0.82/node_modules/neovim/lib/api/Neovim.js:321:21)
    at o.callFunction (/home/soeren/.vscode/extensions/asvetliakov.vscode-neovim-0.0.82/node_modules/neovim/lib/api/Neovim.js:327:21)
    at ue.<anonymous> (/home/soeren/.vscode/extensions/asvetliakov.vscode-neovim-0.0.82/src/buffer_manager.ts:529:31)
    at Generator.next (<anonymous>)
    at o (/home/soeren/.vscode/extensions/asvetliakov.vscode-neovim-0.0.82/dist/extension.js:2:287118)
    at runMicrotasks (<anonymous>)
    at processTicksAndRejections (internal/process/task_queues.js:93:5)
[2021-07-21 11:11:38.839] [renderer1] [error] command 'vscode-neovim.escape' not found: Error: command 'vscode-neovim.escape' not found
    at g._tryExecuteCommand (vscode-file://vscode-app/opt/visual-studio-code/resources/app/out/vs/workbench/workbench.desktop.main.js:1678:3360)
    at vscode-file://vscode-app/opt/visual-studio-code/resources/app/out/vs/workbench/workbench.desktop.main.js:1678:3241
    at processTicksAndRejections (internal/process/task_queues.js:93:5)
[2021-07-21 11:11:51.516] [renderer1] [error] command 'vscode-neovim.escape' not found: Error: command 'vscode-neovim.escape' not found
    at g._tryExecuteCommand (vscode-file://vscode-app/opt/visual-studio-code/resources/app/out/vs/workbench/workbench.desktop.main.js:1678:3360)
    at vscode-file://vscode-app/opt/visual-studio-code/resources/app/out/vs/workbench/workbench.desktop.main.js:1678:3241
    at processTicksAndRejections (internal/process/task_queues.js:93:5)
[2021-07-21 11:11:51.739] [renderer1] [error] nvim_call_function: Vim:E117: Unbekannte Funktion: VSCodeClearUndo: Error: Error making request to nvim_call_function
    at o.request (/home/soeren/.vscode/extensions/asvetliakov.vscode-neovim-0.0.82/node_modules/neovim/lib/api/Base.js:75:23)
    at o.call (/home/soeren/.vscode/extensions/asvetliakov.vscode-neovim-0.0.82/node_modules/neovim/lib/api/Neovim.js:321:21)
    at o.callFunction (/home/soeren/.vscode/extensions/asvetliakov.vscode-neovim-0.0.82/node_modules/neovim/lib/api/Neovim.js:327:21)
    at ue.<anonymous> (/home/soeren/.vscode/extensions/asvetliakov.vscode-neovim-0.0.82/src/buffer_manager.ts:529:31)
    at Generator.next (<anonymous>)
    at o (/home/soeren/.vscode/extensions/asvetliakov.vscode-neovim-0.0.82/dist/extension.js:2:287118)
    at runMicrotasks (<anonymous>)
    at processTicksAndRejections (internal/process/task_queues.js:93:5)
[2021-07-21 11:11:54.634] [renderer1] [error] command 'vscode-neovim.escape' not found: Error: command 'vscode-neovim.escape' not found
    at g._tryExecuteCommand (vscode-file://vscode-app/opt/visual-studio-code/resources/app/out/vs/workbench/workbench.desktop.main.js:1678:3360)
    at vscode-file://vscode-app/opt/visual-studio-code/resources/app/out/vs/workbench/workbench.desktop.main.js:1678:3241
    at processTicksAndRejections (internal/process/task_queues.js:93:5)
[2021-07-21 11:11:54.821] [renderer1] [error] nvim_call_function: Vim:E117: Unbekannte Funktion: VSCodeClearUndo: Error: Error making request to nvim_call_function
    at o.request (/home/soeren/.vscode/extensions/asvetliakov.vscode-neovim-0.0.82/node_modules/neovim/lib/api/Base.js:75:23)
    at o.call (/home/soeren/.vscode/extensions/asvetliakov.vscode-neovim-0.0.82/node_modules/neovim/lib/api/Neovim.js:321:21)
    at o.callFunction (/home/soeren/.vscode/extensions/asvetliakov.vscode-neovim-0.0.82/node_modules/neovim/lib/api/Neovim.js:327:21)
    at ue.<anonymous> (/home/soeren/.vscode/extensions/asvetliakov.vscode-neovim-0.0.82/src/buffer_manager.ts:529:31)
    at Generator.next (<anonymous>)
    at o (/home/soeren/.vscode/extensions/asvetliakov.vscode-neovim-0.0.82/dist/extension.js:2:287118)
    at runMicrotasks (<anonymous>)
    at processTicksAndRejections (internal/process/task_queues.js:93:5)
[2021-07-21 11:12:03.652] [renderer1] [error] command 'vscode-neovim.escape' not found: Error: command 'vscode-neovim.escape' not found
    at g._tryExecuteCommand (vscode-file://vscode-app/opt/visual-studio-code/resources/app/out/vs/workbench/workbench.desktop.main.js:1678:3360)
    at vscode-file://vscode-app/opt/visual-studio-code/resources/app/out/vs/workbench/workbench.desktop.main.js:1678:3241
    at processTicksAndRejections (internal/process/task_queues.js:93:5)
[2021-07-21 11:12:11.688] [renderer1] [error] command 'type' already exists: Error: command 'type' already exists
    at S.registerCommand (/opt/visual-studio-code/resources/app/out/vs/workbench/services/extensions/node/extensionHostProcess.js:84:119253)
    at Object.registerCommand (/opt/visual-studio-code/resources/app/out/vs/workbench/services/extensions/node/extensionHostProcess.js:93:20920)
    at overrideCommand (/home/soeren/.vscode/extensions/vscodevim.vim-1.21.5/extensionBase.ts:569:38)
    at Object.t.activate (/home/soeren/.vscode/extensions/vscodevim.vim-1.21.5/extensionBase.ts:362:3)
