[2021-07-21 11:09:33.164] [settingssync] [info] Using settings sync service https://vscode-sync.trafficmanager.net/
[2021-07-21 11:09:33.164] [settingssync] [info] Auto Sync is disabled.
[2021-07-21 11:09:41.359] [settingssync] [info] Did reset the local sync state.
[2021-07-21 11:09:43.514] [settingssync] [info] Settings: Updated remote settings
[2021-07-21 11:09:43.519] [settingssync] [info] Settings: Updated last synchronized settings
[2021-07-21 11:09:43.520] [settingssync] [info] Keybindings: No changes found during synchronizing keybindings.
[2021-07-21 11:09:43.522] [settingssync] [info] Keybindings: Updated last synchronized keybindings
[2021-07-21 11:09:43.523] [settingssync] [info] Snippets: No changes found during synchronizing snippets.
[2021-07-21 11:09:43.525] [settingssync] [info] Snippets: Updated last synchronized snippets
[2021-07-21 11:09:43.681] [settingssync] [info] GlobalState: Updated remote ui state
[2021-07-21 11:09:43.683] [settingssync] [info] GlobalState: Updated last synchronized ui state
[2021-07-21 11:09:43.925] [settingssync] [info] Extensions: Enabled extension asvetliakov.vscode-neovim 0.0.82
[2021-07-21 11:09:43.958] [settingssync] [info] Extensions: Enabled extension ms-ceintl.vscode-language-pack-de 1.58.8
[2021-07-21 11:09:44.184] [settingssync] [info] Extensions: Installed extension. asvetliakov.vscode-neovim 0.0.82
[2021-07-21 11:09:44.297] [settingssync] [info] Extensions: Enabled extension stuart.unique-window-colors 1.0.51
[2021-07-21 11:09:44.383] [settingssync] [info] Extensions: Installed extension. ms-ceintl.vscode-language-pack-de 1.58.8
[2021-07-21 11:09:45.996] [settingssync] [info] Extensions: Installed extension. stuart.unique-window-colors 1.0.51
[2021-07-21 11:09:46.129] [settingssync] [info] Extensions: Updated remote extensions. Added: ["ardenivanov.svelte-intellisense","bradlc.vscode-tailwindcss","esbenp.prettier-vscode","fivethree.vscode-svelte-snippets","svelte.svelte-vscode"].
[2021-07-21 11:09:46.145] [settingssync] [info] Extensions: Updated last synchronized extensions.
[2021-07-21 11:09:46.186] [settingssync] [info] Auto Sync: Started
[2021-07-21 11:09:46.187] [settingssync] [info] Auto Sync: Triggered by Interval
[2021-07-21 11:09:46.357] [settingssync] [info] Settings: No changes found during synchronizing settings.
[2021-07-21 11:09:46.359] [settingssync] [info] Keybindings: No changes found during synchronizing keybindings.
[2021-07-21 11:09:46.362] [settingssync] [info] Snippets: No changes found during synchronizing snippets.
[2021-07-21 11:09:46.395] [settingssync] [info] GlobalState: No changes found during synchronizing ui state.
[2021-07-21 11:09:46.453] [settingssync] [info] Extensions: No changes found during synchronizing extensions.
[2021-07-21 11:09:46.455] [settingssync] [info] Sync done. Took 124ms
[2021-07-21 11:10:03.180] [settingssync] [info] Auto Sync: Triggered by Activity
[2021-07-21 11:10:03.256] [settingssync] [info] Settings: No changes found during synchronizing settings.
[2021-07-21 11:10:03.259] [settingssync] [info] Keybindings: No changes found during synchronizing keybindings.
[2021-07-21 11:10:03.264] [settingssync] [info] Snippets: No changes found during synchronizing snippets.
[2021-07-21 11:10:03.502] [settingssync] [info] GlobalState: Updated remote ui state
[2021-07-21 11:10:03.505] [settingssync] [info] GlobalState: Updated last synchronized ui state
[2021-07-21 11:10:03.594] [settingssync] [info] Extensions: No changes found during synchronizing extensions.
[2021-07-21 11:10:03.595] [settingssync] [info] Sync done. Took 349ms
[2021-07-21 11:10:18.460] [settingssync] [info] Extensions: Finished resetting extensions.
[2021-07-21 11:10:20.088] [settingssync] [info] Auto Sync: Triggered by Activity
[2021-07-21 11:10:20.169] [settingssync] [info] Settings: No changes found during synchronizing settings.
[2021-07-21 11:10:20.174] [settingssync] [info] Keybindings: No changes found during synchronizing keybindings.
[2021-07-21 11:10:20.180] [settingssync] [info] Snippets: No changes found during synchronizing snippets.
[2021-07-21 11:10:20.226] [settingssync] [info] GlobalState: No changes found during synchronizing ui state.
[2021-07-21 11:10:20.278] [settingssync] [info] Extensions: No changes found during synchronizing extensions.
[2021-07-21 11:10:20.285] [settingssync] [info] Sync done. Took 126ms
[2021-07-21 11:10:20.347] [settingssync] [info] Settings: Updated local settings
[2021-07-21 11:10:20.466] [settingssync] [info] Settings: Updated remote settings
[2021-07-21 11:10:20.471] [settingssync] [info] Settings: Updated last synchronized settings
[2021-07-21 11:10:20.473] [settingssync] [info] Settings: Finished resetting settings.
[2021-07-21 11:10:22.831] [settingssync] [info] GlobalState: Updated global state ["workbench.activity.pinnedViewlets2"]
[2021-07-21 11:10:22.832] [settingssync] [info] GlobalState: Updated local ui state
[2021-07-21 11:10:22.997] [settingssync] [info] GlobalState: Updated remote ui state
[2021-07-21 11:10:23.002] [settingssync] [info] GlobalState: Updated last synchronized ui state
[2021-07-21 11:10:23.002] [settingssync] [info] GlobalState: Finished resetting globalstate.
[2021-07-21 11:10:24.918] [settingssync] [info] Auto Sync: Triggered by Activity
[2021-07-21 11:10:24.975] [settingssync] [info] Settings: No changes found during synchronizing settings.
[2021-07-21 11:10:24.977] [settingssync] [info] Keybindings: No changes found during synchronizing keybindings.
[2021-07-21 11:10:24.981] [settingssync] [info] Snippets: No changes found during synchronizing snippets.
[2021-07-21 11:10:25.013] [settingssync] [info] GlobalState: No changes found during synchronizing ui state.
[2021-07-21 11:10:25.075] [settingssync] [info] Extensions: No changes found during synchronizing extensions.
[2021-07-21 11:10:25.076] [settingssync] [info] Sync done. Took 107ms
[2021-07-21 11:10:26.607] [settingssync] [info] Extensions: Uninstalled local extension. ardenivanov.svelte-intellisense
[2021-07-21 11:10:26.630] [settingssync] [info] Extensions: Uninstalled local extension. fivethree.vscode-svelte-snippets
[2021-07-21 11:10:26.640] [settingssync] [info] Extensions: Uninstalled local extension. bradlc.vscode-tailwindcss
[2021-07-21 11:10:27.022] [settingssync] [info] Extensions: Uninstalled local extension. esbenp.prettier-vscode
[2021-07-21 11:10:27.032] [settingssync] [info] Extensions: Uninstalled local extension. svelte.svelte-vscode
[2021-07-21 11:10:27.032] [settingssync] [info] Extensions: Finished resetting extensions.
[2021-07-21 11:10:29.638] [settingssync] [info] Auto Sync: Triggered by Activity
[2021-07-21 11:10:29.711] [settingssync] [info] Settings: No changes found during synchronizing settings.
[2021-07-21 11:10:29.715] [settingssync] [info] Keybindings: No changes found during synchronizing keybindings.
[2021-07-21 11:10:29.720] [settingssync] [info] Snippets: No changes found during synchronizing snippets.
[2021-07-21 11:10:29.755] [settingssync] [info] GlobalState: No changes found during synchronizing ui state.
[2021-07-21 11:10:29.971] [settingssync] [info] Extensions: Updated remote extensions. Removed: ["ardenivanov.svelte-intellisense","bradlc.vscode-tailwindcss","esbenp.prettier-vscode","fivethree.vscode-svelte-snippets","svelte.svelte-vscode"].
[2021-07-21 11:10:29.974] [settingssync] [info] Extensions: Updated last synchronized extensions.
[2021-07-21 11:10:29.976] [settingssync] [info] Sync done. Took 274ms
[2021-07-21 11:10:51.578] [settingssync] [info] Auto Sync: Triggered by Activity
[2021-07-21 11:10:51.657] [settingssync] [info] Settings: No changes found during synchronizing settings.
[2021-07-21 11:10:51.660] [settingssync] [info] Keybindings: No changes found during synchronizing keybindings.
[2021-07-21 11:10:51.664] [settingssync] [info] Snippets: No changes found during synchronizing snippets.
[2021-07-21 11:10:51.696] [settingssync] [info] GlobalState: No changes found during synchronizing ui state.
[2021-07-21 11:10:51.743] [settingssync] [info] Extensions: No changes found during synchronizing extensions.
[2021-07-21 11:10:51.743] [settingssync] [info] Sync done. Took 90ms
[2021-07-21 11:11:19.989] [settingssync] [info] Auto Sync: Triggered by Activity
[2021-07-21 11:11:20.067] [settingssync] [info] Settings: No changes found during synchronizing settings.
[2021-07-21 11:11:20.072] [settingssync] [info] Keybindings: No changes found during synchronizing keybindings.
[2021-07-21 11:11:20.080] [settingssync] [info] Snippets: No changes found during synchronizing snippets.
[2021-07-21 11:11:20.121] [settingssync] [info] GlobalState: No changes found during synchronizing ui state.
[2021-07-21 11:11:20.193] [settingssync] [info] Extensions: No changes found during synchronizing extensions.
[2021-07-21 11:11:20.194] [settingssync] [info] Sync done. Took 137ms
[2021-07-21 11:11:31.864] [settingssync] [info] Auto Sync: Triggered by Activity
[2021-07-21 11:11:31.953] [settingssync] [info] Settings: No changes found during synchronizing settings.
[2021-07-21 11:11:31.957] [settingssync] [info] Keybindings: No changes found during synchronizing keybindings.
[2021-07-21 11:11:31.962] [settingssync] [info] Snippets: No changes found during synchronizing snippets.
[2021-07-21 11:11:32.010] [settingssync] [info] GlobalState: No changes found during synchronizing ui state.
[2021-07-21 11:11:32.072] [settingssync] [info] Extensions: No changes found during synchronizing extensions.
[2021-07-21 11:11:32.072] [settingssync] [info] Sync done. Took 131ms
[2021-07-21 11:11:48.054] [settingssync] [info] Auto Sync: Triggered by Activity
[2021-07-21 11:11:48.139] [settingssync] [info] Settings: No changes found during synchronizing settings.
[2021-07-21 11:11:48.142] [settingssync] [info] Keybindings: No changes found during synchronizing keybindings.
[2021-07-21 11:11:48.145] [settingssync] [info] Snippets: No changes found during synchronizing snippets.
[2021-07-21 11:11:48.175] [settingssync] [info] GlobalState: No changes found during synchronizing ui state.
[2021-07-21 11:11:48.234] [settingssync] [info] Extensions: No changes found during synchronizing extensions.
[2021-07-21 11:11:48.235] [settingssync] [info] Sync done. Took 103ms
[2021-07-21 11:12:00.341] [settingssync] [info] Auto Sync: Triggered by Activity
[2021-07-21 11:12:00.427] [settingssync] [info] Settings: No changes found during synchronizing settings.
[2021-07-21 11:12:00.430] [settingssync] [info] Keybindings: No changes found during synchronizing keybindings.
[2021-07-21 11:12:00.434] [settingssync] [info] Snippets: No changes found during synchronizing snippets.
[2021-07-21 11:12:00.478] [settingssync] [info] GlobalState: No changes found during synchronizing ui state.
[2021-07-21 11:12:00.541] [settingssync] [info] Extensions: No changes found during synchronizing extensions.
[2021-07-21 11:12:00.542] [settingssync] [info] Sync done. Took 119ms
[2021-07-21 11:12:09.241] [settingssync] [info] Auto Sync: Triggered by Activity
[2021-07-21 11:12:09.430] [settingssync] [info] Settings: No changes found during synchronizing settings.
[2021-07-21 11:12:09.481] [settingssync] [info] Keybindings: No changes found during synchronizing keybindings.
[2021-07-21 11:12:09.597] [settingssync] [info] Snippets: No changes found during synchronizing snippets.
[2021-07-21 11:12:09.968] [settingssync] [info] GlobalState: Updated remote ui state
[2021-07-21 11:12:09.971] [settingssync] [info] GlobalState: Updated last synchronized ui state
[2021-07-21 11:12:10.204] [settingssync] [info] Extensions: Updated remote extensions. Removed: ["stuart.unique-window-colors"].
[2021-07-21 11:12:10.206] [settingssync] [info] Extensions: Updated last synchronized extensions.
[2021-07-21 11:12:10.207] [settingssync] [info] Sync done. Took 879ms
[2021-07-21 11:12:12.292] [settingssync] [info] Auto Sync: Triggered by Activity
[2021-07-21 11:12:12.344] [settingssync] [info] Settings: No changes found during synchronizing settings.
[2021-07-21 11:12:12.347] [settingssync] [info] Keybindings: No changes found during synchronizing keybindings.
[2021-07-21 11:12:12.352] [settingssync] [info] Snippets: No changes found during synchronizing snippets.
[2021-07-21 11:12:12.588] [settingssync] [info] GlobalState: Updated remote ui state
[2021-07-21 11:12:12.592] [settingssync] [info] GlobalState: Updated last synchronized ui state
[2021-07-21 11:12:12.665] [settingssync] [info] Extensions: No changes found during synchronizing extensions.
[2021-07-21 11:12:12.666] [settingssync] [info] Sync done. Took 335ms
[2021-07-21 11:12:20.638] [settingssync] [info] Auto Sync: Triggered by Activity
[2021-07-21 11:12:20.711] [settingssync] [info] Settings: No changes found during synchronizing settings.
[2021-07-21 11:12:20.714] [settingssync] [info] Keybindings: No changes found during synchronizing keybindings.
[2021-07-21 11:12:20.720] [settingssync] [info] Snippets: No changes found during synchronizing snippets.
[2021-07-21 11:12:20.901] [settingssync] [info] GlobalState: Updated remote ui state
[2021-07-21 11:12:20.904] [settingssync] [info] GlobalState: Updated last synchronized ui state
[2021-07-21 11:12:20.962] [settingssync] [info] Extensions: No changes found during synchronizing extensions.
[2021-07-21 11:12:20.963] [settingssync] [info] Sync done. Took 265ms
[2021-07-21 11:12:21.754] [settingssync] [info] Auto Sync: Triggered by Activity
[2021-07-21 11:12:21.792] [settingssync] [info] Settings: No changes found during synchronizing settings.
[2021-07-21 11:12:21.795] [settingssync] [info] Keybindings: No changes found during synchronizing keybindings.
[2021-07-21 11:12:21.798] [settingssync] [info] Snippets: No changes found during synchronizing snippets.
[2021-07-21 11:12:21.835] [settingssync] [info] GlobalState: No changes found during synchronizing ui state.
[2021-07-21 11:12:21.890] [settingssync] [info] Extensions: No changes found during synchronizing extensions.
[2021-07-21 11:12:21.898] [settingssync] [info] Sync done. Took 108ms
[2021-07-21 11:12:32.366] [settingssync] [info] Auto Sync: Triggered by Activity
[2021-07-21 11:12:32.439] [settingssync] [info] Settings: No changes found during synchronizing settings.
[2021-07-21 11:12:32.441] [settingssync] [info] Keybindings: No changes found during synchronizing keybindings.
[2021-07-21 11:12:32.444] [settingssync] [info] Snippets: No changes found during synchronizing snippets.
[2021-07-21 11:12:32.473] [settingssync] [info] GlobalState: No changes found during synchronizing ui state.
[2021-07-21 11:12:32.652] [settingssync] [info] Extensions: Updated remote extensions. Added: ["ardenivanov.svelte-intellisense","svelte.svelte-vscode"].
[2021-07-21 11:12:32.656] [settingssync] [info] Extensions: Updated last synchronized extensions.
[2021-07-21 11:12:32.676] [settingssync] [info] Sync done. Took 243ms
[2021-07-21 11:12:43.810] [settingssync] [info] Auto Sync: Triggered by Activity
[2021-07-21 11:12:43.874] [settingssync] [info] Settings: No changes found during synchronizing settings.
[2021-07-21 11:12:43.877] [settingssync] [info] Keybindings: No changes found during synchronizing keybindings.
[2021-07-21 11:12:43.881] [settingssync] [info] Snippets: No changes found during synchronizing snippets.
[2021-07-21 11:12:43.916] [settingssync] [info] GlobalState: No changes found during synchronizing ui state.
[2021-07-21 11:12:44.141] [settingssync] [info] Extensions: Updated remote extensions. Added: ["pivaszbs.svelte-autoimport"].
[2021-07-21 11:12:44.144] [settingssync] [info] Extensions: Updated last synchronized extensions.
[2021-07-21 11:12:44.147] [settingssync] [info] Sync done. Took 280ms
[2021-07-21 11:12:47.140] [settingssync] [info] Auto Sync: Triggered by Activity
[2021-07-21 11:12:47.181] [settingssync] [info] Settings: No changes found during synchronizing settings.
[2021-07-21 11:12:47.187] [settingssync] [info] Keybindings: No changes found during synchronizing keybindings.
[2021-07-21 11:12:47.191] [settingssync] [info] Snippets: No changes found during synchronizing snippets.
[2021-07-21 11:12:47.225] [settingssync] [info] GlobalState: No changes found during synchronizing ui state.
[2021-07-21 11:12:47.393] [settingssync] [info] Extensions: Updated remote extensions. Added: ["melihaltintas.svelte-format"].
[2021-07-21 11:12:47.396] [settingssync] [info] Extensions: Updated last synchronized extensions.
[2021-07-21 11:12:47.397] [settingssync] [info] Sync done. Took 226ms
[2021-07-21 11:13:14.056] [settingssync] [info] Auto Sync: Triggered by Activity
[2021-07-21 11:13:14.138] [settingssync] [info] Settings: No changes found during synchronizing settings.
[2021-07-21 11:13:14.143] [settingssync] [info] Keybindings: No changes found during synchronizing keybindings.
[2021-07-21 11:13:14.146] [settingssync] [info] Snippets: No changes found during synchronizing snippets.
[2021-07-21 11:13:14.176] [settingssync] [info] GlobalState: No changes found during synchronizing ui state.
[2021-07-21 11:13:14.229] [settingssync] [info] Extensions: No changes found during synchronizing extensions.
[2021-07-21 11:13:14.229] [settingssync] [info] Sync done. Took 105ms
[2021-07-21 11:13:48.156] [settingssync] [info] Auto Sync: Triggered by Activity
[2021-07-21 11:13:48.221] [settingssync] [info] Settings: No changes found during synchronizing settings.
[2021-07-21 11:13:48.223] [settingssync] [info] Keybindings: No changes found during synchronizing keybindings.
[2021-07-21 11:13:48.226] [settingssync] [info] Snippets: No changes found during synchronizing snippets.
[2021-07-21 11:13:48.255] [settingssync] [info] GlobalState: No changes found during synchronizing ui state.
[2021-07-21 11:13:48.313] [settingssync] [info] Extensions: No changes found during synchronizing extensions.
[2021-07-21 11:13:48.314] [settingssync] [info] Sync done. Took 94ms
[2021-07-21 11:14:49.323] [settingssync] [info] Auto Sync: Triggered by Activity
[2021-07-21 11:14:49.395] [settingssync] [info] Settings: No changes found during synchronizing settings.
[2021-07-21 11:14:49.398] [settingssync] [info] Keybindings: No changes found during synchronizing keybindings.
[2021-07-21 11:14:49.404] [settingssync] [info] Snippets: No changes found during synchronizing snippets.
[2021-07-21 11:14:49.455] [settingssync] [info] GlobalState: No changes found during synchronizing ui state.
[2021-07-21 11:14:49.509] [settingssync] [info] Extensions: No changes found during synchronizing extensions.
[2021-07-21 11:14:49.510] [settingssync] [info] Sync done. Took 119ms
[2021-07-21 11:15:15.901] [settingssync] [info] Auto Sync: Triggered by Activity
[2021-07-21 11:15:15.966] [settingssync] [info] Settings: No changes found during synchronizing settings.
[2021-07-21 11:15:15.968] [settingssync] [info] Keybindings: No changes found during synchronizing keybindings.
[2021-07-21 11:15:15.973] [settingssync] [info] Snippets: No changes found during synchronizing snippets.
[2021-07-21 11:15:16.176] [settingssync] [info] GlobalState: Updated remote ui state
[2021-07-21 11:15:16.180] [settingssync] [info] GlobalState: Updated last synchronized ui state
[2021-07-21 11:15:16.244] [settingssync] [info] Extensions: No changes found during synchronizing extensions.
[2021-07-21 11:15:16.267] [settingssync] [info] Sync done. Took 281ms
[2021-07-21 11:15:29.175] [settingssync] [info] Cleared data on server
[2021-07-21 11:15:29.947] [settingssync] [info] Auto Sync: Triggered by Activity
[2021-07-21 11:15:30.035] [settingssync] [error] TurnedOff (UserDataSyncError) syncResource:unknown operationId:unknown: Cannot sync because syncing is turned off in the cloud
    at o.doSync (vscode-file://vscode-app/opt/visual-studio-code/resources/app/out/vs/code/electron-browser/sharedProcess/sharedProcessMain.js:54:133799)
[2021-07-21 11:15:30.036] [settingssync] [info] Auto Sync: Disabled.
[2021-07-21 11:15:30.036] [settingssync] [info] Auto Sync: Stopped
[2021-07-21 11:15:30.039] [settingssync] [info] Did reset the local sync state.
[2021-07-21 11:15:30.040] [settingssync] [info] Auto Sync: Turned off sync because sync is turned off in the cloud
