[2021-07-21 11:21:34.020] [renderer1] [error] ENOENT: no such file or directory, open '/home/soeren/.config/Code/User/globalStorage/vscodevim.vim/.registers': Error: ENOENT: no such file or directory, open '/home/soeren/.config/Code/User/globalStorage/vscodevim.vim/.registers'
[2021-07-21 11:36:02.982] [renderer1] [info] Setting search error: XHR failed
[2021-07-21 11:36:03.046] [renderer1] [info] Setting search error: XHR failed
[2021-07-21 11:36:33.639] [renderer1] [info] Setting search error: XHR failed
[2021-07-21 11:36:33.696] [renderer1] [info] Setting search error: XHR failed
[2021-07-21 11:37:41.629] [renderer1] [error] ENOENT: no such file or directory, open '/home/soeren/.config/Code/User/globalStorage/vscodevim.vim/.registers': Error: ENOENT: no such file or directory, open '/home/soeren/.config/Code/User/globalStorage/vscodevim.vim/.registers'
[2021-07-21 11:37:52.670] [renderer1] [error] Cannot read property 'kind' of null: TypeError: Cannot read property 'kind' of null
    at asHoverContent (/home/soeren/.vscode/extensions/ardenivanov.svelte-intellisense-0.7.1/client/node_modules/vscode-languageclient/lib/protocolConverter.js:101:27)
    at asHover (/home/soeren/.vscode/extensions/ardenivanov.svelte-intellisense-0.7.1/client/node_modules/vscode-languageclient/lib/protocolConverter.js:134:31)
[2021-07-21 11:37:54.139] [renderer1] [error] Cannot read property 'kind' of null: TypeError: Cannot read property 'kind' of null
    at asHoverContent (/home/soeren/.vscode/extensions/ardenivanov.svelte-intellisense-0.7.1/client/node_modules/vscode-languageclient/lib/protocolConverter.js:101:27)
    at asHover (/home/soeren/.vscode/extensions/ardenivanov.svelte-intellisense-0.7.1/client/node_modules/vscode-languageclient/lib/protocolConverter.js:134:31)
[2021-07-21 11:39:44.313] [renderer1] [error] Cannot read property 'kind' of null: TypeError: Cannot read property 'kind' of null
    at asHoverContent (/home/soeren/.vscode/extensions/ardenivanov.svelte-intellisense-0.7.1/client/node_modules/vscode-languageclient/lib/protocolConverter.js:101:27)
    at asHover (/home/soeren/.vscode/extensions/ardenivanov.svelte-intellisense-0.7.1/client/node_modules/vscode-languageclient/lib/protocolConverter.js:134:31)
[2021-07-21 11:39:45.730] [renderer1] [error] Cannot read property 'kind' of null: TypeError: Cannot read property 'kind' of null
    at asHoverContent (/home/soeren/.vscode/extensions/ardenivanov.svelte-intellisense-0.7.1/client/node_modules/vscode-languageclient/lib/protocolConverter.js:101:27)
    at asHover (/home/soeren/.vscode/extensions/ardenivanov.svelte-intellisense-0.7.1/client/node_modules/vscode-languageclient/lib/protocolConverter.js:134:31)
[2021-07-21 11:39:47.811] [renderer1] [error] Cannot read property 'kind' of null: TypeError: Cannot read property 'kind' of null
    at asHoverContent (/home/soeren/.vscode/extensions/ardenivanov.svelte-intellisense-0.7.1/client/node_modules/vscode-languageclient/lib/protocolConverter.js:101:27)
    at asHover (/home/soeren/.vscode/extensions/ardenivanov.svelte-intellisense-0.7.1/client/node_modules/vscode-languageclient/lib/protocolConverter.js:134:31)
[2021-07-21 11:42:27.106] [renderer1] [error] Illegal argument: value: Error: Illegal argument: value
    at Object.P [as illegalArgument] (/opt/visual-studio-code/resources/app/out/vs/workbench/services/extensions/node/extensionHostProcess.js:5:1232)
    at new y (/opt/visual-studio-code/resources/app/out/vs/workbench/services/extensions/node/extensionHostProcess.js:60:5485)
    at new v (/opt/visual-studio-code/resources/app/out/vs/workbench/services/extensions/node/extensionHostProcess.js:77:30269)
    at new v (/opt/visual-studio-code/resources/app/out/vs/workbench/services/extensions/node/extensionHostProcess.js:77:15222)
    at asHoverContent (/home/soeren/.vscode/extensions/ardenivanov.svelte-intellisense-0.7.1/client/node_modules/vscode-languageclient/lib/protocolConverter.js:103:28)
    at asHover (/home/soeren/.vscode/extensions/ardenivanov.svelte-intellisense-0.7.1/client/node_modules/vscode-languageclient/lib/protocolConverter.js:134:31)
[2021-07-21 12:00:22.901] [renderer1] [error] Illegal argument: value: Error: Illegal argument: value
    at Object.P [as illegalArgument] (/opt/visual-studio-code/resources/app/out/vs/workbench/services/extensions/node/extensionHostProcess.js:5:1232)
    at new y (/opt/visual-studio-code/resources/app/out/vs/workbench/services/extensions/node/extensionHostProcess.js:60:5485)
    at new v (/opt/visual-studio-code/resources/app/out/vs/workbench/services/extensions/node/extensionHostProcess.js:77:30269)
    at new v (/opt/visual-studio-code/resources/app/out/vs/workbench/services/extensions/node/extensionHostProcess.js:77:15222)
    at asHoverContent (/home/soeren/.vscode/extensions/ardenivanov.svelte-intellisense-0.7.1/client/node_modules/vscode-languageclient/lib/protocolConverter.js:103:28)
    at asHover (/home/soeren/.vscode/extensions/ardenivanov.svelte-intellisense-0.7.1/client/node_modules/vscode-languageclient/lib/protocolConverter.js:134:31)
[2021-07-21 12:04:33.515] [renderer1] [error] Cannot read property 'kind' of null: TypeError: Cannot read property 'kind' of null
    at asHoverContent (/home/soeren/.vscode/extensions/ardenivanov.svelte-intellisense-0.7.1/client/node_modules/vscode-languageclient/lib/protocolConverter.js:101:27)
    at asHover (/home/soeren/.vscode/extensions/ardenivanov.svelte-intellisense-0.7.1/client/node_modules/vscode-languageclient/lib/protocolConverter.js:134:31)
[2021-07-21 12:16:40.387] [renderer1] [error] Cannot read property 'kind' of null: TypeError: Cannot read property 'kind' of null
    at asHoverContent (/home/soeren/.vscode/extensions/ardenivanov.svelte-intellisense-0.7.1/client/node_modules/vscode-languageclient/lib/protocolConverter.js:101:27)
    at asHover (/home/soeren/.vscode/extensions/ardenivanov.svelte-intellisense-0.7.1/client/node_modules/vscode-languageclient/lib/protocolConverter.js:134:31)
[2021-07-21 12:16:41.693] [renderer1] [error] Cannot read property 'kind' of null: TypeError: Cannot read property 'kind' of null
    at asHoverContent (/home/soeren/.vscode/extensions/ardenivanov.svelte-intellisense-0.7.1/client/node_modules/vscode-languageclient/lib/protocolConverter.js:101:27)
    at asHover (/home/soeren/.vscode/extensions/ardenivanov.svelte-intellisense-0.7.1/client/node_modules/vscode-languageclient/lib/protocolConverter.js:134:31)
[2021-07-21 12:39:56.985] [renderer1] [error] Cannot read property 'kind' of null: TypeError: Cannot read property 'kind' of null
    at asHoverContent (/home/soeren/.vscode/extensions/ardenivanov.svelte-intellisense-0.7.1/client/node_modules/vscode-languageclient/lib/protocolConverter.js:101:27)
    at asHover (/home/soeren/.vscode/extensions/ardenivanov.svelte-intellisense-0.7.1/client/node_modules/vscode-languageclient/lib/protocolConverter.js:134:31)
[2021-07-21 12:40:04.199] [renderer1] [error] Cannot read property 'kind' of null: TypeError: Cannot read property 'kind' of null
    at asHoverContent (/home/soeren/.vscode/extensions/ardenivanov.svelte-intellisense-0.7.1/client/node_modules/vscode-languageclient/lib/protocolConverter.js:101:27)
    at asHover (/home/soeren/.vscode/extensions/ardenivanov.svelte-intellisense-0.7.1/client/node_modules/vscode-languageclient/lib/protocolConverter.js:134:31)
[2021-07-21 12:40:09.217] [renderer1] [error] Cannot read property 'kind' of null: TypeError: Cannot read property 'kind' of null
    at asHoverContent (/home/soeren/.vscode/extensions/ardenivanov.svelte-intellisense-0.7.1/client/node_modules/vscode-languageclient/lib/protocolConverter.js:101:27)
    at asHover (/home/soeren/.vscode/extensions/ardenivanov.svelte-intellisense-0.7.1/client/node_modules/vscode-languageclient/lib/protocolConverter.js:134:31)
[2021-07-21 12:43:24.922] [renderer1] [error] Cannot read property 'kind' of null: TypeError: Cannot read property 'kind' of null
    at asHoverContent (/home/soeren/.vscode/extensions/ardenivanov.svelte-intellisense-0.7.1/client/node_modules/vscode-languageclient/lib/protocolConverter.js:101:27)
    at asHover (/home/soeren/.vscode/extensions/ardenivanov.svelte-intellisense-0.7.1/client/node_modules/vscode-languageclient/lib/protocolConverter.js:134:31)
[2021-07-21 12:43:27.036] [renderer1] [error] Cannot read property 'kind' of null: TypeError: Cannot read property 'kind' of null
    at asHoverContent (/home/soeren/.vscode/extensions/ardenivanov.svelte-intellisense-0.7.1/client/node_modules/vscode-languageclient/lib/protocolConverter.js:101:27)
    at asHover (/home/soeren/.vscode/extensions/ardenivanov.svelte-intellisense-0.7.1/client/node_modules/vscode-languageclient/lib/protocolConverter.js:134:31)
[2021-07-21 12:44:25.251] [renderer1] [error] Cannot read property 'kind' of null: TypeError: Cannot read property 'kind' of null
    at asHoverContent (/home/soeren/.vscode/extensions/ardenivanov.svelte-intellisense-0.7.1/client/node_modules/vscode-languageclient/lib/protocolConverter.js:101:27)
    at asHover (/home/soeren/.vscode/extensions/ardenivanov.svelte-intellisense-0.7.1/client/node_modules/vscode-languageclient/lib/protocolConverter.js:134:31)
[2021-07-21 12:44:35.723] [renderer1] [error] Cannot read property 'kind' of null: TypeError: Cannot read property 'kind' of null
    at asHoverContent (/home/soeren/.vscode/extensions/ardenivanov.svelte-intellisense-0.7.1/client/node_modules/vscode-languageclient/lib/protocolConverter.js:101:27)
    at asHover (/home/soeren/.vscode/extensions/ardenivanov.svelte-intellisense-0.7.1/client/node_modules/vscode-languageclient/lib/protocolConverter.js:134:31)
[2021-07-21 12:47:30.803] [renderer1] [error] Cannot read property 'kind' of null: TypeError: Cannot read property 'kind' of null
    at asHoverContent (/home/soeren/.vscode/extensions/ardenivanov.svelte-intellisense-0.7.1/client/node_modules/vscode-languageclient/lib/protocolConverter.js:101:27)
    at asHover (/home/soeren/.vscode/extensions/ardenivanov.svelte-intellisense-0.7.1/client/node_modules/vscode-languageclient/lib/protocolConverter.js:134:31)
[2021-07-21 12:47:33.105] [renderer1] [error] Cannot read property 'kind' of null: TypeError: Cannot read property 'kind' of null
    at asHoverContent (/home/soeren/.vscode/extensions/ardenivanov.svelte-intellisense-0.7.1/client/node_modules/vscode-languageclient/lib/protocolConverter.js:101:27)
    at asHover (/home/soeren/.vscode/extensions/ardenivanov.svelte-intellisense-0.7.1/client/node_modules/vscode-languageclient/lib/protocolConverter.js:134:31)
[2021-07-21 12:47:34.518] [renderer1] [error] Cannot read property 'kind' of null: TypeError: Cannot read property 'kind' of null
    at asHoverContent (/home/soeren/.vscode/extensions/ardenivanov.svelte-intellisense-0.7.1/client/node_modules/vscode-languageclient/lib/protocolConverter.js:101:27)
    at asHover (/home/soeren/.vscode/extensions/ardenivanov.svelte-intellisense-0.7.1/client/node_modules/vscode-languageclient/lib/protocolConverter.js:134:31)
[2021-07-21 12:48:51.667] [renderer1] [error] Cannot read property 'kind' of null: TypeError: Cannot read property 'kind' of null
    at asHoverContent (/home/soeren/.vscode/extensions/ardenivanov.svelte-intellisense-0.7.1/client/node_modules/vscode-languageclient/lib/protocolConverter.js:101:27)
    at asHover (/home/soeren/.vscode/extensions/ardenivanov.svelte-intellisense-0.7.1/client/node_modules/vscode-languageclient/lib/protocolConverter.js:134:31)
[2021-07-21 12:49:41.312] [renderer1] [error] Cannot read property 'kind' of null: TypeError: Cannot read property 'kind' of null
    at asHoverContent (/home/soeren/.vscode/extensions/ardenivanov.svelte-intellisense-0.7.1/client/node_modules/vscode-languageclient/lib/protocolConverter.js:101:27)
    at asHover (/home/soeren/.vscode/extensions/ardenivanov.svelte-intellisense-0.7.1/client/node_modules/vscode-languageclient/lib/protocolConverter.js:134:31)
[2021-07-21 12:49:42.424] [renderer1] [error] Cannot read property 'kind' of null: TypeError: Cannot read property 'kind' of null
    at asHoverContent (/home/soeren/.vscode/extensions/ardenivanov.svelte-intellisense-0.7.1/client/node_modules/vscode-languageclient/lib/protocolConverter.js:101:27)
    at asHover (/home/soeren/.vscode/extensions/ardenivanov.svelte-intellisense-0.7.1/client/node_modules/vscode-languageclient/lib/protocolConverter.js:134:31)
[2021-07-21 12:49:44.603] [renderer1] [error] Cannot read property 'kind' of null: TypeError: Cannot read property 'kind' of null
    at asHoverContent (/home/soeren/.vscode/extensions/ardenivanov.svelte-intellisense-0.7.1/client/node_modules/vscode-languageclient/lib/protocolConverter.js:101:27)
    at asHover (/home/soeren/.vscode/extensions/ardenivanov.svelte-intellisense-0.7.1/client/node_modules/vscode-languageclient/lib/protocolConverter.js:134:31)
[2021-07-21 12:49:46.606] [renderer1] [error] Cannot read property 'kind' of null: TypeError: Cannot read property 'kind' of null
    at asHoverContent (/home/soeren/.vscode/extensions/ardenivanov.svelte-intellisense-0.7.1/client/node_modules/vscode-languageclient/lib/protocolConverter.js:101:27)
    at asHover (/home/soeren/.vscode/extensions/ardenivanov.svelte-intellisense-0.7.1/client/node_modules/vscode-languageclient/lib/protocolConverter.js:134:31)
[2021-07-21 12:49:53.719] [renderer1] [error] Cannot read property 'kind' of null: TypeError: Cannot read property 'kind' of null
    at asHoverContent (/home/soeren/.vscode/extensions/ardenivanov.svelte-intellisense-0.7.1/client/node_modules/vscode-languageclient/lib/protocolConverter.js:101:27)
    at asHover (/home/soeren/.vscode/extensions/ardenivanov.svelte-intellisense-0.7.1/client/node_modules/vscode-languageclient/lib/protocolConverter.js:134:31)
[2021-07-21 12:49:55.325] [renderer1] [error] Cannot read property 'kind' of null: TypeError: Cannot read property 'kind' of null
    at asHoverContent (/home/soeren/.vscode/extensions/ardenivanov.svelte-intellisense-0.7.1/client/node_modules/vscode-languageclient/lib/protocolConverter.js:101:27)
    at asHover (/home/soeren/.vscode/extensions/ardenivanov.svelte-intellisense-0.7.1/client/node_modules/vscode-languageclient/lib/protocolConverter.js:134:31)
[2021-07-21 12:49:58.543] [renderer1] [error] Cannot read property 'kind' of null: TypeError: Cannot read property 'kind' of null
    at asHoverContent (/home/soeren/.vscode/extensions/ardenivanov.svelte-intellisense-0.7.1/client/node_modules/vscode-languageclient/lib/protocolConverter.js:101:27)
    at asHover (/home/soeren/.vscode/extensions/ardenivanov.svelte-intellisense-0.7.1/client/node_modules/vscode-languageclient/lib/protocolConverter.js:134:31)
[2021-07-21 12:50:34.679] [renderer1] [error] Cannot read property 'kind' of null: TypeError: Cannot read property 'kind' of null
    at asHoverContent (/home/soeren/.vscode/extensions/ardenivanov.svelte-intellisense-0.7.1/client/node_modules/vscode-languageclient/lib/protocolConverter.js:101:27)
    at asHover (/home/soeren/.vscode/extensions/ardenivanov.svelte-intellisense-0.7.1/client/node_modules/vscode-languageclient/lib/protocolConverter.js:134:31)
[2021-07-21 12:50:35.885] [renderer1] [error] Cannot read property 'kind' of null: TypeError: Cannot read property 'kind' of null
    at asHoverContent (/home/soeren/.vscode/extensions/ardenivanov.svelte-intellisense-0.7.1/client/node_modules/vscode-languageclient/lib/protocolConverter.js:101:27)
    at asHover (/home/soeren/.vscode/extensions/ardenivanov.svelte-intellisense-0.7.1/client/node_modules/vscode-languageclient/lib/protocolConverter.js:134:31)
[2021-07-21 12:50:38.354] [renderer1] [error] Cannot read property 'kind' of null: TypeError: Cannot read property 'kind' of null
    at asHoverContent (/home/soeren/.vscode/extensions/ardenivanov.svelte-intellisense-0.7.1/client/node_modules/vscode-languageclient/lib/protocolConverter.js:101:27)
    at asHover (/home/soeren/.vscode/extensions/ardenivanov.svelte-intellisense-0.7.1/client/node_modules/vscode-languageclient/lib/protocolConverter.js:134:31)
[2021-07-21 12:50:39.388] [renderer1] [error] Cannot read property 'kind' of null: TypeError: Cannot read property 'kind' of null
    at asHoverContent (/home/soeren/.vscode/extensions/ardenivanov.svelte-intellisense-0.7.1/client/node_modules/vscode-languageclient/lib/protocolConverter.js:101:27)
    at asHover (/home/soeren/.vscode/extensions/ardenivanov.svelte-intellisense-0.7.1/client/node_modules/vscode-languageclient/lib/protocolConverter.js:134:31)
[2021-07-21 12:50:43.134] [renderer1] [error] Cannot read property 'kind' of null: TypeError: Cannot read property 'kind' of null
    at asHoverContent (/home/soeren/.vscode/extensions/ardenivanov.svelte-intellisense-0.7.1/client/node_modules/vscode-languageclient/lib/protocolConverter.js:101:27)
    at asHover (/home/soeren/.vscode/extensions/ardenivanov.svelte-intellisense-0.7.1/client/node_modules/vscode-languageclient/lib/protocolConverter.js:134:31)
[2021-07-21 12:50:44.802] [renderer1] [error] Cannot read property 'kind' of null: TypeError: Cannot read property 'kind' of null
    at asHoverContent (/home/soeren/.vscode/extensions/ardenivanov.svelte-intellisense-0.7.1/client/node_modules/vscode-languageclient/lib/protocolConverter.js:101:27)
    at asHover (/home/soeren/.vscode/extensions/ardenivanov.svelte-intellisense-0.7.1/client/node_modules/vscode-languageclient/lib/protocolConverter.js:134:31)
[2021-07-21 12:50:47.659] [renderer1] [error] Cannot read property 'kind' of null: TypeError: Cannot read property 'kind' of null
    at asHoverContent (/home/soeren/.vscode/extensions/ardenivanov.svelte-intellisense-0.7.1/client/node_modules/vscode-languageclient/lib/protocolConverter.js:101:27)
    at asHover (/home/soeren/.vscode/extensions/ardenivanov.svelte-intellisense-0.7.1/client/node_modules/vscode-languageclient/lib/protocolConverter.js:134:31)
[2021-07-21 12:50:53.013] [renderer1] [error] Cannot read property 'kind' of null: TypeError: Cannot read property 'kind' of null
    at asHoverContent (/home/soeren/.vscode/extensions/ardenivanov.svelte-intellisense-0.7.1/client/node_modules/vscode-languageclient/lib/protocolConverter.js:101:27)
    at asHover (/home/soeren/.vscode/extensions/ardenivanov.svelte-intellisense-0.7.1/client/node_modules/vscode-languageclient/lib/protocolConverter.js:134:31)
[2021-07-21 12:51:49.289] [renderer1] [error] Cannot read property 'kind' of null: TypeError: Cannot read property 'kind' of null
    at asHoverContent (/home/soeren/.vscode/extensions/ardenivanov.svelte-intellisense-0.7.1/client/node_modules/vscode-languageclient/lib/protocolConverter.js:101:27)
    at asHover (/home/soeren/.vscode/extensions/ardenivanov.svelte-intellisense-0.7.1/client/node_modules/vscode-languageclient/lib/protocolConverter.js:134:31)
[2021-07-21 12:54:47.356] [renderer1] [error] Cannot read property 'kind' of null: TypeError: Cannot read property 'kind' of null
    at asHoverContent (/home/soeren/.vscode/extensions/ardenivanov.svelte-intellisense-0.7.1/client/node_modules/vscode-languageclient/lib/protocolConverter.js:101:27)
    at asHover (/home/soeren/.vscode/extensions/ardenivanov.svelte-intellisense-0.7.1/client/node_modules/vscode-languageclient/lib/protocolConverter.js:134:31)
[2021-07-21 12:57:45.974] [renderer1] [error] Cannot read property 'kind' of null: TypeError: Cannot read property 'kind' of null
    at asHoverContent (/home/soeren/.vscode/extensions/ardenivanov.svelte-intellisense-0.7.1/client/node_modules/vscode-languageclient/lib/protocolConverter.js:101:27)
    at asHover (/home/soeren/.vscode/extensions/ardenivanov.svelte-intellisense-0.7.1/client/node_modules/vscode-languageclient/lib/protocolConverter.js:134:31)
[2021-07-21 12:57:48.107] [renderer1] [error] Cannot read property 'kind' of null: TypeError: Cannot read property 'kind' of null
    at asHoverContent (/home/soeren/.vscode/extensions/ardenivanov.svelte-intellisense-0.7.1/client/node_modules/vscode-languageclient/lib/protocolConverter.js:101:27)
    at asHover (/home/soeren/.vscode/extensions/ardenivanov.svelte-intellisense-0.7.1/client/node_modules/vscode-languageclient/lib/protocolConverter.js:134:31)
[2021-07-21 12:57:52.796] [renderer1] [error] Cannot read property 'kind' of null: TypeError: Cannot read property 'kind' of null
    at asHoverContent (/home/soeren/.vscode/extensions/ardenivanov.svelte-intellisense-0.7.1/client/node_modules/vscode-languageclient/lib/protocolConverter.js:101:27)
    at asHover (/home/soeren/.vscode/extensions/ardenivanov.svelte-intellisense-0.7.1/client/node_modules/vscode-languageclient/lib/protocolConverter.js:134:31)
[2021-07-21 12:57:53.944] [renderer1] [error] Cannot read property 'kind' of null: TypeError: Cannot read property 'kind' of null
    at asHoverContent (/home/soeren/.vscode/extensions/ardenivanov.svelte-intellisense-0.7.1/client/node_modules/vscode-languageclient/lib/protocolConverter.js:101:27)
    at asHover (/home/soeren/.vscode/extensions/ardenivanov.svelte-intellisense-0.7.1/client/node_modules/vscode-languageclient/lib/protocolConverter.js:134:31)
[2021-07-21 12:57:57.319] [renderer1] [error] Cannot read property 'kind' of null: TypeError: Cannot read property 'kind' of null
    at asHoverContent (/home/soeren/.vscode/extensions/ardenivanov.svelte-intellisense-0.7.1/client/node_modules/vscode-languageclient/lib/protocolConverter.js:101:27)
    at asHover (/home/soeren/.vscode/extensions/ardenivanov.svelte-intellisense-0.7.1/client/node_modules/vscode-languageclient/lib/protocolConverter.js:134:31)
[2021-07-21 12:57:58.510] [renderer1] [error] Cannot read property 'kind' of null: TypeError: Cannot read property 'kind' of null
    at asHoverContent (/home/soeren/.vscode/extensions/ardenivanov.svelte-intellisense-0.7.1/client/node_modules/vscode-languageclient/lib/protocolConverter.js:101:27)
    at asHover (/home/soeren/.vscode/extensions/ardenivanov.svelte-intellisense-0.7.1/client/node_modules/vscode-languageclient/lib/protocolConverter.js:134:31)
[2021-07-21 12:58:02.626] [renderer1] [error] Cannot read property 'kind' of null: TypeError: Cannot read property 'kind' of null
    at asHoverContent (/home/soeren/.vscode/extensions/ardenivanov.svelte-intellisense-0.7.1/client/node_modules/vscode-languageclient/lib/protocolConverter.js:101:27)
    at asHover (/home/soeren/.vscode/extensions/ardenivanov.svelte-intellisense-0.7.1/client/node_modules/vscode-languageclient/lib/protocolConverter.js:134:31)
[2021-07-21 12:58:04.624] [renderer1] [error] Cannot read property 'kind' of null: TypeError: Cannot read property 'kind' of null
    at asHoverContent (/home/soeren/.vscode/extensions/ardenivanov.svelte-intellisense-0.7.1/client/node_modules/vscode-languageclient/lib/protocolConverter.js:101:27)
    at asHover (/home/soeren/.vscode/extensions/ardenivanov.svelte-intellisense-0.7.1/client/node_modules/vscode-languageclient/lib/protocolConverter.js:134:31)
[2021-07-21 13:00:01.526] [renderer1] [error] Cannot read property 'kind' of null: TypeError: Cannot read property 'kind' of null
    at asHoverContent (/home/soeren/.vscode/extensions/ardenivanov.svelte-intellisense-0.7.1/client/node_modules/vscode-languageclient/lib/protocolConverter.js:101:27)
    at asHover (/home/soeren/.vscode/extensions/ardenivanov.svelte-intellisense-0.7.1/client/node_modules/vscode-languageclient/lib/protocolConverter.js:134:31)
[2021-07-21 13:00:34.057] [renderer1] [error] Cannot read property 'kind' of null: TypeError: Cannot read property 'kind' of null
    at asHoverContent (/home/soeren/.vscode/extensions/ardenivanov.svelte-intellisense-0.7.1/client/node_modules/vscode-languageclient/lib/protocolConverter.js:101:27)
    at asHover (/home/soeren/.vscode/extensions/ardenivanov.svelte-intellisense-0.7.1/client/node_modules/vscode-languageclient/lib/protocolConverter.js:134:31)
[2021-07-21 13:00:35.161] [renderer1] [error] Cannot read property 'kind' of null: TypeError: Cannot read property 'kind' of null
    at asHoverContent (/home/soeren/.vscode/extensions/ardenivanov.svelte-intellisense-0.7.1/client/node_modules/vscode-languageclient/lib/protocolConverter.js:101:27)
    at asHover (/home/soeren/.vscode/extensions/ardenivanov.svelte-intellisense-0.7.1/client/node_modules/vscode-languageclient/lib/protocolConverter.js:134:31)
[2021-07-21 13:00:44.972] [renderer1] [error] Cannot read property 'kind' of null: TypeError: Cannot read property 'kind' of null
    at asHoverContent (/home/soeren/.vscode/extensions/ardenivanov.svelte-intellisense-0.7.1/client/node_modules/vscode-languageclient/lib/protocolConverter.js:101:27)
    at asHover (/home/soeren/.vscode/extensions/ardenivanov.svelte-intellisense-0.7.1/client/node_modules/vscode-languageclient/lib/protocolConverter.js:134:31)
[2021-07-21 13:01:04.844] [renderer1] [error] Cannot read property 'kind' of null: TypeError: Cannot read property 'kind' of null
    at asHoverContent (/home/soeren/.vscode/extensions/ardenivanov.svelte-intellisense-0.7.1/client/node_modules/vscode-languageclient/lib/protocolConverter.js:101:27)
    at asHover (/home/soeren/.vscode/extensions/ardenivanov.svelte-intellisense-0.7.1/client/node_modules/vscode-languageclient/lib/protocolConverter.js:134:31)
[2021-07-21 13:01:08.183] [renderer1] [error] Cannot read property 'kind' of null: TypeError: Cannot read property 'kind' of null
    at asHoverContent (/home/soeren/.vscode/extensions/ardenivanov.svelte-intellisense-0.7.1/client/node_modules/vscode-languageclient/lib/protocolConverter.js:101:27)
    at asHover (/home/soeren/.vscode/extensions/ardenivanov.svelte-intellisense-0.7.1/client/node_modules/vscode-languageclient/lib/protocolConverter.js:134:31)
[2021-07-21 13:01:10.168] [renderer1] [error] Cannot read property 'kind' of null: TypeError: Cannot read property 'kind' of null
    at asHoverContent (/home/soeren/.vscode/extensions/ardenivanov.svelte-intellisense-0.7.1/client/node_modules/vscode-languageclient/lib/protocolConverter.js:101:27)
    at asHover (/home/soeren/.vscode/extensions/ardenivanov.svelte-intellisense-0.7.1/client/node_modules/vscode-languageclient/lib/protocolConverter.js:134:31)
[2021-07-21 13:02:01.848] [renderer1] [error] Cannot read property 'kind' of null: TypeError: Cannot read property 'kind' of null
    at asHoverContent (/home/soeren/.vscode/extensions/ardenivanov.svelte-intellisense-0.7.1/client/node_modules/vscode-languageclient/lib/protocolConverter.js:101:27)
    at asHover (/home/soeren/.vscode/extensions/ardenivanov.svelte-intellisense-0.7.1/client/node_modules/vscode-languageclient/lib/protocolConverter.js:134:31)
[2021-07-21 13:03:05.983] [renderer1] [error] Cannot read property 'kind' of null: TypeError: Cannot read property 'kind' of null
    at asHoverContent (/home/soeren/.vscode/extensions/ardenivanov.svelte-intellisense-0.7.1/client/node_modules/vscode-languageclient/lib/protocolConverter.js:101:27)
    at asHover (/home/soeren/.vscode/extensions/ardenivanov.svelte-intellisense-0.7.1/client/node_modules/vscode-languageclient/lib/protocolConverter.js:134:31)
[2021-07-21 13:03:14.920] [renderer1] [error] Cannot read property 'kind' of null: TypeError: Cannot read property 'kind' of null
    at asHoverContent (/home/soeren/.vscode/extensions/ardenivanov.svelte-intellisense-0.7.1/client/node_modules/vscode-languageclient/lib/protocolConverter.js:101:27)
    at asHover (/home/soeren/.vscode/extensions/ardenivanov.svelte-intellisense-0.7.1/client/node_modules/vscode-languageclient/lib/protocolConverter.js:134:31)
[2021-07-21 13:03:19.708] [renderer1] [error] Cannot read property 'kind' of null: TypeError: Cannot read property 'kind' of null
    at asHoverContent (/home/soeren/.vscode/extensions/ardenivanov.svelte-intellisense-0.7.1/client/node_modules/vscode-languageclient/lib/protocolConverter.js:101:27)
    at asHover (/home/soeren/.vscode/extensions/ardenivanov.svelte-intellisense-0.7.1/client/node_modules/vscode-languageclient/lib/protocolConverter.js:134:31)
[2021-07-21 13:03:22.774] [renderer1] [error] Cannot read property 'kind' of null: TypeError: Cannot read property 'kind' of null
    at asHoverContent (/home/soeren/.vscode/extensions/ardenivanov.svelte-intellisense-0.7.1/client/node_modules/vscode-languageclient/lib/protocolConverter.js:101:27)
    at asHover (/home/soeren/.vscode/extensions/ardenivanov.svelte-intellisense-0.7.1/client/node_modules/vscode-languageclient/lib/protocolConverter.js:134:31)
[2021-07-21 13:03:24.060] [renderer1] [error] Cannot read property 'kind' of null: TypeError: Cannot read property 'kind' of null
    at asHoverContent (/home/soeren/.vscode/extensions/ardenivanov.svelte-intellisense-0.7.1/client/node_modules/vscode-languageclient/lib/protocolConverter.js:101:27)
    at asHover (/home/soeren/.vscode/extensions/ardenivanov.svelte-intellisense-0.7.1/client/node_modules/vscode-languageclient/lib/protocolConverter.js:134:31)
[2021-07-21 13:03:25.256] [renderer1] [error] Cannot read property 'kind' of null: TypeError: Cannot read property 'kind' of null
    at asHoverContent (/home/soeren/.vscode/extensions/ardenivanov.svelte-intellisense-0.7.1/client/node_modules/vscode-languageclient/lib/protocolConverter.js:101:27)
    at asHover (/home/soeren/.vscode/extensions/ardenivanov.svelte-intellisense-0.7.1/client/node_modules/vscode-languageclient/lib/protocolConverter.js:134:31)
[2021-07-21 13:03:26.869] [renderer1] [error] Cannot read property 'kind' of null: TypeError: Cannot read property 'kind' of null
    at asHoverContent (/home/soeren/.vscode/extensions/ardenivanov.svelte-intellisense-0.7.1/client/node_modules/vscode-languageclient/lib/protocolConverter.js:101:27)
    at asHover (/home/soeren/.vscode/extensions/ardenivanov.svelte-intellisense-0.7.1/client/node_modules/vscode-languageclient/lib/protocolConverter.js:134:31)
[2021-07-21 13:03:27.945] [renderer1] [error] Cannot read property 'kind' of null: TypeError: Cannot read property 'kind' of null
    at asHoverContent (/home/soeren/.vscode/extensions/ardenivanov.svelte-intellisense-0.7.1/client/node_modules/vscode-languageclient/lib/protocolConverter.js:101:27)
    at asHover (/home/soeren/.vscode/extensions/ardenivanov.svelte-intellisense-0.7.1/client/node_modules/vscode-languageclient/lib/protocolConverter.js:134:31)
[2021-07-21 13:03:29.775] [renderer1] [error] Cannot read property 'kind' of null: TypeError: Cannot read property 'kind' of null
    at asHoverContent (/home/soeren/.vscode/extensions/ardenivanov.svelte-intellisense-0.7.1/client/node_modules/vscode-languageclient/lib/protocolConverter.js:101:27)
    at asHover (/home/soeren/.vscode/extensions/ardenivanov.svelte-intellisense-0.7.1/client/node_modules/vscode-languageclient/lib/protocolConverter.js:134:31)
[2021-07-21 13:03:31.928] [renderer1] [error] Cannot read property 'kind' of null: TypeError: Cannot read property 'kind' of null
    at asHoverContent (/home/soeren/.vscode/extensions/ardenivanov.svelte-intellisense-0.7.1/client/node_modules/vscode-languageclient/lib/protocolConverter.js:101:27)
    at asHover (/home/soeren/.vscode/extensions/ardenivanov.svelte-intellisense-0.7.1/client/node_modules/vscode-languageclient/lib/protocolConverter.js:134:31)
[2021-07-21 13:03:38.375] [renderer1] [error] Cannot read property 'kind' of null: TypeError: Cannot read property 'kind' of null
    at asHoverContent (/home/soeren/.vscode/extensions/ardenivanov.svelte-intellisense-0.7.1/client/node_modules/vscode-languageclient/lib/protocolConverter.js:101:27)
    at asHover (/home/soeren/.vscode/extensions/ardenivanov.svelte-intellisense-0.7.1/client/node_modules/vscode-languageclient/lib/protocolConverter.js:134:31)
[2021-07-21 13:03:44.864] [renderer1] [error] Cannot read property 'kind' of null: TypeError: Cannot read property 'kind' of null
    at asHoverContent (/home/soeren/.vscode/extensions/ardenivanov.svelte-intellisense-0.7.1/client/node_modules/vscode-languageclient/lib/protocolConverter.js:101:27)
    at asHover (/home/soeren/.vscode/extensions/ardenivanov.svelte-intellisense-0.7.1/client/node_modules/vscode-languageclient/lib/protocolConverter.js:134:31)
[2021-07-21 13:03:54.215] [renderer1] [error] Cannot read property 'kind' of null: TypeError: Cannot read property 'kind' of null
    at asHoverContent (/home/soeren/.vscode/extensions/ardenivanov.svelte-intellisense-0.7.1/client/node_modules/vscode-languageclient/lib/protocolConverter.js:101:27)
    at asHover (/home/soeren/.vscode/extensions/ardenivanov.svelte-intellisense-0.7.1/client/node_modules/vscode-languageclient/lib/protocolConverter.js:134:31)
[2021-07-21 13:03:56.331] [renderer1] [error] Cannot read property 'kind' of null: TypeError: Cannot read property 'kind' of null
    at asHoverContent (/home/soeren/.vscode/extensions/ardenivanov.svelte-intellisense-0.7.1/client/node_modules/vscode-languageclient/lib/protocolConverter.js:101:27)
    at asHover (/home/soeren/.vscode/extensions/ardenivanov.svelte-intellisense-0.7.1/client/node_modules/vscode-languageclient/lib/protocolConverter.js:134:31)
[2021-07-21 13:03:58.618] [renderer1] [error] Cannot read property 'kind' of null: TypeError: Cannot read property 'kind' of null
    at asHoverContent (/home/soeren/.vscode/extensions/ardenivanov.svelte-intellisense-0.7.1/client/node_modules/vscode-languageclient/lib/protocolConverter.js:101:27)
    at asHover (/home/soeren/.vscode/extensions/ardenivanov.svelte-intellisense-0.7.1/client/node_modules/vscode-languageclient/lib/protocolConverter.js:134:31)
[2021-07-21 13:04:02.184] [renderer1] [error] Cannot read property 'kind' of null: TypeError: Cannot read property 'kind' of null
    at asHoverContent (/home/soeren/.vscode/extensions/ardenivanov.svelte-intellisense-0.7.1/client/node_modules/vscode-languageclient/lib/protocolConverter.js:101:27)
    at asHover (/home/soeren/.vscode/extensions/ardenivanov.svelte-intellisense-0.7.1/client/node_modules/vscode-languageclient/lib/protocolConverter.js:134:31)
[2021-07-21 13:04:13.023] [renderer1] [error] Cannot read property 'kind' of null: TypeError: Cannot read property 'kind' of null
    at asHoverContent (/home/soeren/.vscode/extensions/ardenivanov.svelte-intellisense-0.7.1/client/node_modules/vscode-languageclient/lib/protocolConverter.js:101:27)
    at asHover (/home/soeren/.vscode/extensions/ardenivanov.svelte-intellisense-0.7.1/client/node_modules/vscode-languageclient/lib/protocolConverter.js:134:31)
[2021-07-21 13:04:25.711] [renderer1] [error] Cannot read property 'kind' of null: TypeError: Cannot read property 'kind' of null
    at asHoverContent (/home/soeren/.vscode/extensions/ardenivanov.svelte-intellisense-0.7.1/client/node_modules/vscode-languageclient/lib/protocolConverter.js:101:27)
    at asHover (/home/soeren/.vscode/extensions/ardenivanov.svelte-intellisense-0.7.1/client/node_modules/vscode-languageclient/lib/protocolConverter.js:134:31)
[2021-07-21 13:04:26.813] [renderer1] [error] Cannot read property 'kind' of null: TypeError: Cannot read property 'kind' of null
    at asHoverContent (/home/soeren/.vscode/extensions/ardenivanov.svelte-intellisense-0.7.1/client/node_modules/vscode-languageclient/lib/protocolConverter.js:101:27)
    at asHover (/home/soeren/.vscode/extensions/ardenivanov.svelte-intellisense-0.7.1/client/node_modules/vscode-languageclient/lib/protocolConverter.js:134:31)
[2021-07-21 13:04:28.304] [renderer1] [error] Cannot read property 'kind' of null: TypeError: Cannot read property 'kind' of null
    at asHoverContent (/home/soeren/.vscode/extensions/ardenivanov.svelte-intellisense-0.7.1/client/node_modules/vscode-languageclient/lib/protocolConverter.js:101:27)
    at asHover (/home/soeren/.vscode/extensions/ardenivanov.svelte-intellisense-0.7.1/client/node_modules/vscode-languageclient/lib/protocolConverter.js:134:31)
[2021-07-21 13:05:35.879] [renderer1] [error] Cannot read property 'kind' of null: TypeError: Cannot read property 'kind' of null
    at asHoverContent (/home/soeren/.vscode/extensions/ardenivanov.svelte-intellisense-0.7.1/client/node_modules/vscode-languageclient/lib/protocolConverter.js:101:27)
    at asHover (/home/soeren/.vscode/extensions/ardenivanov.svelte-intellisense-0.7.1/client/node_modules/vscode-languageclient/lib/protocolConverter.js:134:31)
[2021-07-21 13:06:36.885] [renderer1] [error] Cannot read property 'kind' of null: TypeError: Cannot read property 'kind' of null
    at asHoverContent (/home/soeren/.vscode/extensions/ardenivanov.svelte-intellisense-0.7.1/client/node_modules/vscode-languageclient/lib/protocolConverter.js:101:27)
    at asHover (/home/soeren/.vscode/extensions/ardenivanov.svelte-intellisense-0.7.1/client/node_modules/vscode-languageclient/lib/protocolConverter.js:134:31)
[2021-07-21 13:06:44.165] [renderer1] [error] Illegal argument: value: Error: Illegal argument: value
    at Object.P [as illegalArgument] (/opt/visual-studio-code/resources/app/out/vs/workbench/services/extensions/node/extensionHostProcess.js:5:1232)
    at new y (/opt/visual-studio-code/resources/app/out/vs/workbench/services/extensions/node/extensionHostProcess.js:60:5485)
    at new v (/opt/visual-studio-code/resources/app/out/vs/workbench/services/extensions/node/extensionHostProcess.js:77:30269)
    at new v (/opt/visual-studio-code/resources/app/out/vs/workbench/services/extensions/node/extensionHostProcess.js:77:15222)
    at asHoverContent (/home/soeren/.vscode/extensions/ardenivanov.svelte-intellisense-0.7.1/client/node_modules/vscode-languageclient/lib/protocolConverter.js:103:28)
    at asHover (/home/soeren/.vscode/extensions/ardenivanov.svelte-intellisense-0.7.1/client/node_modules/vscode-languageclient/lib/protocolConverter.js:134:31)
[2021-07-21 13:06:58.833] [renderer1] [error] Cannot read property 'kind' of null: TypeError: Cannot read property 'kind' of null
    at asHoverContent (/home/soeren/.vscode/extensions/ardenivanov.svelte-intellisense-0.7.1/client/node_modules/vscode-languageclient/lib/protocolConverter.js:101:27)
    at asHover (/home/soeren/.vscode/extensions/ardenivanov.svelte-intellisense-0.7.1/client/node_modules/vscode-languageclient/lib/protocolConverter.js:134:31)
[2021-07-21 13:07:39.265] [renderer1] [error] Cannot read property 'kind' of null: TypeError: Cannot read property 'kind' of null
    at asHoverContent (/home/soeren/.vscode/extensions/ardenivanov.svelte-intellisense-0.7.1/client/node_modules/vscode-languageclient/lib/protocolConverter.js:101:27)
    at asHover (/home/soeren/.vscode/extensions/ardenivanov.svelte-intellisense-0.7.1/client/node_modules/vscode-languageclient/lib/protocolConverter.js:134:31)
[2021-07-21 13:07:48.843] [renderer1] [error] Illegal argument: value: Error: Illegal argument: value
    at Object.P [as illegalArgument] (/opt/visual-studio-code/resources/app/out/vs/workbench/services/extensions/node/extensionHostProcess.js:5:1232)
    at new y (/opt/visual-studio-code/resources/app/out/vs/workbench/services/extensions/node/extensionHostProcess.js:60:5485)
    at new v (/opt/visual-studio-code/resources/app/out/vs/workbench/services/extensions/node/extensionHostProcess.js:77:30269)
    at new v (/opt/visual-studio-code/resources/app/out/vs/workbench/services/extensions/node/extensionHostProcess.js:77:15222)
    at asHoverContent (/home/soeren/.vscode/extensions/ardenivanov.svelte-intellisense-0.7.1/client/node_modules/vscode-languageclient/lib/protocolConverter.js:103:28)
    at asHover (/home/soeren/.vscode/extensions/ardenivanov.svelte-intellisense-0.7.1/client/node_modules/vscode-languageclient/lib/protocolConverter.js:134:31)
[2021-07-21 13:07:51.480] [renderer1] [error] Cannot read property 'kind' of null: TypeError: Cannot read property 'kind' of null
    at asHoverContent (/home/soeren/.vscode/extensions/ardenivanov.svelte-intellisense-0.7.1/client/node_modules/vscode-languageclient/lib/protocolConverter.js:101:27)
    at asHover (/home/soeren/.vscode/extensions/ardenivanov.svelte-intellisense-0.7.1/client/node_modules/vscode-languageclient/lib/protocolConverter.js:134:31)
[2021-07-21 13:07:56.099] [renderer1] [error] Illegal argument: value: Error: Illegal argument: value
    at Object.P [as illegalArgument] (/opt/visual-studio-code/resources/app/out/vs/workbench/services/extensions/node/extensionHostProcess.js:5:1232)
    at new y (/opt/visual-studio-code/resources/app/out/vs/workbench/services/extensions/node/extensionHostProcess.js:60:5485)
    at new v (/opt/visual-studio-code/resources/app/out/vs/workbench/services/extensions/node/extensionHostProcess.js:77:30269)
    at new v (/opt/visual-studio-code/resources/app/out/vs/workbench/services/extensions/node/extensionHostProcess.js:77:15222)
    at asHoverContent (/home/soeren/.vscode/extensions/ardenivanov.svelte-intellisense-0.7.1/client/node_modules/vscode-languageclient/lib/protocolConverter.js:103:28)
    at asHover (/home/soeren/.vscode/extensions/ardenivanov.svelte-intellisense-0.7.1/client/node_modules/vscode-languageclient/lib/protocolConverter.js:134:31)
[2021-07-21 13:07:56.398] [renderer1] [error] Cannot read property 'kind' of null: TypeError: Cannot read property 'kind' of null
    at asHoverContent (/home/soeren/.vscode/extensions/ardenivanov.svelte-intellisense-0.7.1/client/node_modules/vscode-languageclient/lib/protocolConverter.js:101:27)
    at asHover (/home/soeren/.vscode/extensions/ardenivanov.svelte-intellisense-0.7.1/client/node_modules/vscode-languageclient/lib/protocolConverter.js:134:31)
[2021-07-21 13:08:18.376] [renderer1] [error] Cannot read property 'kind' of null: TypeError: Cannot read property 'kind' of null
    at asHoverContent (/home/soeren/.vscode/extensions/ardenivanov.svelte-intellisense-0.7.1/client/node_modules/vscode-languageclient/lib/protocolConverter.js:101:27)
    at asHover (/home/soeren/.vscode/extensions/ardenivanov.svelte-intellisense-0.7.1/client/node_modules/vscode-languageclient/lib/protocolConverter.js:134:31)
[2021-07-21 13:08:21.939] [renderer1] [error] Illegal argument: value: Error: Illegal argument: value
    at Object.P [as illegalArgument] (/opt/visual-studio-code/resources/app/out/vs/workbench/services/extensions/node/extensionHostProcess.js:5:1232)
    at new y (/opt/visual-studio-code/resources/app/out/vs/workbench/services/extensions/node/extensionHostProcess.js:60:5485)
    at new v (/opt/visual-studio-code/resources/app/out/vs/workbench/services/extensions/node/extensionHostProcess.js:77:30269)
    at new v (/opt/visual-studio-code/resources/app/out/vs/workbench/services/extensions/node/extensionHostProcess.js:77:15222)
    at asHoverContent (/home/soeren/.vscode/extensions/ardenivanov.svelte-intellisense-0.7.1/client/node_modules/vscode-languageclient/lib/protocolConverter.js:103:28)
    at asHover (/home/soeren/.vscode/extensions/ardenivanov.svelte-intellisense-0.7.1/client/node_modules/vscode-languageclient/lib/protocolConverter.js:134:31)
[2021-07-21 13:08:28.323] [renderer1] [error] Illegal argument: value: Error: Illegal argument: value
    at Object.P [as illegalArgument] (/opt/visual-studio-code/resources/app/out/vs/workbench/services/extensions/node/extensionHostProcess.js:5:1232)
    at new y (/opt/visual-studio-code/resources/app/out/vs/workbench/services/extensions/node/extensionHostProcess.js:60:5485)
    at new v (/opt/visual-studio-code/resources/app/out/vs/workbench/services/extensions/node/extensionHostProcess.js:77:30269)
    at new v (/opt/visual-studio-code/resources/app/out/vs/workbench/services/extensions/node/extensionHostProcess.js:77:15222)
    at asHoverContent (/home/soeren/.vscode/extensions/ardenivanov.svelte-intellisense-0.7.1/client/node_modules/vscode-languageclient/lib/protocolConverter.js:103:28)
    at asHover (/home/soeren/.vscode/extensions/ardenivanov.svelte-intellisense-0.7.1/client/node_modules/vscode-languageclient/lib/protocolConverter.js:134:31)
[2021-07-21 13:09:24.857] [renderer1] [error] Cannot read property 'kind' of null: TypeError: Cannot read property 'kind' of null
    at asHoverContent (/home/soeren/.vscode/extensions/ardenivanov.svelte-intellisense-0.7.1/client/node_modules/vscode-languageclient/lib/protocolConverter.js:101:27)
    at asHover (/home/soeren/.vscode/extensions/ardenivanov.svelte-intellisense-0.7.1/client/node_modules/vscode-languageclient/lib/protocolConverter.js:134:31)
[2021-07-21 13:09:26.130] [renderer1] [error] Cannot read property 'kind' of null: TypeError: Cannot read property 'kind' of null
    at asHoverContent (/home/soeren/.vscode/extensions/ardenivanov.svelte-intellisense-0.7.1/client/node_modules/vscode-languageclient/lib/protocolConverter.js:101:27)
    at asHover (/home/soeren/.vscode/extensions/ardenivanov.svelte-intellisense-0.7.1/client/node_modules/vscode-languageclient/lib/protocolConverter.js:134:31)
[2021-07-21 13:09:32.439] [renderer1] [error] Cannot read property 'kind' of null: TypeError: Cannot read property 'kind' of null
    at asHoverContent (/home/soeren/.vscode/extensions/ardenivanov.svelte-intellisense-0.7.1/client/node_modules/vscode-languageclient/lib/protocolConverter.js:101:27)
    at asHover (/home/soeren/.vscode/extensions/ardenivanov.svelte-intellisense-0.7.1/client/node_modules/vscode-languageclient/lib/protocolConverter.js:134:31)
[2021-07-21 13:09:36.723] [renderer1] [error] Illegal argument: value: Error: Illegal argument: value
    at Object.P [as illegalArgument] (/opt/visual-studio-code/resources/app/out/vs/workbench/services/extensions/node/extensionHostProcess.js:5:1232)
    at new y (/opt/visual-studio-code/resources/app/out/vs/workbench/services/extensions/node/extensionHostProcess.js:60:5485)
    at new v (/opt/visual-studio-code/resources/app/out/vs/workbench/services/extensions/node/extensionHostProcess.js:77:30269)
    at new v (/opt/visual-studio-code/resources/app/out/vs/workbench/services/extensions/node/extensionHostProcess.js:77:15222)
    at asHoverContent (/home/soeren/.vscode/extensions/ardenivanov.svelte-intellisense-0.7.1/client/node_modules/vscode-languageclient/lib/protocolConverter.js:103:28)
    at asHover (/home/soeren/.vscode/extensions/ardenivanov.svelte-intellisense-0.7.1/client/node_modules/vscode-languageclient/lib/protocolConverter.js:134:31)
[2021-07-21 13:10:43.346] [renderer1] [error] Illegal argument: value: Error: Illegal argument: value
    at Object.P [as illegalArgument] (/opt/visual-studio-code/resources/app/out/vs/workbench/services/extensions/node/extensionHostProcess.js:5:1232)
    at new y (/opt/visual-studio-code/resources/app/out/vs/workbench/services/extensions/node/extensionHostProcess.js:60:5485)
    at new v (/opt/visual-studio-code/resources/app/out/vs/workbench/services/extensions/node/extensionHostProcess.js:77:30269)
    at new v (/opt/visual-studio-code/resources/app/out/vs/workbench/services/extensions/node/extensionHostProcess.js:77:15222)
    at asHoverContent (/home/soeren/.vscode/extensions/ardenivanov.svelte-intellisense-0.7.1/client/node_modules/vscode-languageclient/lib/protocolConverter.js:103:28)
    at asHover (/home/soeren/.vscode/extensions/ardenivanov.svelte-intellisense-0.7.1/client/node_modules/vscode-languageclient/lib/protocolConverter.js:134:31)
[2021-07-21 13:21:16.891] [renderer1] [error] Cannot read property 'kind' of null: TypeError: Cannot read property 'kind' of null
    at asHoverContent (/home/soeren/.vscode/extensions/ardenivanov.svelte-intellisense-0.7.1/client/node_modules/vscode-languageclient/lib/protocolConverter.js:101:27)
    at asHover (/home/soeren/.vscode/extensions/ardenivanov.svelte-intellisense-0.7.1/client/node_modules/vscode-languageclient/lib/protocolConverter.js:134:31)
[2021-07-21 13:30:32.186] [renderer1] [error] Cannot read property 'kind' of null: TypeError: Cannot read property 'kind' of null
    at asHoverContent (/home/soeren/.vscode/extensions/ardenivanov.svelte-intellisense-0.7.1/client/node_modules/vscode-languageclient/lib/protocolConverter.js:101:27)
    at asHover (/home/soeren/.vscode/extensions/ardenivanov.svelte-intellisense-0.7.1/client/node_modules/vscode-languageclient/lib/protocolConverter.js:134:31)
[2021-07-21 13:30:33.934] [renderer1] [error] Cannot read property 'kind' of null: TypeError: Cannot read property 'kind' of null
    at asHoverContent (/home/soeren/.vscode/extensions/ardenivanov.svelte-intellisense-0.7.1/client/node_modules/vscode-languageclient/lib/protocolConverter.js:101:27)
    at asHover (/home/soeren/.vscode/extensions/ardenivanov.svelte-intellisense-0.7.1/client/node_modules/vscode-languageclient/lib/protocolConverter.js:134:31)
[2021-07-21 13:30:37.984] [renderer1] [error] Cannot read property 'kind' of null: TypeError: Cannot read property 'kind' of null
    at asHoverContent (/home/soeren/.vscode/extensions/ardenivanov.svelte-intellisense-0.7.1/client/node_modules/vscode-languageclient/lib/protocolConverter.js:101:27)
    at asHover (/home/soeren/.vscode/extensions/ardenivanov.svelte-intellisense-0.7.1/client/node_modules/vscode-languageclient/lib/protocolConverter.js:134:31)
[2021-07-21 13:30:39.566] [renderer1] [error] Cannot read property 'kind' of null: TypeError: Cannot read property 'kind' of null
    at asHoverContent (/home/soeren/.vscode/extensions/ardenivanov.svelte-intellisense-0.7.1/client/node_modules/vscode-languageclient/lib/protocolConverter.js:101:27)
    at asHover (/home/soeren/.vscode/extensions/ardenivanov.svelte-intellisense-0.7.1/client/node_modules/vscode-languageclient/lib/protocolConverter.js:134:31)
[2021-07-21 13:30:41.212] [renderer1] [error] Cannot read property 'kind' of null: TypeError: Cannot read property 'kind' of null
    at asHoverContent (/home/soeren/.vscode/extensions/ardenivanov.svelte-intellisense-0.7.1/client/node_modules/vscode-languageclient/lib/protocolConverter.js:101:27)
    at asHover (/home/soeren/.vscode/extensions/ardenivanov.svelte-intellisense-0.7.1/client/node_modules/vscode-languageclient/lib/protocolConverter.js:134:31)
[2021-07-21 14:17:56.516] [renderer1] [error] ENOENT: no such file or directory, open '/home/soeren/.config/Code/User/globalStorage/vscodevim.vim/.registers': Error: ENOENT: no such file or directory, open '/home/soeren/.config/Code/User/globalStorage/vscodevim.vim/.registers'
[2021-07-21 14:40:46.476] [renderer1] [error] Cannot read property 'kind' of null: TypeError: Cannot read property 'kind' of null
    at asHoverContent (/home/soeren/.vscode/extensions/ardenivanov.svelte-intellisense-0.7.1/client/node_modules/vscode-languageclient/lib/protocolConverter.js:101:27)
    at asHover (/home/soeren/.vscode/extensions/ardenivanov.svelte-intellisense-0.7.1/client/node_modules/vscode-languageclient/lib/protocolConverter.js:134:31)
[2021-07-21 14:40:49.723] [renderer1] [error] Cannot read property 'kind' of null: TypeError: Cannot read property 'kind' of null
    at asHoverContent (/home/soeren/.vscode/extensions/ardenivanov.svelte-intellisense-0.7.1/client/node_modules/vscode-languageclient/lib/protocolConverter.js:101:27)
    at asHover (/home/soeren/.vscode/extensions/ardenivanov.svelte-intellisense-0.7.1/client/node_modules/vscode-languageclient/lib/protocolConverter.js:134:31)
[2021-07-21 14:40:51.662] [renderer1] [error] Cannot read property 'kind' of null: TypeError: Cannot read property 'kind' of null
    at asHoverContent (/home/soeren/.vscode/extensions/ardenivanov.svelte-intellisense-0.7.1/client/node_modules/vscode-languageclient/lib/protocolConverter.js:101:27)
    at asHover (/home/soeren/.vscode/extensions/ardenivanov.svelte-intellisense-0.7.1/client/node_modules/vscode-languageclient/lib/protocolConverter.js:134:31)
[2021-07-21 14:41:01.329] [renderer1] [error] Cannot read property 'kind' of null: TypeError: Cannot read property 'kind' of null
    at asHoverContent (/home/soeren/.vscode/extensions/ardenivanov.svelte-intellisense-0.7.1/client/node_modules/vscode-languageclient/lib/protocolConverter.js:101:27)
    at asHover (/home/soeren/.vscode/extensions/ardenivanov.svelte-intellisense-0.7.1/client/node_modules/vscode-languageclient/lib/protocolConverter.js:134:31)
[2021-07-21 15:02:03.375] [renderer1] [error] Cannot read property 'kind' of null: TypeError: Cannot read property 'kind' of null
    at asHoverContent (/home/soeren/.vscode/extensions/ardenivanov.svelte-intellisense-0.7.1/client/node_modules/vscode-languageclient/lib/protocolConverter.js:101:27)
    at asHover (/home/soeren/.vscode/extensions/ardenivanov.svelte-intellisense-0.7.1/client/node_modules/vscode-languageclient/lib/protocolConverter.js:134:31)
[2021-07-21 15:02:05.070] [renderer1] [error] Cannot read property 'kind' of null: TypeError: Cannot read property 'kind' of null
    at asHoverContent (/home/soeren/.vscode/extensions/ardenivanov.svelte-intellisense-0.7.1/client/node_modules/vscode-languageclient/lib/protocolConverter.js:101:27)
    at asHover (/home/soeren/.vscode/extensions/ardenivanov.svelte-intellisense-0.7.1/client/node_modules/vscode-languageclient/lib/protocolConverter.js:134:31)
[2021-07-21 15:02:06.191] [renderer1] [error] Cannot read property 'kind' of null: TypeError: Cannot read property 'kind' of null
    at asHoverContent (/home/soeren/.vscode/extensions/ardenivanov.svelte-intellisense-0.7.1/client/node_modules/vscode-languageclient/lib/protocolConverter.js:101:27)
    at asHover (/home/soeren/.vscode/extensions/ardenivanov.svelte-intellisense-0.7.1/client/node_modules/vscode-languageclient/lib/protocolConverter.js:134:31)
[2021-07-21 15:02:07.573] [renderer1] [error] Cannot read property 'kind' of null: TypeError: Cannot read property 'kind' of null
    at asHoverContent (/home/soeren/.vscode/extensions/ardenivanov.svelte-intellisense-0.7.1/client/node_modules/vscode-languageclient/lib/protocolConverter.js:101:27)
    at asHover (/home/soeren/.vscode/extensions/ardenivanov.svelte-intellisense-0.7.1/client/node_modules/vscode-languageclient/lib/protocolConverter.js:134:31)
[2021-07-21 15:02:08.705] [renderer1] [error] Cannot read property 'kind' of null: TypeError: Cannot read property 'kind' of null
    at asHoverContent (/home/soeren/.vscode/extensions/ardenivanov.svelte-intellisense-0.7.1/client/node_modules/vscode-languageclient/lib/protocolConverter.js:101:27)
    at asHover (/home/soeren/.vscode/extensions/ardenivanov.svelte-intellisense-0.7.1/client/node_modules/vscode-languageclient/lib/protocolConverter.js:134:31)
[2021-07-21 15:02:10.675] [renderer1] [error] Cannot read property 'kind' of null: TypeError: Cannot read property 'kind' of null
    at asHoverContent (/home/soeren/.vscode/extensions/ardenivanov.svelte-intellisense-0.7.1/client/node_modules/vscode-languageclient/lib/protocolConverter.js:101:27)
    at asHover (/home/soeren/.vscode/extensions/ardenivanov.svelte-intellisense-0.7.1/client/node_modules/vscode-languageclient/lib/protocolConverter.js:134:31)
[2021-07-21 15:02:13.038] [renderer1] [error] Cannot read property 'kind' of null: TypeError: Cannot read property 'kind' of null
    at asHoverContent (/home/soeren/.vscode/extensions/ardenivanov.svelte-intellisense-0.7.1/client/node_modules/vscode-languageclient/lib/protocolConverter.js:101:27)
    at asHover (/home/soeren/.vscode/extensions/ardenivanov.svelte-intellisense-0.7.1/client/node_modules/vscode-languageclient/lib/protocolConverter.js:134:31)
[2021-07-21 15:08:46.045] [renderer1] [error] Cannot read property 'kind' of null: TypeError: Cannot read property 'kind' of null
    at asHoverContent (/home/soeren/.vscode/extensions/ardenivanov.svelte-intellisense-0.7.1/client/node_modules/vscode-languageclient/lib/protocolConverter.js:101:27)
    at asHover (/home/soeren/.vscode/extensions/ardenivanov.svelte-intellisense-0.7.1/client/node_modules/vscode-languageclient/lib/protocolConverter.js:134:31)
[2021-07-21 15:11:04.187] [renderer1] [error] ListError [KeybindingsEditor] Invalid index 0: Error: ListError [KeybindingsEditor] Invalid index 0
    at $.setFocus (vscode-file://vscode-app/opt/visual-studio-code/resources/app/out/vs/workbench/workbench.desktop.main.js:142:10233)
    at B.setFocus (vscode-file://vscode-app/opt/visual-studio-code/resources/app/out/vs/workbench/workbench.desktop.main.js:146:310)
    at xo.selectEntry (vscode-file://vscode-app/opt/visual-studio-code/resources/app/out/vs/workbench/workbench.desktop.main.js:2173:29891)
    at xo.search (vscode-file://vscode-app/opt/visual-studio-code/resources/app/out/vs/workbench/workbench.desktop.main.js:2173:20769)
    at N.openGlobalKeybindingSettings (vscode-file://vscode-app/opt/visual-studio-code/resources/app/out/vs/workbench/workbench.desktop.main.js:2176:780)
