[2021-07-21 11:21:32.716] [sharedprocess] [info] Deleted from disk asvetliakov.vscode-neovim /home/soeren/.vscode/extensions/asvetliakov.vscode-neovim-0.0.82
[2021-07-21 11:21:42.345] [sharedprocess] [info] [logs cleanup]: Starting to clean up old logs.
[2021-07-21 11:21:42.346] [sharedprocess] [info] [logs cleanup]: Removing log folders '20210720T190236'
[2021-07-21 11:22:02.345] [sharedprocess] [info] [code cache cleanup]: Starting to clean up old code cache folders.
[2021-07-21 11:22:02.345] [sharedprocess] [info] [storage cleanup]: Starting to clean up storage folders.
[2021-07-21 11:22:12.345] [sharedprocess] [info] [language pack cache cleanup]: Starting to clean up unused language packs.
[2021-07-21 11:22:12.346] [sharedprocess] [info] [language pack cache cleanup]: Skipping folder 001de9834a40fbde62f409a308aee70e.de. Language pack still in use.
[2021-07-21 11:25:44.350] [sharedprocess] [info] Installing extension: bradlc.vscode-tailwindcss
[2021-07-21 11:25:44.474] [sharedprocess] [info] Downloaded extension: bradlc.vscode-tailwindcss /home/soeren/.config/Code/CachedExtensionVSIXs/bradlc.vscode-tailwindcss-0.6.13
[2021-07-21 11:25:44.511] [sharedprocess] [info] Extracted extension to /home/soeren/.vscode/extensions/.9475a493-92a3-4bc8-8c84-fe011e8d1305: bradlc.vscode-tailwindcss
[2021-07-21 11:25:44.515] [sharedprocess] [info] Renamed to /home/soeren/.vscode/extensions/bradlc.vscode-tailwindcss-0.6.13
[2021-07-21 11:25:44.516] [sharedprocess] [info] Installation completed. bradlc.vscode-tailwindcss
[2021-07-21 11:25:44.519] [sharedprocess] [info] Extensions installed successfully: bradlc.vscode-tailwindcss
[2021-07-21 11:36:30.094] [sharedprocess] [info] Installing extension: esbenp.prettier-vscode
[2021-07-21 11:36:32.063] [sharedprocess] [info] Downloaded extension: esbenp.prettier-vscode /home/soeren/.config/Code/CachedExtensionVSIXs/esbenp.prettier-vscode-8.0.1
[2021-07-21 11:36:32.290] [sharedprocess] [info] Extracted extension to /home/soeren/.vscode/extensions/.396c5de1-a40e-4e32-82ed-e7f341461c40: esbenp.prettier-vscode
[2021-07-21 11:36:32.295] [sharedprocess] [info] Renamed to /home/soeren/.vscode/extensions/esbenp.prettier-vscode-8.0.1
[2021-07-21 11:36:32.296] [sharedprocess] [info] Installation completed. esbenp.prettier-vscode
[2021-07-21 11:36:32.298] [sharedprocess] [info] Extensions installed successfully: esbenp.prettier-vscode
[2021-07-21 11:38:59.201] [sharedprocess] [info] Installing extension: ms-azuretools.vscode-docker
[2021-07-21 11:38:59.368] [sharedprocess] [info] Downloaded extension: ms-azuretools.vscode-docker /home/soeren/.config/Code/CachedExtensionVSIXs/ms-azuretools.vscode-docker-1.15.0
[2021-07-21 11:38:59.479] [sharedprocess] [info] Extracted extension to /home/soeren/.vscode/extensions/.385db057-cb42-4108-a95f-3863fdce037b: ms-azuretools.vscode-docker
[2021-07-21 11:38:59.485] [sharedprocess] [info] Renamed to /home/soeren/.vscode/extensions/ms-azuretools.vscode-docker-1.15.0
[2021-07-21 11:38:59.487] [sharedprocess] [info] Installation completed. ms-azuretools.vscode-docker
[2021-07-21 11:38:59.493] [sharedprocess] [info] Extensions installed successfully: ms-azuretools.vscode-docker
[2021-07-21 14:17:59.597] [sharedprocess] [info] Installing extension: ms-python.python
[2021-07-21 14:18:01.195] [sharedprocess] [info] Installing extension: ms-toolsai.jupyter
[2021-07-21 14:18:01.195] [sharedprocess] [info] Installing extension: ms-python.vscode-pylance
[2021-07-21 14:18:01.263] [sharedprocess] [info] Downloaded extension: ms-toolsai.jupyter /home/soeren/.config/Code/CachedExtensionVSIXs/ms-toolsai.jupyter-2021.8.1046824664
[2021-07-21 14:18:02.096] [sharedprocess] [info] Extracted extension to /home/soeren/.vscode/extensions/.7afb444f-e72d-4ada-8ed1-72240777f57c: ms-toolsai.jupyter
[2021-07-21 14:18:02.102] [sharedprocess] [info] Renamed to /home/soeren/.vscode/extensions/ms-toolsai.jupyter-2021.8.1046824664
[2021-07-21 14:18:02.104] [sharedprocess] [info] Installation completed. ms-toolsai.jupyter
[2021-07-21 14:18:02.109] [sharedprocess] [info] Extensions installed successfully: ms-toolsai.jupyter
[2021-07-21 14:18:03.778] [sharedprocess] [info] Downloaded extension: ms-python.python /home/soeren/.config/Code/CachedExtensionVSIXs/ms-python.python-2021.7.1050252941
[2021-07-21 14:18:06.324] [sharedprocess] [info] Extracted extension to /home/soeren/.vscode/extensions/.62bacf81-6a4f-4720-80b3-4eb16e556d0e: ms-python.python
[2021-07-21 14:18:06.337] [sharedprocess] [info] Renamed to /home/soeren/.vscode/extensions/ms-python.python-2021.7.1050252941
[2021-07-21 14:18:06.339] [sharedprocess] [info] Installation completed. ms-python.python
[2021-07-21 14:18:06.344] [sharedprocess] [info] Extensions installed successfully: ms-python.python
[2021-07-21 14:18:06.403] [sharedprocess] [info] Downloaded extension: ms-python.vscode-pylance /home/soeren/.config/Code/CachedExtensionVSIXs/ms-python.vscode-pylance-2021.7.4
[2021-07-21 14:18:08.170] [sharedprocess] [info] Extracted extension to /home/soeren/.vscode/extensions/.75d04246-2488-4c59-af35-5ff15748a027: ms-python.vscode-pylance
[2021-07-21 14:18:08.179] [sharedprocess] [info] Renamed to /home/soeren/.vscode/extensions/ms-python.vscode-pylance-2021.7.4
[2021-07-21 14:18:08.181] [sharedprocess] [info] Installation completed. ms-python.vscode-pylance
[2021-07-21 14:18:08.185] [sharedprocess] [info] Extensions installed successfully: ms-python.vscode-pylance
[2021-07-21 14:51:18.142] [sharedprocess] [warning] Resolved variables received without matching request 196
[2021-07-21 14:51:18.145] [sharedprocess] [warning] Resolved variables received without matching request 197
[2021-07-21 14:51:18.145] [sharedprocess] [warning] Resolved variables received without matching request 198
[2021-07-21 14:51:18.147] [sharedprocess] [warning] Resolved variables received without matching request 199
[2021-07-21 14:51:18.148] [sharedprocess] [warning] Resolved variables received without matching request 200
[2021-07-21 14:51:20.126] [sharedprocess] [warning] Resolved variables received without matching request 201
[2021-07-21 14:51:20.128] [sharedprocess] [warning] Resolved variables received without matching request 202
[2021-07-21 14:51:20.130] [sharedprocess] [warning] Resolved variables received without matching request 203
[2021-07-21 14:51:20.134] [sharedprocess] [warning] Resolved variables received without matching request 204
[2021-07-21 14:51:20.135] [sharedprocess] [warning] Resolved variables received without matching request 205
[2021-07-21 14:51:41.277] [sharedprocess] [warning] Resolved variables received without matching request 206
[2021-07-21 14:51:41.297] [sharedprocess] [warning] Resolved variables received without matching request 207
[2021-07-21 14:51:41.307] [sharedprocess] [warning] Resolved variables received without matching request 208
[2021-07-21 14:51:41.360] [sharedprocess] [warning] Resolved variables received without matching request 209
[2021-07-21 14:51:41.423] [sharedprocess] [warning] Resolved variables received without matching request 210
[2021-07-21 14:51:43.229] [sharedprocess] [warning] Resolved variables received without matching request 211
[2021-07-21 14:51:43.250] [sharedprocess] [warning] Resolved variables received without matching request 212
[2021-07-21 14:51:43.251] [sharedprocess] [warning] Resolved variables received without matching request 213
[2021-07-21 14:51:43.267] [sharedprocess] [warning] Resolved variables received without matching request 214
[2021-07-21 14:51:43.267] [sharedprocess] [warning] Resolved variables received without matching request 215
[2021-07-21 14:52:05.633] [sharedprocess] [warning] Resolved variables received without matching request 216
[2021-07-21 14:52:05.633] [sharedprocess] [warning] Resolved variables received without matching request 217
[2021-07-21 14:52:05.633] [sharedprocess] [warning] Resolved variables received without matching request 218
[2021-07-21 14:52:05.634] [sharedprocess] [warning] Resolved variables received without matching request 219
[2021-07-21 14:52:05.634] [sharedprocess] [warning] Resolved variables received without matching request 220
[2021-07-21 14:52:07.502] [sharedprocess] [warning] Resolved variables received without matching request 221
[2021-07-21 14:52:07.505] [sharedprocess] [warning] Resolved variables received without matching request 222
[2021-07-21 14:52:07.508] [sharedprocess] [warning] Resolved variables received without matching request 223
[2021-07-21 14:52:07.509] [sharedprocess] [warning] Resolved variables received without matching request 224
[2021-07-21 14:52:07.511] [sharedprocess] [warning] Resolved variables received without matching request 225
[2021-07-21 14:55:15.053] [sharedprocess] [warning] Resolved variables received without matching request 226
[2021-07-21 14:55:15.057] [sharedprocess] [warning] Resolved variables received without matching request 227
[2021-07-21 14:55:15.058] [sharedprocess] [warning] Resolved variables received without matching request 228
[2021-07-21 14:55:15.059] [sharedprocess] [warning] Resolved variables received without matching request 229
[2021-07-21 14:55:15.059] [sharedprocess] [warning] Resolved variables received without matching request 230
[2021-07-21 14:55:17.034] [sharedprocess] [warning] Resolved variables received without matching request 231
[2021-07-21 14:55:17.036] [sharedprocess] [warning] Resolved variables received without matching request 232
[2021-07-21 14:55:17.037] [sharedprocess] [warning] Resolved variables received without matching request 233
[2021-07-21 14:55:17.039] [sharedprocess] [warning] Resolved variables received without matching request 234
[2021-07-21 14:55:17.040] [sharedprocess] [warning] Resolved variables received without matching request 235
[2021-07-21 15:08:45.102] [sharedprocess] [warning] Resolved variables received without matching request 236
[2021-07-21 15:08:45.102] [sharedprocess] [warning] Resolved variables received without matching request 237
[2021-07-21 15:08:45.102] [sharedprocess] [warning] Resolved variables received without matching request 238
[2021-07-21 15:08:45.103] [sharedprocess] [warning] Resolved variables received without matching request 239
[2021-07-21 15:08:45.103] [sharedprocess] [warning] Resolved variables received without matching request 240
[2021-07-21 15:08:47.058] [sharedprocess] [warning] Resolved variables received without matching request 241
[2021-07-21 15:08:47.060] [sharedprocess] [warning] Resolved variables received without matching request 242
[2021-07-21 15:08:47.062] [sharedprocess] [warning] Resolved variables received without matching request 243
[2021-07-21 15:08:47.064] [sharedprocess] [warning] Resolved variables received without matching request 244
[2021-07-21 15:08:47.067] [sharedprocess] [warning] Resolved variables received without matching request 245
[2021-07-21 15:09:20.999] [sharedprocess] [warning] Resolved variables received without matching request 246
[2021-07-21 15:09:21.014] [sharedprocess] [warning] Resolved variables received without matching request 247
[2021-07-21 15:09:21.014] [sharedprocess] [warning] Resolved variables received without matching request 248
[2021-07-21 15:09:21.014] [sharedprocess] [warning] Resolved variables received without matching request 249
[2021-07-21 15:09:21.015] [sharedprocess] [warning] Resolved variables received without matching request 250
[2021-07-21 15:09:22.961] [sharedprocess] [warning] Resolved variables received without matching request 251
[2021-07-21 15:09:22.964] [sharedprocess] [warning] Resolved variables received without matching request 252
[2021-07-21 15:09:22.967] [sharedprocess] [warning] Resolved variables received without matching request 253
[2021-07-21 15:09:22.969] [sharedprocess] [warning] Resolved variables received without matching request 254
[2021-07-21 15:09:22.970] [sharedprocess] [warning] Resolved variables received without matching request 255
[2021-07-21 15:11:00.100] [sharedprocess] [warning] Resolved variables received without matching request 256
[2021-07-21 15:11:00.102] [sharedprocess] [warning] Resolved variables received without matching request 257
[2021-07-21 15:11:00.102] [sharedprocess] [warning] Resolved variables received without matching request 258
[2021-07-21 15:11:00.103] [sharedprocess] [warning] Resolved variables received without matching request 259
[2021-07-21 15:11:00.104] [sharedprocess] [warning] Resolved variables received without matching request 260
[2021-07-21 15:11:02.014] [sharedprocess] [warning] Resolved variables received without matching request 261
[2021-07-21 15:11:02.017] [sharedprocess] [warning] Resolved variables received without matching request 262
[2021-07-21 15:11:02.019] [sharedprocess] [warning] Resolved variables received without matching request 263
[2021-07-21 15:11:02.021] [sharedprocess] [warning] Resolved variables received without matching request 264
[2021-07-21 15:11:02.023] [sharedprocess] [warning] Resolved variables received without matching request 265
[2021-07-21 15:11:11.886] [sharedprocess] [warning] Resolved variables received without matching request 266
[2021-07-21 15:11:11.886] [sharedprocess] [warning] Resolved variables received without matching request 267
[2021-07-21 15:11:11.886] [sharedprocess] [warning] Resolved variables received without matching request 268
[2021-07-21 15:11:11.887] [sharedprocess] [warning] Resolved variables received without matching request 269
[2021-07-21 15:11:11.887] [sharedprocess] [warning] Resolved variables received without matching request 270
[2021-07-21 15:11:13.816] [sharedprocess] [warning] Resolved variables received without matching request 271
[2021-07-21 15:11:13.818] [sharedprocess] [warning] Resolved variables received without matching request 272
[2021-07-21 15:11:13.820] [sharedprocess] [warning] Resolved variables received without matching request 273
[2021-07-21 15:11:13.823] [sharedprocess] [warning] Resolved variables received without matching request 274
[2021-07-21 15:11:13.824] [sharedprocess] [warning] Resolved variables received without matching request 275
[2021-07-21 15:11:15.816] [sharedprocess] [warning] Resolved variables received without matching request 276
[2021-07-21 15:11:15.818] [sharedprocess] [warning] Resolved variables received without matching request 277
[2021-07-21 15:11:15.821] [sharedprocess] [warning] Resolved variables received without matching request 278
[2021-07-21 15:11:15.822] [sharedprocess] [warning] Resolved variables received without matching request 279
[2021-07-21 15:11:15.825] [sharedprocess] [warning] Resolved variables received without matching request 280
[2021-07-21 15:11:17.816] [sharedprocess] [warning] Resolved variables received without matching request 281
[2021-07-21 15:11:17.819] [sharedprocess] [warning] Resolved variables received without matching request 282
[2021-07-21 15:11:17.821] [sharedprocess] [warning] Resolved variables received without matching request 283
[2021-07-21 15:11:17.823] [sharedprocess] [warning] Resolved variables received without matching request 284
[2021-07-21 15:11:17.824] [sharedprocess] [warning] Resolved variables received without matching request 285
[2021-07-21 15:12:29.488] [sharedprocess] [warning] Resolved variables received without matching request 286
[2021-07-21 15:12:29.498] [sharedprocess] [warning] Resolved variables received without matching request 287
[2021-07-21 15:12:29.498] [sharedprocess] [warning] Resolved variables received without matching request 288
[2021-07-21 15:12:29.499] [sharedprocess] [warning] Resolved variables received without matching request 289
[2021-07-21 15:12:29.499] [sharedprocess] [warning] Resolved variables received without matching request 290
[2021-07-21 15:12:31.485] [sharedprocess] [warning] Resolved variables received without matching request 291
[2021-07-21 15:12:31.487] [sharedprocess] [warning] Resolved variables received without matching request 292
[2021-07-21 15:12:31.489] [sharedprocess] [warning] Resolved variables received without matching request 293
[2021-07-21 15:12:31.491] [sharedprocess] [warning] Resolved variables received without matching request 294
[2021-07-21 15:12:31.492] [sharedprocess] [warning] Resolved variables received without matching request 295
[2021-07-21 15:24:43.476] [sharedprocess] [warning] Resolved variables received without matching request 296
[2021-07-21 15:24:43.478] [sharedprocess] [warning] Resolved variables received without matching request 297
[2021-07-21 15:24:43.480] [sharedprocess] [warning] Resolved variables received without matching request 298
[2021-07-21 15:24:43.481] [sharedprocess] [warning] Resolved variables received without matching request 299
[2021-07-21 15:24:43.483] [sharedprocess] [warning] Resolved variables received without matching request 300
[2021-07-21 15:24:45.474] [sharedprocess] [warning] Resolved variables received without matching request 301
[2021-07-21 15:24:45.477] [sharedprocess] [warning] Resolved variables received without matching request 302
[2021-07-21 15:24:45.479] [sharedprocess] [warning] Resolved variables received without matching request 303
[2021-07-21 15:24:45.481] [sharedprocess] [warning] Resolved variables received without matching request 304
[2021-07-21 15:24:45.484] [sharedprocess] [warning] Resolved variables received without matching request 305
[2021-07-21 19:02:22.118] [sharedprocess] [info] Installing extension: xabikos.javascriptsnippets
[2021-07-21 19:02:23.306] [sharedprocess] [info] Downloaded extension: xabikos.javascriptsnippets /home/soeren/.config/Code/CachedExtensionVSIXs/xabikos.javascriptsnippets-1.8.0
[2021-07-21 19:02:23.317] [sharedprocess] [info] Extracted extension to /home/soeren/.vscode/extensions/.61c632e4-f0cf-4a40-ba00-4afa2576afd9: xabikos.javascriptsnippets
[2021-07-21 19:02:23.320] [sharedprocess] [info] Renamed to /home/soeren/.vscode/extensions/xabikos.javascriptsnippets-1.8.0
[2021-07-21 19:02:23.321] [sharedprocess] [info] Installation completed. xabikos.javascriptsnippets
[2021-07-21 19:02:23.323] [sharedprocess] [info] Extensions installed successfully: xabikos.javascriptsnippets
[2021-07-21 19:03:44.713] [sharedprocess] [info] Installing extension: frhtylcn.pythonsnippets
[2021-07-21 19:03:46.429] [sharedprocess] [info] Downloaded extension: frhtylcn.pythonsnippets /home/soeren/.config/Code/CachedExtensionVSIXs/frhtylcn.pythonsnippets-1.0.2
[2021-07-21 19:03:46.549] [sharedprocess] [info] Extracted extension to /home/soeren/.vscode/extensions/.65a5349b-01cd-44db-bf83-7ce87d79604d: frhtylcn.pythonsnippets
[2021-07-21 19:03:46.553] [sharedprocess] [info] Renamed to /home/soeren/.vscode/extensions/frhtylcn.pythonsnippets-1.0.2
[2021-07-21 19:03:46.554] [sharedprocess] [info] Installation completed. frhtylcn.pythonsnippets
[2021-07-21 19:03:46.557] [sharedprocess] [info] Extensions installed successfully: frhtylcn.pythonsnippets
