[2021-07-22 22:57:31.096] [settingssync] [info] Using settings sync service https://vscode-sync.trafficmanager.net/
[2021-07-22 22:57:31.096] [settingssync] [info] Auto Sync is enabled.
[2021-07-22 22:57:31.096] [settingssync] [info] Auto Sync: Suspended until auth token is available.
[2021-07-22 22:57:35.964] [settingssync] [info] Auto Sync: Started
[2021-07-22 22:57:35.965] [settingssync] [info] Auto Sync: Triggered by Interval
[2021-07-22 22:57:37.325] [settingssync] [info] Settings: No changes found during synchronizing settings.
[2021-07-22 22:57:37.373] [settingssync] [info] Keybindings: No changes found during synchronizing keybindings.
[2021-07-22 22:57:37.411] [settingssync] [info] Snippets: No changes found during synchronizing snippets.
[2021-07-22 22:57:37.447] [settingssync] [info] GlobalState: No changes found during synchronizing ui state.
[2021-07-22 22:57:37.509] [settingssync] [info] Extensions: No changes found during synchronizing extensions.
[2021-07-22 22:57:37.510] [settingssync] [info] Sync done. Took 218ms
[2021-07-22 22:57:58.453] [settingssync] [info] Auto Sync: Triggered by Activity
[2021-07-22 22:57:58.532] [settingssync] [info] Settings: No changes found during synchronizing settings.
[2021-07-22 22:57:58.539] [settingssync] [info] Keybindings: No changes found during synchronizing keybindings.
[2021-07-22 22:57:58.545] [settingssync] [info] Snippets: No changes found during synchronizing snippets.
[2021-07-22 22:57:58.621] [settingssync] [info] GlobalState: No changes found during synchronizing ui state.
[2021-07-22 22:57:58.693] [settingssync] [info] Extensions: No changes found during synchronizing extensions.
[2021-07-22 22:57:58.694] [settingssync] [info] Sync done. Took 175ms
[2021-07-22 22:59:43.494] [settingssync] [info] Auto Sync: Triggered by Activity
[2021-07-22 22:59:43.574] [settingssync] [info] Settings: No changes found during synchronizing settings.
[2021-07-22 22:59:43.579] [settingssync] [info] Keybindings: No changes found during synchronizing keybindings.
[2021-07-22 22:59:43.583] [settingssync] [info] Snippets: No changes found during synchronizing snippets.
[2021-07-22 22:59:43.614] [settingssync] [info] GlobalState: No changes found during synchronizing ui state.
[2021-07-22 22:59:43.680] [settingssync] [info] Extensions: No changes found during synchronizing extensions.
[2021-07-22 22:59:43.681] [settingssync] [info] Sync done. Took 123ms
[2021-07-22 23:00:02.160] [settingssync] [info] Auto Sync: Triggered by Activity
[2021-07-22 23:00:02.237] [settingssync] [info] Settings: No changes found during synchronizing settings.
[2021-07-22 23:00:02.243] [settingssync] [info] Keybindings: No changes found during synchronizing keybindings.
[2021-07-22 23:00:02.245] [settingssync] [info] Snippets: No changes found during synchronizing snippets.
[2021-07-22 23:00:02.277] [settingssync] [info] GlobalState: No changes found during synchronizing ui state.
[2021-07-22 23:00:02.337] [settingssync] [info] Extensions: No changes found during synchronizing extensions.
[2021-07-22 23:00:02.337] [settingssync] [info] Sync done. Took 108ms
[2021-07-22 23:01:35.146] [settingssync] [info] Auto Sync: Triggered by Activity
[2021-07-22 23:01:35.218] [settingssync] [info] Settings: No changes found during synchronizing settings.
[2021-07-22 23:01:35.223] [settingssync] [info] Keybindings: No changes found during synchronizing keybindings.
[2021-07-22 23:01:35.234] [settingssync] [info] Snippets: No changes found during synchronizing snippets.
[2021-07-22 23:01:35.287] [settingssync] [info] GlobalState: No changes found during synchronizing ui state.
[2021-07-22 23:01:35.348] [settingssync] [info] Extensions: No changes found during synchronizing extensions.
[2021-07-22 23:01:35.348] [settingssync] [info] Sync done. Took 137ms
[2021-07-22 23:02:07.116] [settingssync] [info] Auto Sync: Triggered by Activity
[2021-07-22 23:02:07.189] [settingssync] [info] Settings: No changes found during synchronizing settings.
[2021-07-22 23:02:07.191] [settingssync] [info] Keybindings: No changes found during synchronizing keybindings.
[2021-07-22 23:02:07.194] [settingssync] [info] Snippets: No changes found during synchronizing snippets.
[2021-07-22 23:02:07.223] [settingssync] [info] GlobalState: No changes found during synchronizing ui state.
[2021-07-22 23:02:07.280] [settingssync] [info] Extensions: No changes found during synchronizing extensions.
[2021-07-22 23:02:07.281] [settingssync] [info] Sync done. Took 99ms
[2021-07-22 23:03:06.723] [settingssync] [info] Auto Sync: Triggered by Activity
[2021-07-22 23:03:06.799] [settingssync] [info] Settings: No changes found during synchronizing settings.
[2021-07-22 23:03:06.808] [settingssync] [info] Keybindings: No changes found during synchronizing keybindings.
[2021-07-22 23:03:06.815] [settingssync] [info] Snippets: No changes found during synchronizing snippets.
[2021-07-22 23:03:06.869] [settingssync] [info] GlobalState: No changes found during synchronizing ui state.
[2021-07-22 23:03:06.948] [settingssync] [info] Extensions: No changes found during synchronizing extensions.
[2021-07-22 23:03:06.949] [settingssync] [info] Sync done. Took 161ms
[2021-07-22 23:05:07.604] [settingssync] [info] Auto Sync: Triggered by Activity
[2021-07-22 23:05:07.680] [settingssync] [info] Settings: No changes found during synchronizing settings.
[2021-07-22 23:05:07.685] [settingssync] [info] Keybindings: No changes found during synchronizing keybindings.
[2021-07-22 23:05:07.687] [settingssync] [info] Snippets: No changes found during synchronizing snippets.
[2021-07-22 23:05:07.715] [settingssync] [info] GlobalState: No changes found during synchronizing ui state.
[2021-07-22 23:05:07.771] [settingssync] [info] Extensions: No changes found during synchronizing extensions.
[2021-07-22 23:05:07.772] [settingssync] [info] Sync done. Took 100ms
[2021-07-22 23:10:07.774] [settingssync] [info] Auto Sync: Triggered by Interval
[2021-07-22 23:10:08.904] [settingssync] [info] Settings: No changes found during synchronizing settings.
[2021-07-22 23:10:08.910] [settingssync] [info] Keybindings: No changes found during synchronizing keybindings.
[2021-07-22 23:10:08.913] [settingssync] [info] Snippets: No changes found during synchronizing snippets.
[2021-07-22 23:10:08.953] [settingssync] [info] GlobalState: No changes found during synchronizing ui state.
[2021-07-22 23:10:09.011] [settingssync] [info] Extensions: No changes found during synchronizing extensions.
[2021-07-22 23:10:09.012] [settingssync] [info] Sync done. Took 123ms
[2021-07-22 23:10:36.781] [settingssync] [info] Auto Sync: Triggered by Activity
[2021-07-22 23:10:36.862] [settingssync] [info] Settings: No changes found during synchronizing settings.
[2021-07-22 23:10:36.864] [settingssync] [info] Keybindings: No changes found during synchronizing keybindings.
[2021-07-22 23:10:36.871] [settingssync] [info] Snippets: No changes found during synchronizing snippets.
[2021-07-22 23:10:36.899] [settingssync] [info] GlobalState: No changes found during synchronizing ui state.
[2021-07-22 23:10:36.990] [settingssync] [info] Extensions: No changes found during synchronizing extensions.
[2021-07-22 23:10:36.991] [settingssync] [info] Sync done. Took 132ms
[2021-07-22 23:12:50.981] [settingssync] [info] Auto Sync: Triggered by Activity
[2021-07-22 23:12:51.147] [settingssync] [info] Settings: No changes found during synchronizing settings.
[2021-07-22 23:12:51.151] [settingssync] [info] Keybindings: No changes found during synchronizing keybindings.
[2021-07-22 23:12:51.154] [settingssync] [info] Snippets: No changes found during synchronizing snippets.
[2021-07-22 23:12:51.187] [settingssync] [info] GlobalState: No changes found during synchronizing ui state.
[2021-07-22 23:12:51.249] [settingssync] [info] Extensions: No changes found during synchronizing extensions.
[2021-07-22 23:12:51.250] [settingssync] [info] Sync done. Took 111ms
[2021-07-22 23:17:51.251] [settingssync] [info] Auto Sync: Triggered by Interval
[2021-07-22 23:17:51.414] [settingssync] [info] Settings: No changes found during synchronizing settings.
[2021-07-22 23:17:51.416] [settingssync] [info] Keybindings: No changes found during synchronizing keybindings.
[2021-07-22 23:17:51.419] [settingssync] [info] Snippets: No changes found during synchronizing snippets.
[2021-07-22 23:17:51.447] [settingssync] [info] GlobalState: No changes found during synchronizing ui state.
[2021-07-22 23:17:51.498] [settingssync] [info] Extensions: No changes found during synchronizing extensions.
[2021-07-22 23:17:51.498] [settingssync] [info] Sync done. Took 90ms
[2021-07-22 23:22:37.350] [settingssync] [info] Auto Sync: Triggered by Activity
[2021-07-22 23:22:38.349] [settingssync] [info] Settings: No changes found during synchronizing settings.
[2021-07-22 23:22:38.354] [settingssync] [info] Keybindings: No changes found during synchronizing keybindings.
[2021-07-22 23:22:38.357] [settingssync] [info] Snippets: No changes found during synchronizing snippets.
[2021-07-22 23:22:38.387] [settingssync] [info] GlobalState: No changes found during synchronizing ui state.
