Found Tailwind CSS config file: /home/soeren/Programming/website-redesign/tailwind.config.js
Loaded postcss v7.0.36: /home/soeren/Programming/website-redesign/node_modules/postcss
Loaded tailwindcss v2.2.6: /home/soeren/Programming/website-redesign/node_modules/tailwindcss
[Error - 13:13:24] Tailwind CSS: /home/soeren/Programming/website-redesign/package.json (directory description file): SyntaxError: Unexpected end of JSON input
Error
    at new g (/home/soeren/.vscode/extensions/bradlc.vscode-tailwindcss-0.6.13/dist/server/tailwindServer.js:56:279180)
    at /home/soeren/.vscode/extensions/bradlc.vscode-tailwindcss-0.6.13/dist/server/tailwindServer.js:56:346192
    at Generator.next (<anonymous>)
    at o (/home/soeren/.vscode/extensions/bradlc.vscode-tailwindcss-0.6.13/dist/server/tailwindServer.js:56:339494)
    at processTicksAndRejections (internal/process/task_queues.js:93:5)
[Error - 13:13:26] Tailwind CSS: /home/soeren/Programming/website-redesign/package.json (directory description file): SyntaxError: /home/soeren/Programming/website-redesign/package.json (directory description file): SyntaxError: Unexpected end of JSON input
Error
    at new g (/home/soeren/.vscode/extensions/bradlc.vscode-tailwindcss-0.6.13/dist/server/tailwindServer.js:56:279180)
    at /home/soeren/.vscode/extensions/bradlc.vscode-tailwindcss-0.6.13/dist/server/tailwindServer.js:56:346192
    at Generator.next (<anonymous>)
    at o (/home/soeren/.vscode/extensions/bradlc.vscode-tailwindcss-0.6.13/dist/server/tailwindServer.js:56:339494)
    at processTicksAndRejections (internal/process/task_queues.js:93:5)
[Error - 13:13:54] Tailwind CSS: /home/soeren/Programming/website-redesign/package.json (directory description file): SyntaxError: Unexpected end of JSON input
Error
    at new g (/home/soeren/.vscode/extensions/bradlc.vscode-tailwindcss-0.6.13/dist/server/tailwindServer.js:56:279180)
    at /home/soeren/.vscode/extensions/bradlc.vscode-tailwindcss-0.6.13/dist/server/tailwindServer.js:56:346192
    at Generator.next (<anonymous>)
    at o (/home/soeren/.vscode/extensions/bradlc.vscode-tailwindcss-0.6.13/dist/server/tailwindServer.js:56:339494)
    at processTicksAndRejections (internal/process/task_queues.js:93:5)
[Error - 13:13:56] Tailwind CSS: /home/soeren/Programming/website-redesign/package.json (directory description file): SyntaxError: /home/soeren/Programming/website-redesign/package.json (directory description file): SyntaxError: Unexpected end of JSON input
Error
    at new g (/home/soeren/.vscode/extensions/bradlc.vscode-tailwindcss-0.6.13/dist/server/tailwindServer.js:56:279180)
    at /home/soeren/.vscode/extensions/bradlc.vscode-tailwindcss-0.6.13/dist/server/tailwindServer.js:56:346192
    at Generator.next (<anonymous>)
    at o (/home/soeren/.vscode/extensions/bradlc.vscode-tailwindcss-0.6.13/dist/server/tailwindServer.js:56:339494)
    at processTicksAndRejections (internal/process/task_queues.js:93:5)
[Error - 13:14:03] Tailwind CSS: Can't resolve 'tailwindcss' in '/home/soeren/Programming/website-redesign'
Error
    at new g (/home/soeren/.vscode/extensions/bradlc.vscode-tailwindcss-0.6.13/dist/server/tailwindServer.js:56:279180)
    at /home/soeren/.vscode/extensions/bradlc.vscode-tailwindcss-0.6.13/dist/server/tailwindServer.js:56:346192
    at Generator.next (<anonymous>)
    at o (/home/soeren/.vscode/extensions/bradlc.vscode-tailwindcss-0.6.13/dist/server/tailwindServer.js:56:339494)
    at processTicksAndRejections (internal/process/task_queues.js:93:5)
Found Tailwind CSS config file: /home/soeren/Programming/website-redesign/tailwind.config.js
Loaded postcss v8.3.6: /home/soeren/Programming/website-redesign/node_modules/postcss
Loaded tailwindcss v2.2.6: /home/soeren/Programming/website-redesign/node_modules/tailwindcss
